[01m[0m[01m/home/jorge/ros2_thesis_ws/src/f_vigs_slam/src/GSSlam.cu(251)[0m: [01;31merror[0m: no suitable constructor exists to convert from "uint32_t" to "f_vigs_slam::CameraPose"
              static_cast<uint32_t>(gauss_init_size_px_),
              ^

[01m[0m[01m/home/jorge/ros2_thesis_ws/src/f_vigs_slam/src/GSSlam.cu(253)[0m: [01;31merror[0m: too few arguments in function call
              gauss_init_opacity_);
                                 ^

[01m[0m[01m/home/jorge/ros2_thesis_ws/src/f_vigs_slam/src/GSSlam.cu(379)[0m: [01;31merror[0m: argument of type "float2 *" is incompatible with parameter of type "int"
           thrust::raw_pointer_cast(p_hats_.data()),
           ^

[01m[0m[01m/home/jorge/ros2_thesis_ws/src/f_vigs_slam/src/GSSlam.cu(385)[0m: [01;31merror[0m: too many arguments in function call
           3.0f);
           ^

[01m[0m[01m/home/jorge/ros2_thesis_ws/src/f_vigs_slam/src/GSSlam.cu(455)[0m: [01;31merror[0m: argument of type "float2 *" is incompatible with parameter of type "int"
           thrust::raw_pointer_cast(p_hats_.data()),
           ^

[01m[0m[01m/home/jorge/ros2_thesis_ws/src/f_vigs_slam/src/GSSlam.cu(459)[0m: [01;31merror[0m: too many arguments in function call
           num_tiles_.y);
           ^

[01m[0m[01m/home/jorge/ros2_thesis_ws/src/f_vigs_slam/src/GSSlam.cu(1374)[0m: [01;31merror[0m: identifier "[01mGSS_BLOCK_SIZE[0m" is undefined
              (n_Gaussians + GSS_BLOCK_SIZE - 1) / GSS_BLOCK_SIZE,
                             ^

[01m[0m[01m/home/jorge/ros2_thesis_ws/src/f_vigs_slam/src/GSSlam.cu(1560)[0m: [01;31merror[0m: no operator "[01m[][0m" matches these operands
            operand types are: float3 [ int ]
          camera_pose.position[0] = static_cast<float>(P_cam.x());
                              ^

[01m[0m[01m/home/jorge/ros2_thesis_ws/src/f_vigs_slam/src/GSSlam.cu(1561)[0m: [01;31merror[0m: no operator "[01m[][0m" matches these operands
            operand types are: float3 [ int ]
          camera_pose.position[1] = static_cast<float>(P_cam.y());
                              ^

[01m[0m[01m/home/jorge/ros2_thesis_ws/src/f_vigs_slam/src/GSSlam.cu(1562)[0m: [01;31merror[0m: no operator "[01m[][0m" matches these operands
            operand types are: float3 [ int ]
          camera_pose.position[2] = static_cast<float>(P_cam.z());
                              ^

[01m[0m[01m/home/jorge/ros2_thesis_ws/src/f_vigs_slam/src/GSSlam.cu(1565)[0m: [01;31merror[0m: no operator "[01m[][0m" matches these operands
            operand types are: float4 [ int ]
          camera_pose.orientation[0] = Q_cam_f.x();
                                 ^

[01m[0m[01m/home/jorge/ros2_thesis_ws/src/f_vigs_slam/src/GSSlam.cu(1566)[0m: [01;31merror[0m: no operator "[01m[][0m" matches these operands
            operand types are: float4 [ int ]
          camera_pose.orientation[1] = Q_cam_f.y();
                                 ^

[01m[0m[01m/home/jorge/ros2_thesis_ws/src/f_vigs_slam/src/GSSlam.cu(1567)[0m: [01;31merror[0m: no operator "[01m[][0m" matches these operands
            operand types are: float4 [ int ]
          camera_pose.orientation[2] = Q_cam_f.z();
                                 ^

[01m[0m[01m/home/jorge/ros2_thesis_ws/src/f_vigs_slam/src/GSSlam.cu(1568)[0m: [01;31merror[0m: no operator "[01m[][0m" matches these operands
            operand types are: float4 [ int ]
          camera_pose.orientation[3] = Q_cam_f.w();
                                 ^

14 errors detected in the compilation of "/home/jorge/ros2_thesis_ws/src/f_vigs_slam/src/GSSlam.cu".
gmake[2]: *** [CMakeFiles/GSSlam.dir/build.make:77: CMakeFiles/GSSlam.dir/src/GSSlam.cu.o] Error 2
gmake[1]: *** [CMakeFiles/Makefile2:141: CMakeFiles/GSSlam.dir/all] Error 2
gmake: *** [Makefile:146: all] Error 2
