[0.012s] Invoking command in '/home/jorge/ros2_thesis_ws/src/f_vigs_slam/build/f_vigs_slam': CMAKE_PREFIX_PATH=${CMAKE_PREFIX_PATH}:/opt/ros/rolling /usr/bin/cmake --build /home/jorge/ros2_thesis_ws/src/f_vigs_slam/build/f_vigs_slam -- -j6 -l6
[0.049s] -- Found ament_cmake: 2.8.4 (/opt/ros/rolling/share/ament_cmake/cmake)
[0.292s] -- Found rclcpp: 30.1.3 (/opt/ros/rolling/share/rclcpp/cmake)
[0.367s] -- Found rosidl_generator_c: 5.1.1 (/opt/ros/rolling/share/rosidl_generator_c/cmake)
[0.372s] -- Found rosidl_generator_cpp: 5.1.1 (/opt/ros/rolling/share/rosidl_generator_cpp/cmake)
[0.381s] -- Using all available rosidl_typesupport_c: rosidl_typesupport_fastrtps_c;rosidl_typesupport_introspection_c
[0.392s] -- Using all available rosidl_typesupport_cpp: rosidl_typesupport_fastrtps_cpp;rosidl_typesupport_introspection_cpp
[0.459s] -- Found rmw_implementation_cmake: 7.9.1 (/opt/ros/rolling/share/rmw_implementation_cmake/cmake)
[0.461s] -- Found rmw_fastrtps_cpp: 9.4.4 (/opt/ros/rolling/share/rmw_fastrtps_cpp/cmake)
[0.509s] -- Using RMW implementation 'rmw_fastrtps_cpp' as default
[0.582s] -- Found sensor_msgs: 5.9.1 (/opt/ros/rolling/share/sensor_msgs/cmake)
[0.643s] -- Found cv_bridge: 4.1.0 (/opt/ros/rolling/share/cv_bridge/cmake)
[0.646s] [33mCMake Warning (dev) at /usr/local/lib/cmake/opencv4/OpenCVConfig.cmake:86 (find_package):
[0.646s]   Policy CMP0146 is not set: The FindCUDA module is removed.  Run "cmake
[0.646s]   --help-policy CMP0146" for policy details.  Use the cmake_policy command to
[0.646s]   set the policy and suppress this warning.
[0.646s] 
[0.646s] Call Stack (most recent call first):
[0.646s]   /usr/local/lib/cmake/opencv4/OpenCVConfig.cmake:108 (find_host_package)
[0.646s]   /opt/ros/rolling/share/cv_bridge/cmake/ament_cmake_export_dependencies-extras.cmake:21 (find_package)
[0.646s]   /opt/ros/rolling/share/cv_bridge/cmake/cv_bridgeConfig.cmake:41 (include)
[0.646s]   CMakeLists.txt:24 (find_package)
[0.646s] This warning is for project developers.  Use -Wno-dev to suppress it.
[0.646s] [0m
[0.696s] -- Found CUDA: /usr/local/cuda-12.3 (found suitable exact version "12.3") 
[0.726s] -- Found nav_msgs: 5.9.1 (/opt/ros/rolling/share/nav_msgs/cmake)
[0.755s] -- Found image_transport: 6.4.3 (/opt/ros/rolling/share/image_transport/cmake)
[0.768s] -- Found image_geometry: 4.1.0 (/opt/ros/rolling/share/image_geometry/cmake)
[0.771s] -- Found tf2: 0.45.3 (/opt/ros/rolling/share/tf2/cmake)
[0.775s] -- Found tf2_ros: 0.45.3 (/opt/ros/rolling/share/tf2_ros/cmake)
[0.886s] -- Found tf2_eigen: 0.45.3 (/opt/ros/rolling/share/tf2_eigen/cmake)
[0.889s] -- Found tf2_geometry_msgs: 0.45.3 (/opt/ros/rolling/share/tf2_geometry_msgs/cmake)
[0.893s] [33mCMake Warning (dev) at CMakeLists.txt:32 (find_package):
[0.893s]   Policy CMP0146 is not set: The FindCUDA module is removed.  Run "cmake
[0.894s]   --help-policy CMP0146" for policy details.  Use the cmake_policy command to
[0.894s]   set the policy and suppress this warning.
[0.894s] 
[0.894s] This warning is for project developers.  Use -Wno-dev to suppress it.
[0.894s] [0m
[0.941s] -- Found CUDA: /usr/local/cuda-12.3 (found version "12.3") 
[0.970s] -- Found required Ceres dependency: Eigen version 3.4.0 in /usr/include/eigen3
[0.974s] -- Found required Ceres dependency: glog
[0.974s] -- Found required Ceres dependency: gflags
[0.975s] -- Found Ceres version: 2.0.0 installed in: /usr/local with components: [EigenSparse, SparseLinearAlgebraLibrary, LAPACK, SchurSpecializations, Multithreading]
[0.977s] [0mCMake Deprecation Warning at /opt/ros/rolling/share/ament_cmake_target_dependencies/cmake/ament_target_dependencies.cmake:87 (message):
[0.977s]   ament_target_dependencies() is deprecated.  Use target_link_libraries()
[0.977s]   with modern CMake targets instead.  Try replacing this call with:
[0.977s] 
[0.977s]     target_link_libraries(GSSlamNode PUBLIC
[0.977s]       ${nav_msgs_TARGETS}
[0.977s]       ${sensor_msgs_TARGETS}
[0.977s]       cv_bridge::cv_bridge
[0.977s]       image_geometry::image_geometry
[0.977s]       image_transport::image_transport
[0.978s]       message_filters::message_filters
[0.978s]       rclcpp::rclcpp
[0.978s]       sensor_msgs::sensor_msgs_library
[0.978s]       tf2::tf2
[0.978s]       tf2_eigen::tf2_eigen
[0.978s]       tf2_geometry_msgs::tf2_geometry_msgs
[0.978s]       tf2_ros::static_transform_broadcaster_node
[0.978s]       tf2_ros::tf2_ros
[0.978s]     )
[0.978s] 
[0.978s] Call Stack (most recent call first):
[0.978s]   CMakeLists.txt:106 (ament_target_dependencies)
[0.978s] 
[0.978s] [0m
[0.979s] [0mCMake Deprecation Warning at /opt/ros/rolling/share/ament_cmake_target_dependencies/cmake/ament_target_dependencies.cmake:87 (message):
[0.979s]   ament_target_dependencies() is deprecated.  Use target_link_libraries()
[0.979s]   with modern CMake targets instead.  Try replacing this call with:
[0.980s] 
[0.980s]     target_link_libraries(gs_slam_node PUBLIC
[0.980s]       rclcpp::rclcpp
[0.980s]     )
[0.980s] 
[0.980s] Call Stack (most recent call first):
[0.980s]   CMakeLists.txt:166 (ament_target_dependencies)
[0.980s] 
[0.980s] [0m
[0.980s] -- Found ament_lint_auto: 0.20.3 (/opt/ros/rolling/share/ament_lint_auto/cmake)
[1.142s] -- Added test 'cppcheck' to perform static code analysis on C / C++ code
[1.143s] -- Configured cppcheck include dirs: /home/jorge/ros2_thesis_ws/src/f_vigs_slam/include;$<BUILD_INTERFACE:/home/jorge/ros2_thesis_ws/src/f_vigs_slam/include>
[1.143s] -- Configured cppcheck exclude dirs and/or files: 
[1.151s] -- Added test 'flake8' to check Python code syntax and style conventions
[1.152s] -- Configured 'flake8' exclude dirs and/or files: 
[1.166s] -- Added test 'lint_cmake' to check CMake code style
[1.173s] -- Added test 'pep257' to check Python code against some of the docstring style conventions in PEP 257
[1.225s] -- Added test 'uncrustify' to check C / C++ code style
[1.225s] -- Configured uncrustify additional arguments: 
[1.232s] -- Added test 'xmllint' to check XML markup files
[1.234s] -- Configuring done (1.2s)
[1.255s] [33mCMake Warning (dev) in CMakeLists.txt:
[1.255s]   Policy CMP0104 is not set: CMAKE_CUDA_ARCHITECTURES now detected for NVCC,
[1.255s]   empty CUDA_ARCHITECTURES not allowed.  Run "cmake --help-policy CMP0104"
[1.256s]   for policy details.  Use the cmake_policy command to set the policy and
[1.256s]   suppress this warning.
[1.256s] 
[1.256s]   CUDA_ARCHITECTURES is empty for target "GSSlam".
[1.256s] This warning is for project developers.  Use -Wno-dev to suppress it.
[1.256s] [0m
[1.263s] [33mCMake Warning (dev) in CMakeLists.txt:
[1.263s]   Policy CMP0104 is not set: CMAKE_CUDA_ARCHITECTURES now detected for NVCC,
[1.263s]   empty CUDA_ARCHITECTURES not allowed.  Run "cmake --help-policy CMP0104"
[1.263s]   for policy details.  Use the cmake_policy command to set the policy and
[1.263s]   suppress this warning.
[1.263s] 
[1.263s]   CUDA_ARCHITECTURES is empty for target "GSSlamNode".
[1.263s] This warning is for project developers.  Use -Wno-dev to suppress it.
[1.263s] [0m
[1.282s] -- Generating done (0.0s)
[1.286s] [33mCMake Warning (dev) in CMakeLists.txt:
[1.286s]   Policy CMP0104 is not set: CMAKE_CUDA_ARCHITECTURES now detected for NVCC,
[1.286s]   empty CUDA_ARCHITECTURES not allowed.  Run "cmake --help-policy CMP0104"
[1.286s]   for policy details.  Use the cmake_policy command to set the policy and
[1.286s]   suppress this warning.
[1.286s] 
[1.287s]   CUDA_ARCHITECTURES is empty for target "GSSlam".
[1.287s] This warning is for project developers.  Use -Wno-dev to suppress it.
[1.287s] [0m
[1.288s] [33mCMake Warning (dev) in CMakeLists.txt:
[1.288s]   Policy CMP0104 is not set: CMAKE_CUDA_ARCHITECTURES now detected for NVCC,
[1.288s]   empty CUDA_ARCHITECTURES not allowed.  Run "cmake --help-policy CMP0104"
[1.288s]   for policy details.  Use the cmake_policy command to set the policy and
[1.288s]   suppress this warning.
[1.288s] 
[1.288s]   CUDA_ARCHITECTURES is empty for target "GSSlamNode".
[1.288s] This warning is for project developers.  Use -Wno-dev to suppress it.
[1.288s] [0m
[1.293s] -- Build files have been written to: /home/jorge/ros2_thesis_ws/src/f_vigs_slam/build/f_vigs_slam
[1.390s] [ 58%] Built target GSSlam
[1.433s] [ 66%] [32mBuilding CUDA object CMakeFiles/GSSlamNode.dir/src/GSSlamNode.cpp.o[0m
[1.439s] [ 75%] [32mBuilding CUDA object CMakeFiles/GSSlamNode.dir/src/GaussianSplattingViewer.cpp.o[0m
[17.809s] [01m[0m[01m/home/jorge/ros2_thesis_ws/src/f_vigs_slam/src/GSSlamNode.cpp(139)[0m: [01;31merror[0m: class [01m"sensor_msgs::msg::CameraInfo_<std::allocator<void>>"[0m has no member "[01mK[0m"
[17.809s]           intrinsics.f = float2{msg->K[0], msg->K[4]};
[17.809s]                                      ^
[17.809s] 
[17.809s] [01m[0m[01m/home/jorge/ros2_thesis_ws/src/f_vigs_slam/src/GSSlamNode.cpp(139)[0m: [01;31merror[0m: class [01m"sensor_msgs::msg::CameraInfo_<std::allocator<void>>"[0m has no member "[01mK[0m"
[17.809s]           intrinsics.f = float2{msg->K[0], msg->K[4]};
[17.809s]                                                 ^
[17.809s] 
[17.809s] [01m[0m[01m/home/jorge/ros2_thesis_ws/src/f_vigs_slam/src/GSSlamNode.cpp(140)[0m: [01;31merror[0m: class [01m"sensor_msgs::msg::CameraInfo_<std::allocator<void>>"[0m has no member "[01mK[0m"
[17.810s]           intrinsics.c = float2{msg->K[2], msg->K[5]};
[17.810s]                                      ^
[17.810s] 
[17.810s] [01m[0m[01m/home/jorge/ros2_thesis_ws/src/f_vigs_slam/src/GSSlamNode.cpp(140)[0m: [01;31merror[0m: class [01m"sensor_msgs::msg::CameraInfo_<std::allocator<void>>"[0m has no member "[01mK[0m"
[17.810s]           intrinsics.c = float2{msg->K[2], msg->K[5]};
[17.810s]                                                 ^
[17.810s] 
[18.487s] 4 errors detected in the compilation of "/home/jorge/ros2_thesis_ws/src/f_vigs_slam/src/GSSlamNode.cpp".
[18.722s] gmake[2]: *** [CMakeFiles/GSSlamNode.dir/build.make:77: CMakeFiles/GSSlamNode.dir/src/GSSlamNode.cpp.o] Error 2
[18.722s] gmake[2]: *** Waiting for unfinished jobs....
[22.229s] gmake[1]: *** [CMakeFiles/Makefile2:167: CMakeFiles/GSSlamNode.dir/all] Error 2
[22.230s] gmake: *** [Makefile:146: all] Error 2
[22.233s] Invoked command in '/home/jorge/ros2_thesis_ws/src/f_vigs_slam/build/f_vigs_slam' returned '2': CMAKE_PREFIX_PATH=${CMAKE_PREFIX_PATH}:/opt/ros/rolling /usr/bin/cmake --build /home/jorge/ros2_thesis_ws/src/f_vigs_slam/build/f_vigs_slam -- -j6 -l6
