[0.013s] Invoking command in '/home/jorge/ros2_thesis_ws/src/f_vigs_slam/build/f_vigs_slam': CMAKE_PREFIX_PATH=${CMAKE_PREFIX_PATH}:/opt/ros/rolling /usr/bin/cmake --build /home/jorge/ros2_thesis_ws/src/f_vigs_slam/build/f_vigs_slam -- -j6 -l6
[0.145s] [  6%] [32mBuilding CUDA object CMakeFiles/GSSlam.dir/src/GSSlam.cu.o[0m
[0.147s] [ 13%] [32mBuilding CUDA object CMakeFiles/GSSlam.dir/src/GSCudaKernels.cu.o[0m
[0.148s] [ 20%] [32mBuilding CUDA object CMakeFiles/GSSlam.dir/src/RgbdPoseCost.cu.o[0m
[5.803s] [01m[0m[01m/home/jorge/ros2_thesis_ws/src/f_vigs_slam/src/GSCudaKernels.cu(1623)[0m: [01;31merror[0m: identifier "[01mgid[0m" is undefined
[5.803s]                       depth_rendered = depths_gaussian[gid] + s_pHats[i].x * dx + s_pHats[i].y * dy;
[5.803s]                                                        ^
[5.803s] 
[6.691s] 1 error detected in the compilation of "/home/jorge/ros2_thesis_ws/src/f_vigs_slam/src/GSCudaKernels.cu".
[6.796s] gmake[2]: *** [CMakeFiles/GSSlam.dir/build.make:92: CMakeFiles/GSSlam.dir/src/GSCudaKernels.cu.o] Error 2
[6.796s] gmake[2]: *** Waiting for unfinished jobs....
[43.518s] gmake[1]: *** [CMakeFiles/Makefile2:141: CMakeFiles/GSSlam.dir/all] Error 2
[43.518s] gmake: *** [Makefile:146: all] Error 2
[43.521s] Invoked command in '/home/jorge/ros2_thesis_ws/src/f_vigs_slam/build/f_vigs_slam' returned '2': CMAKE_PREFIX_PATH=${CMAKE_PREFIX_PATH}:/opt/ros/rolling /usr/bin/cmake --build /home/jorge/ros2_thesis_ws/src/f_vigs_slam/build/f_vigs_slam -- -j6 -l6
