[ 60%] Built target GSSlam
[ 66%] [32mBuilding CUDA object CMakeFiles/GSSlamNode.dir/src/GSSlamNode.cpp.o[0m
[01m[0m[01m/home/jorge/ros2_thesis_ws/src/f_vigs_slam/src/GSSlamNode.cpp(381)[0m: [01;31merror[0m: member [01m"f_vigs_slam::GSSlam::isInitialized"[0m[32m (declared at line 187 of /home/jorge/ros2_thesis_ws/src/f_vigs_slam/include/f_vigs_slam/GSSlam.cuh)[0m is inaccessible
          if (!impl_->gs_core_.isInitialized) return;
                               ^

1 error detected in the compilation of "/home/jorge/ros2_thesis_ws/src/f_vigs_slam/src/GSSlamNode.cpp".
gmake[2]: *** [CMakeFiles/GSSlamNode.dir/build.make:77: CMakeFiles/GSSlamNode.dir/src/GSSlamNode.cpp.o] Error 2
gmake[1]: *** [CMakeFiles/Makefile2:167: CMakeFiles/GSSlamNode.dir/all] Error 2
gmake: *** [Makefile:146: all] Error 2
