[0.018s] Invoking command in '/home/jorge/ros2_thesis_ws/src/f_vigs_slam/build/f_vigs_slam': CMAKE_PREFIX_PATH=${CMAKE_PREFIX_PATH}:/opt/ros/rolling /usr/bin/cmake --build /home/jorge/ros2_thesis_ws/src/f_vigs_slam/build/f_vigs_slam -- -j6 -l6
[0.187s] [ 60%] Built target GSSlam
[0.332s] [ 66%] [32mBuilding CUDA object CMakeFiles/GSSlamNode.dir/src/GSSlamNode.cpp.o[0m
[19.349s] [01m[0m[01m/home/jorge/ros2_thesis_ws/src/f_vigs_slam/src/GSSlamNode.cpp(381)[0m: [01;31merror[0m: member [01m"f_vigs_slam::GSSlam::isInitialized"[0m[32m (declared at line 187 of /home/jorge/ros2_thesis_ws/src/f_vigs_slam/include/f_vigs_slam/GSSlam.cuh)[0m is inaccessible
[19.349s]           if (!impl_->gs_core_.isInitialized) return;
[19.349s]                                ^
[19.349s] 
[19.499s] 1 error detected in the compilation of "/home/jorge/ros2_thesis_ws/src/f_vigs_slam/src/GSSlamNode.cpp".
[19.689s] gmake[2]: *** [CMakeFiles/GSSlamNode.dir/build.make:77: CMakeFiles/GSSlamNode.dir/src/GSSlamNode.cpp.o] Error 2
[19.689s] gmake[1]: *** [CMakeFiles/Makefile2:167: CMakeFiles/GSSlamNode.dir/all] Error 2
[19.690s] gmake: *** [Makefile:146: all] Error 2
[19.693s] Invoked command in '/home/jorge/ros2_thesis_ws/src/f_vigs_slam/build/f_vigs_slam' returned '2': CMAKE_PREFIX_PATH=${CMAKE_PREFIX_PATH}:/opt/ros/rolling /usr/bin/cmake --build /home/jorge/ros2_thesis_ws/src/f_vigs_slam/build/f_vigs_slam -- -j6 -l6
