[ 58%] Built target GSSlam
[ 66%] [32mBuilding CUDA object CMakeFiles/GSSlamNode.dir/src/GSSlamNode.cpp.o[0m
[01m[0m[01m/home/jorge/ros2_thesis_ws/src/f_vigs_slam/src/GSSlamNode.cpp(139)[0m: [01;31merror[0m: invalid narrowing conversion from "double" to "float"
          intrinsics.f = float2{msg->k[0], msg->k[4]};
                                ^

[01m[0m[01m/home/jorge/ros2_thesis_ws/src/f_vigs_slam/src/GSSlamNode.cpp(139)[0m: [01;31merror[0m: invalid narrowing conversion from "double" to "float"
          intrinsics.f = float2{msg->k[0], msg->k[4]};
                                           ^

[01m[0m[01m/home/jorge/ros2_thesis_ws/src/f_vigs_slam/src/GSSlamNode.cpp(140)[0m: [01;31merror[0m: invalid narrowing conversion from "double" to "float"
          intrinsics.c = float2{msg->k[2], msg->k[5]};
                                ^

[01m[0m[01m/home/jorge/ros2_thesis_ws/src/f_vigs_slam/src/GSSlamNode.cpp(140)[0m: [01;31merror[0m: invalid narrowing conversion from "double" to "float"
          intrinsics.c = float2{msg->k[2], msg->k[5]};
                                           ^

4 errors detected in the compilation of "/home/jorge/ros2_thesis_ws/src/f_vigs_slam/src/GSSlamNode.cpp".
gmake[2]: *** [CMakeFiles/GSSlamNode.dir/build.make:77: CMakeFiles/GSSlamNode.dir/src/GSSlamNode.cpp.o] Error 2
gmake[1]: *** [CMakeFiles/Makefile2:167: CMakeFiles/GSSlamNode.dir/all] Error 2
gmake: *** [Makefile:146: all] Error 2
