[33mCMake Warning (dev) at /usr/local/lib/cmake/opencv4/OpenCVConfig.cmake:86 (find_package):
  Policy CMP0146 is not set: The FindCUDA module is removed.  Run "cmake
  --help-policy CMP0146" for policy details.  Use the cmake_policy command to
  set the policy and suppress this warning.

Call Stack (most recent call first):
  /usr/local/lib/cmake/opencv4/OpenCVConfig.cmake:108 (find_host_package)
  /opt/ros/rolling/share/cv_bridge/cmake/ament_cmake_export_dependencies-extras.cmake:21 (find_package)
  /opt/ros/rolling/share/cv_bridge/cmake/cv_bridgeConfig.cmake:41 (include)
  CMakeLists.txt:24 (find_package)
This warning is for project developers.  Use -Wno-dev to suppress it.
[0m
[33mCMake Warning (dev) at CMakeLists.txt:32 (find_package):
  Policy CMP0146 is not set: The FindCUDA module is removed.  Run "cmake
  --help-policy CMP0146" for policy details.  Use the cmake_policy command to
  set the policy and suppress this warning.

This warning is for project developers.  Use -Wno-dev to suppress it.
[0m
[0mCMake Deprecation Warning at /opt/ros/rolling/share/ament_cmake_target_dependencies/cmake/ament_target_dependencies.cmake:87 (message):
  ament_target_dependencies() is deprecated.  Use target_link_libraries()
  with modern CMake targets instead.  Try replacing this call with:

    target_link_libraries(GSSlamNode PUBLIC
      ${nav_msgs_TARGETS}
      ${sensor_msgs_TARGETS}
      cv_bridge::cv_bridge
      image_geometry::image_geometry
      image_transport::image_transport
      message_filters::message_filters
      rclcpp::rclcpp
      sensor_msgs::sensor_msgs_library
      tf2::tf2
      tf2_eigen::tf2_eigen
      tf2_geometry_msgs::tf2_geometry_msgs
      tf2_ros::static_transform_broadcaster_node
      tf2_ros::tf2_ros
    )

Call Stack (most recent call first):
  CMakeLists.txt:115 (ament_target_dependencies)

[0m
[0mCMake Deprecation Warning at /opt/ros/rolling/share/ament_cmake_target_dependencies/cmake/ament_target_dependencies.cmake:87 (message):
  ament_target_dependencies() is deprecated.  Use target_link_libraries()
  with modern CMake targets instead.  Try replacing this call with:

    target_link_libraries(gs_slam_node PUBLIC
      rclcpp::rclcpp
    )

Call Stack (most recent call first):
  CMakeLists.txt:175 (ament_target_dependencies)

[0m
[33mCMake Warning (dev) in CMakeLists.txt:
  Policy CMP0104 is not set: CMAKE_CUDA_ARCHITECTURES now detected for NVCC,
  empty CUDA_ARCHITECTURES not allowed.  Run "cmake --help-policy CMP0104"
  for policy details.  Use the cmake_policy command to set the policy and
  suppress this warning.

  CUDA_ARCHITECTURES is empty for target "GSSlam".
This warning is for project developers.  Use -Wno-dev to suppress it.
[0m
[33mCMake Warning (dev) in CMakeLists.txt:
  Policy CMP0104 is not set: CMAKE_CUDA_ARCHITECTURES now detected for NVCC,
  empty CUDA_ARCHITECTURES not allowed.  Run "cmake --help-policy CMP0104"
  for policy details.  Use the cmake_policy command to set the policy and
  suppress this warning.

  CUDA_ARCHITECTURES is empty for target "GSSlamNode".
This warning is for project developers.  Use -Wno-dev to suppress it.
[0m
[33mCMake Warning (dev) in CMakeLists.txt:
  Policy CMP0104 is not set: CMAKE_CUDA_ARCHITECTURES now detected for NVCC,
  empty CUDA_ARCHITECTURES not allowed.  Run "cmake --help-policy CMP0104"
  for policy details.  Use the cmake_policy command to set the policy and
  suppress this warning.

  CUDA_ARCHITECTURES is empty for target "GSSlamNode".
This warning is for project developers.  Use -Wno-dev to suppress it.
[0m
[33mCMake Warning (dev) in CMakeLists.txt:
  Policy CMP0104 is not set: CMAKE_CUDA_ARCHITECTURES now detected for NVCC,
  empty CUDA_ARCHITECTURES not allowed.  Run "cmake --help-policy CMP0104"
  for policy details.  Use the cmake_policy command to set the policy and
  suppress this warning.

  CUDA_ARCHITECTURES is empty for target "GSSlam".
This warning is for project developers.  Use -Wno-dev to suppress it.
[0m
[33mCMake Warning (dev) in CMakeLists.txt:
  Policy CMP0104 is not set: CMAKE_CUDA_ARCHITECTURES now detected for NVCC,
  empty CUDA_ARCHITECTURES not allowed.  Run "cmake --help-policy CMP0104"
  for policy details.  Use the cmake_policy command to set the policy and
  suppress this warning.

  CUDA_ARCHITECTURES is empty for target "GSSlamNode".
This warning is for project developers.  Use -Wno-dev to suppress it.
[0m
[01m[K/home/jorge/ros2_thesis_ws/src/f_vigs_slam/src/KeyframeSelector.cpp:10:5:[m[K [01;31m[Kerror: [m[Kno declaration matches â€˜[01m[Kf_vigs_slam::KeyframeSelector::[01;32m[KKeyframeSelector[m[K(long unsigned int)[m[Kâ€™
   10 |     [01;31m[KKeyframeSelector[m[K::KeyframeSelector(unsigned long seed)
      |     [01;31m[K^~~~~~~~~~~~~~~~[m[K
In file included from [01m[K/home/jorge/ros2_thesis_ws/src/f_vigs_slam/src/KeyframeSelector.cpp:1[m[K:
[01m[K/home/jorge/ros2_thesis_ws/src/f_vigs_slam/include/f_vigs_slam/KeyframeSelector.hpp:23:11:[m[K [01;36m[Knote: [m[Kcandidates are: â€˜[01m[Kconstexpr f_vigs_slam::KeyframeSelector::[01;32m[KKeyframeSelector[m[K(const f_vigs_slam::KeyframeSelector&)[m[Kâ€™
   23 |     class [01;36m[KKeyframeSelector[m[K
      |           [01;36m[K^~~~~~~~~~~~~~~~[m[K
[01m[K/home/jorge/ros2_thesis_ws/src/f_vigs_slam/include/f_vigs_slam/KeyframeSelector.hpp:26:9:[m[K [01;36m[Knote: [m[K                â€˜[01m[Kf_vigs_slam::KeyframeSelector::[01;32m[KKeyframeSelector[m[K()[m[Kâ€™
   26 |         [01;36m[KKeyframeSelector[m[K();
      |         [01;36m[K^~~~~~~~~~~~~~~~[m[K
[01m[K/home/jorge/ros2_thesis_ws/src/f_vigs_slam/include/f_vigs_slam/KeyframeSelector.hpp:23:11:[m[K [01;36m[Knote: [m[Kâ€˜[01m[Kclass f_vigs_slam::KeyframeSelector[m[Kâ€™ defined here
   23 |     class [01;36m[KKeyframeSelector[m[K
      |           [01;36m[K^~~~~~~~~~~~~~~~[m[K
[01m[K/home/jorge/ros2_thesis_ws/src/f_vigs_slam/src/KeyframeSelector.cpp:11:49:[m[K [01;31m[Kerror: [m[Kexpected unqualified-id before â€˜[01m[K)[m[Kâ€™ token
   11 |         : rng_(seed == 0 ? std::random_device{}([01;31m[K)[m[K : seed)
      |                                                 [01;31m[K^[m[K
gmake[2]: *** [CMakeFiles/GSSlam.dir/build.make:177: CMakeFiles/GSSlam.dir/src/KeyframeSelector.cpp.o] Error 1
gmake[2]: *** Waiting for unfinished jobs....
[01m[0m[01m/home/jorge/ros2_thesis_ws/src/f_vigs_slam/src/GSCudaKernels.cu(21)[0m: [01;31merror[0m: identifier "[01mcross[0m" is undefined
          float3 t = 2.0f * cross(qv, v);
                            ^

[01m[0m[01m/home/jorge/ros2_thesis_ws/src/f_vigs_slam/src/GSCudaKernels.cu(22)[0m: [01;31merror[0m: no operator "[01m*[0m" matches these operands
            operand types are: const float * float3
          return v + q.x * t + cross(qv, t);
                         ^

[01m[0m[01m/home/jorge/ros2_thesis_ws/src/f_vigs_slam/src/GSCudaKernels.cu(59)[0m: [01;31merror[0m: identifier "[01mcross[0m" is undefined
              float3 ortho = normalizeVec3(cross(u, axis));
                                           ^

[01m[0m[01m/home/jorge/ros2_thesis_ws/src/f_vigs_slam/src/GSCudaKernels.cu(63)[0m: [01;31merror[0m: identifier "[01mcross[0m" is undefined
          float3 c = cross(u, v);
                     ^

[01m[0m[01m/home/jorge/ros2_thesis_ws/src/f_vigs_slam/src/GSCudaKernels.cu(132)[0m: [01;31merror[0m: no operator "[01m+[0m" matches these operands
            operand types are: float3 + float3
          float3 pos_world = cameraPose.position + rotateByQuaternion(cameraPose.orientation, pos_cam);
                                                 ^

[01m[0m[01m/home/jorge/ros2_thesis_ws/src/f_vigs_slam/src/GSCudaKernels.cu(200)[0m: [01;31merror[0m: no operator "[01m-[0m" matches these operands
            operand types are: float3 - float3
          float3 pos_diff = pos_world - camera_pose.position;
                                      ^

[01m[0m[01m/home/jorge/ros2_thesis_ws/src/f_vigs_slam/src/GSCudaKernels.cu(412)[0m: [01;31merror[0m: identifier "[01mTILE_SIZE[0m" is undefined
          int tile_min_x = (int)(bb_min_x / TILE_SIZE);
                                            ^

[01m[0m[01m/home/jorge/ros2_thesis_ws/src/f_vigs_slam/src/GSCudaKernels.cu(465)[0m: [01;31merror[0m: identifier "[01mTILE_SIZE[0m" is undefined
          int tile_min_x = (int)(bb_min_x / TILE_SIZE);
                                            ^

[01m[0m[01m/home/jorge/ros2_thesis_ws/src/f_vigs_slam/src/GSCudaKernels.cu(563)[0m: [01;31merror[0m: identifier "[01mTILE_SIZE[0m" is undefined
          __attribute__((shared)) float2 s_positions_2d[TILE_SIZE * TILE_SIZE];
                                                        ^

[01m[0m[01m/home/jorge/ros2_thesis_ws/src/f_vigs_slam/src/GSCudaKernels.cu(756)[0m: [01;31merror[0m: identifier "[01mTILE_SIZE[0m" is undefined
          int x = blockIdx.x * TILE_SIZE + threadIdx.x;
                               ^

[01m[0m[01m/home/jorge/ros2_thesis_ws/src/f_vigs_slam/src/GSCudaKernels.cu(1286)[0m: [01;31merror[0m: identifier "[01mBLOCK_SIZE[0m" is undefined
          n = min(n, BLOCK_SIZE);
                     ^

[01m[0m[01m/home/jorge/ros2_thesis_ws/src/f_vigs_slam/src/GSCudaKernels.cu(1289)[0m: [01;31merror[0m: identifier "[01mTILE_SIZE[0m" is undefined
          __attribute__((shared)) float3 s_positions[TILE_SIZE * TILE_SIZE];
                                                     ^

[01m[0m[01m/home/jorge/ros2_thesis_ws/src/f_vigs_slam/src/GSCudaKernels.cu(1446)[0m: [01;31merror[0m: identifier "[01mTILE_SIZE[0m" is undefined
          __attribute__((shared)) float2 s_positions[TILE_SIZE * TILE_SIZE];
                                                     ^

[01m[0m[01m/home/jorge/ros2_thesis_ws/src/f_vigs_slam/src/GSCudaKernels.cu(1577)[0m: [01;31merror[0m: identifier "[01mTILE_SIZE[0m" is undefined
          __attribute__((shared)) float3 s_positions[TILE_SIZE * TILE_SIZE];
                                                     ^

[01m[0m[01m/home/jorge/ros2_thesis_ws/src/f_vigs_slam/src/GSCudaKernels.cu(1756)[0m: [01;31merror[0m: no operator "[01m+[0m" matches these operands
            operand types are: float3 + float3
              float3 pos_world = cameraPose.position + rotateByQuaternion(cameraPose.orientation, pos_cam);
                                                     ^

[01m[0m[01m/home/jorge/ros2_thesis_ws/src/f_vigs_slam/src/GSCudaKernels.cu(1832)[0m: [01;31merror[0m: no operator "[01m+[0m" matches these operands
            operand types are: float3 + float3
              float3 pos_world = cameraPose.position + rotateByQuaternion(cameraPose.orientation, pos_cam);
                                                     ^

[01m[0m[01m/home/jorge/ros2_thesis_ws/src/f_vigs_slam/src/GSCudaKernels.cu(1934)[0m: [01;31merror[0m: identifier "[01mTILE_SIZE[0m" is undefined
          for (int i = 0; i < (bucketCount + TILE_SIZE - 1) / TILE_SIZE; ++i)
                                             ^

[01m[0m[01m/home/jorge/ros2_thesis_ws/src/f_vigs_slam/src/GSCudaKernels.cu(1938)[0m: [01;31merror[0m: identifier "[01mbucketToTile[0m" is undefined
              if (bIdx < bucketCount) bucketToTile[bucket_base + bIdx] = tileId;
                                      ^

[01m[0m[01m/home/jorge/ros2_thesis_ws/src/f_vigs_slam/src/GSCudaKernels.cu(1949)[0m: [01;31merror[0m: identifier "[01mTILE_SIZE[0m" is undefined
          __attribute__((shared)) float2 s_positions_2d[TILE_SIZE * TILE_SIZE];
                                                        ^

[01m[0m[01m/home/jorge/ros2_thesis_ws/src/f_vigs_slam/src/GSCudaKernels.cu(1981)[0m: [01;31merror[0m: identifier "[01mBLOCK_SIZE[0m" is undefined
                      int sampleIdx = (bucket_base + bucket_idx) * BLOCK_SIZE + tId;
                                                                   ^

[01m[0m[01m/home/jorge/ros2_thesis_ws/src/f_vigs_slam/src/GSCudaKernels.cu(2010)[0m: [01;31merror[0m: no operator "[01m*[0m" matches these operands
            operand types are: float * float3
                  color += T * contrib_alpha * col;
                                             ^

[01m[0m[01m/home/jorge/ros2_thesis_ws/src/f_vigs_slam/src/GSCudaKernels.cu(2036)[0m: [01;31merror[0m: no operator "[01m*[0m" matches these operands
            operand types are: float * float3
              color += T * bg_color;
                         ^

[01m[0m[01m/usr/local/cuda/targets/x86_64-linux/include/cub/util_type.cuh(177)[0m: [01;31merror[0m: excessive recursion at instantiation of class [01m"cub::CUB_200200_520_NS::Log2<<error-constant>, <error-constant>, 200>"[0m
      enum { VALUE = Log2<N, (CURRENT_VAL >> 1), COUNT + 1>::VALUE };
                                                             ^
          detected during:
            instantiation of class [01m"cub::CUB_200200_520_NS::Log2<N, CURRENT_VAL, COUNT> [with N=<error-constant>, CURRENT_VAL=<error-constant>, COUNT=199]"[0m [32mat line 177[0m
            instantiation of class [01m"cub::CUB_200200_520_NS::Log2<N, CURRENT_VAL, COUNT> [with N=<error-constant>, CURRENT_VAL=<error-constant>, COUNT=198]"[0m [32mat line 177[0m
            instantiation of class [01m"cub::CUB_200200_520_NS::Log2<N, CURRENT_VAL, COUNT> [with N=<error-constant>, CURRENT_VAL=<error-constant>, COUNT=197]"[0m [32mat line 177[0m
            instantiation of class [01m"cub::CUB_200200_520_NS::Log2<N, CURRENT_VAL, COUNT> [with N=<error-constant>, CURRENT_VAL=<error-constant>, COUNT=196]"[0m [32mat line 177[0m
            instantiation of class [01m"cub::CUB_200200_520_NS::Log2<N, CURRENT_VAL, COUNT> [with N=<error-constant>, CURRENT_VAL=<error-constant>, COUNT=195]"[0m [32mat line 177[0m
            [ 194 instantiation contexts not shown ]
            instantiation of class [01m"cub::CUB_200200_520_NS::Log2<N, CURRENT_VAL, COUNT> [with N=<error-constant>, CURRENT_VAL=<error-constant>, COUNT=0]"[0m [32mat line 103 of /usr/local/cuda/targets/x86_64-linux/include/cub/warp/specializations/warp_reduce_shfl.cuh[0m
            instantiation of class [01m"cub::CUB_200200_520_NS::WarpReduceShfl<T, LOGICAL_WARP_THREADS, LEGACY_PTX_ARCH> [with T=uint32_t, LOGICAL_WARP_THREADS=<error-constant>, LEGACY_PTX_ARCH=0]"[0m [32mat line 174 of /usr/local/cuda/targets/x86_64-linux/include/cub/warp/warp_reduce.cuh[0m
            instantiation of class [01m"cub::CUB_200200_520_NS::WarpReduce<T, LOGICAL_WARP_THREADS, LEGACY_PTX_ARCH> [with T=uint32_t, LOGICAL_WARP_THREADS=<error-constant>, LEGACY_PTX_ARCH=0]"[0m [32mat line 76 of /usr/local/cuda/targets/x86_64-linux/include/cub/block/specializations/block_reduce_warp_reductions.cuh[0m
            instantiation of class [01m"cub::CUB_200200_520_NS::BlockReduceWarpReductions<T, BLOCK_DIM_X, BLOCK_DIM_Y, BLOCK_DIM_Z, LEGACY_PTX_ARCH> [with T=uint32_t, BLOCK_DIM_X=<error-constant>, BLOCK_DIM_Y=<error-constant>, BLOCK_DIM_Z=1, LEGACY_PTX_ARCH=0]"[0m [32mat line 250 of /usr/local/cuda/targets/x86_64-linux/include/cub/block/block_reduce.cuh[0m
            instantiation of class [01m"cub::CUB_200200_520_NS::BlockReduce<T, BLOCK_DIM_X, ALGORITHM, BLOCK_DIM_Y, BLOCK_DIM_Z, LEGACY_PTX_ARCH> [with T=uint32_t, BLOCK_DIM_X=<error-constant>, ALGORITHM=cub::CUB_200200_520_NS::BLOCK_REDUCE_WARP_REDUCTIONS, BLOCK_DIM_Y=<error-constant>, BLOCK_DIM_Z=1, LEGACY_PTX_ARCH=0]"[0m [32mat line 2054 of /home/jorge/ros2_thesis_ws/src/f_vigs_slam/src/GSCudaKernels.cu[0m

[01m[0m[01m/usr/local/cuda/targets/x86_64-linux/include/cub/util_type.cuh(177)[0m: [01;31merror[0m: incomplete type is not allowed
      enum { VALUE = Log2<N, (CURRENT_VAL >> 1), COUNT + 1>::VALUE };
                     ^
          detected during:
            instantiation of class [01m"cub::CUB_200200_520_NS::Log2<N, CURRENT_VAL, COUNT> [with N=<error-constant>, CURRENT_VAL=<error-constant>, COUNT=199]"[0m [32mat line 177[0m
            instantiation of class [01m"cub::CUB_200200_520_NS::Log2<N, CURRENT_VAL, COUNT> [with N=<error-constant>, CURRENT_VAL=<error-constant>, COUNT=198]"[0m [32mat line 177[0m
            instantiation of class [01m"cub::CUB_200200_520_NS::Log2<N, CURRENT_VAL, COUNT> [with N=<error-constant>, CURRENT_VAL=<error-constant>, COUNT=197]"[0m [32mat line 177[0m
            instantiation of class [01m"cub::CUB_200200_520_NS::Log2<N, CURRENT_VAL, COUNT> [with N=<error-constant>, CURRENT_VAL=<error-constant>, COUNT=196]"[0m [32mat line 177[0m
            instantiation of class [01m"cub::CUB_200200_520_NS::Log2<N, CURRENT_VAL, COUNT> [with N=<error-constant>, CURRENT_VAL=<error-constant>, COUNT=195]"[0m [32mat line 177[0m
            [ 194 instantiation contexts not shown ]
            instantiation of class [01m"cub::CUB_200200_520_NS::Log2<N, CURRENT_VAL, COUNT> [with N=<error-constant>, CURRENT_VAL=<error-constant>, COUNT=0]"[0m [32mat line 103 of /usr/local/cuda/targets/x86_64-linux/include/cub/warp/specializations/warp_reduce_shfl.cuh[0m
            instantiation of class [01m"cub::CUB_200200_520_NS::WarpReduceShfl<T, LOGICAL_WARP_THREADS, LEGACY_PTX_ARCH> [with T=uint32_t, LOGICAL_WARP_THREADS=<error-constant>, LEGACY_PTX_ARCH=0]"[0m [32mat line 174 of /usr/local/cuda/targets/x86_64-linux/include/cub/warp/warp_reduce.cuh[0m
            instantiation of class [01m"cub::CUB_200200_520_NS::WarpReduce<T, LOGICAL_WARP_THREADS, LEGACY_PTX_ARCH> [with T=uint32_t, LOGICAL_WARP_THREADS=<error-constant>, LEGACY_PTX_ARCH=0]"[0m [32mat line 76 of /usr/local/cuda/targets/x86_64-linux/include/cub/block/specializations/block_reduce_warp_reductions.cuh[0m
            instantiation of class [01m"cub::CUB_200200_520_NS::BlockReduceWarpReductions<T, BLOCK_DIM_X, BLOCK_DIM_Y, BLOCK_DIM_Z, LEGACY_PTX_ARCH> [with T=uint32_t, BLOCK_DIM_X=<error-constant>, BLOCK_DIM_Y=<error-constant>, BLOCK_DIM_Z=1, LEGACY_PTX_ARCH=0]"[0m [32mat line 250 of /usr/local/cuda/targets/x86_64-linux/include/cub/block/block_reduce.cuh[0m
            instantiation of class [01m"cub::CUB_200200_520_NS::BlockReduce<T, BLOCK_DIM_X, ALGORITHM, BLOCK_DIM_Y, BLOCK_DIM_Z, LEGACY_PTX_ARCH> [with T=uint32_t, BLOCK_DIM_X=<error-constant>, ALGORITHM=cub::CUB_200200_520_NS::BLOCK_REDUCE_WARP_REDUCTIONS, BLOCK_DIM_Y=<error-constant>, BLOCK_DIM_Z=1, LEGACY_PTX_ARCH=0]"[0m [32mat line 2054 of /home/jorge/ros2_thesis_ws/src/f_vigs_slam/src/GSCudaKernels.cu[0m

[01m[0m[01m/home/jorge/ros2_thesis_ws/src/f_vigs_slam/src/GSCudaKernels.cu(2126)[0m: [01;31merror[0m: identifier "[01mBLOCK_SIZE[0m" is undefined
          uint32_t num_splats_in_tile = min((uint32_t)(range.y - range.x), (uint32_t)BLOCK_SIZE);
                                                                                     ^

[01m[0m[01m/home/jorge/ros2_thesis_ws/src/f_vigs_slam/src/GSCudaKernels.cu(2159)[0m: [01;31merror[0m: identifier "[01mTILE_SIZE[0m" is undefined
          uint2 pix_min = make_uint2(tile.x * TILE_SIZE, tile.y * TILE_SIZE);
                                              ^

[01m[0m[01m/home/jorge/ros2_thesis_ws/src/f_vigs_slam/src/GSCudaKernels.cu(2358)[0m: [01;31merror[0m: no operator "[01m*[0m" matches these operands
            operand types are: float3 * const float
          delta_3d.color = delta_2d.color * eta_n;
                                          ^

[01m[0m[01m/home/jorge/ros2_thesis_ws/src/f_vigs_slam/src/GSCudaKernels.cu(2621)[0m: [01;31merror[0m: no operator "[01m+=[0m" matches these operands
            operand types are: float3 += float3
          position += adamStep(adam_state.m_position,
                   ^

[01m[0m[01m/home/jorge/ros2_thesis_ws/src/f_vigs_slam/src/GSCudaKernels.cu(2642)[0m: [01;31merror[0m: no operator "[01m+=[0m" matches these operands
            operand types are: float3 += float3
          scale += adamStep(adam_state.m_scale,
                ^

[01m[0m[01m/home/jorge/ros2_thesis_ws/src/f_vigs_slam/src/GSCudaKernels.cu(2651)[0m: [01;31merror[0m: no operator "[01m+=[0m" matches these operands
            operand types are: float3 += float3
          color += adamStep(adam_state.m_color,
                ^

[01m[0m[01m/home/jorge/ros2_thesis_ws/src/f_vigs_slam/src/GSCudaKernels.cu(2672)[0m: [01;31merror[0m: too few arguments in function call
          scales[idx] = max(make_float3(0.001f), scale);
                                              ^

[01m[0m[01m/home/jorge/ros2_thesis_ws/src/f_vigs_slam/src/GSCudaKernels.cu(2672)[0m: [01;31merror[0m: no instance of overloaded function [01m"max"[0m matches the argument list
            argument types are: (<error-type>, float3)
          scales[idx] = max(make_float3(0.001f), scale);
                        ^

[01m[0m[01m/home/jorge/ros2_thesis_ws/src/f_vigs_slam/src/GSCudaKernels.cu(2674)[0m: [01;31merror[0m: no instance of overloaded function [01m"max"[0m matches the argument list
            argument types are: (float3, float3)
          colors[idx] = min(make_float3(1.f, 1.f, 1.f), max(make_float3(0.f, 0.f, 0.f), color));
                                                        ^

[01m[0m[01m/home/jorge/ros2_thesis_ws/src/f_vigs_slam/src/GSCudaKernels.cu(2674)[0m: [01;31merror[0m: no instance of overloaded function [01m"min"[0m matches the argument list
            argument types are: (float3, <error-type>)
          colors[idx] = min(make_float3(1.f, 1.f, 1.f), max(make_float3(0.f, 0.f, 0.f), color));
                        ^

34 errors detected in the compilation of "/home/jorge/ros2_thesis_ws/src/f_vigs_slam/src/GSCudaKernels.cu".
gmake[2]: *** [CMakeFiles/GSSlam.dir/build.make:92: CMakeFiles/GSSlam.dir/src/GSCudaKernels.cu.o] Error 2
gmake[1]: *** [CMakeFiles/Makefile2:141: CMakeFiles/GSSlam.dir/all] Error 2
gmake: *** [Makefile:146: all] Error 2
