[0.013s] Invoking command in '/home/jorge/ros2_thesis_ws/src/f_vigs_slam/build/f_vigs_slam': CMAKE_PREFIX_PATH=${CMAKE_PREFIX_PATH}:/opt/ros/rolling /usr/bin/cmake --build /home/jorge/ros2_thesis_ws/src/f_vigs_slam/build/f_vigs_slam -- -j6 -l6
[0.700s] -- Found ament_cmake: 2.8.4 (/opt/ros/rolling/share/ament_cmake/cmake)
[1.188s] -- Found rclcpp: 30.1.3 (/opt/ros/rolling/share/rclcpp/cmake)
[1.699s] -- Found rosidl_generator_c: 5.1.1 (/opt/ros/rolling/share/rosidl_generator_c/cmake)
[1.739s] -- Found rosidl_generator_cpp: 5.1.1 (/opt/ros/rolling/share/rosidl_generator_cpp/cmake)
[1.785s] -- Using all available rosidl_typesupport_c: rosidl_typesupport_fastrtps_c;rosidl_typesupport_introspection_c
[1.879s] -- Using all available rosidl_typesupport_cpp: rosidl_typesupport_fastrtps_cpp;rosidl_typesupport_introspection_cpp
[2.230s] -- Found rmw_implementation_cmake: 7.9.1 (/opt/ros/rolling/share/rmw_implementation_cmake/cmake)
[2.263s] -- Found rmw_fastrtps_cpp: 9.4.4 (/opt/ros/rolling/share/rmw_fastrtps_cpp/cmake)
[2.521s] -- Using RMW implementation 'rmw_fastrtps_cpp' as default
[2.900s] -- Found sensor_msgs: 5.9.1 (/opt/ros/rolling/share/sensor_msgs/cmake)
[3.088s] -- Found cv_bridge: 4.1.0 (/opt/ros/rolling/share/cv_bridge/cmake)
[3.109s] [33mCMake Warning (dev) at /usr/local/lib/cmake/opencv4/OpenCVConfig.cmake:86 (find_package):
[3.109s]   Policy CMP0146 is not set: The FindCUDA module is removed.  Run "cmake
[3.109s]   --help-policy CMP0146" for policy details.  Use the cmake_policy command to
[3.109s]   set the policy and suppress this warning.
[3.109s] 
[3.109s] Call Stack (most recent call first):
[3.109s]   /usr/local/lib/cmake/opencv4/OpenCVConfig.cmake:108 (find_host_package)
[3.109s]   /opt/ros/rolling/share/cv_bridge/cmake/ament_cmake_export_dependencies-extras.cmake:21 (find_package)
[3.109s]   /opt/ros/rolling/share/cv_bridge/cmake/cv_bridgeConfig.cmake:41 (include)
[3.109s]   CMakeLists.txt:24 (find_package)
[3.110s] This warning is for project developers.  Use -Wno-dev to suppress it.
[3.110s] [0m
[3.324s] -- Found CUDA: /usr/local/cuda-12.3 (found suitable exact version "12.3") 
[3.420s] -- Found nav_msgs: 5.9.1 (/opt/ros/rolling/share/nav_msgs/cmake)
[3.476s] -- Found image_transport: 6.4.3 (/opt/ros/rolling/share/image_transport/cmake)
[3.610s] -- Found image_geometry: 4.1.0 (/opt/ros/rolling/share/image_geometry/cmake)
[3.644s] -- Found tf2: 0.45.3 (/opt/ros/rolling/share/tf2/cmake)
[3.669s] -- Found tf2_ros: 0.45.3 (/opt/ros/rolling/share/tf2_ros/cmake)
[3.946s] -- Found tf2_eigen: 0.45.3 (/opt/ros/rolling/share/tf2_eigen/cmake)
[4.003s] -- Found tf2_geometry_msgs: 0.45.3 (/opt/ros/rolling/share/tf2_geometry_msgs/cmake)
[4.020s] [33mCMake Warning (dev) at CMakeLists.txt:32 (find_package):
[4.020s]   Policy CMP0146 is not set: The FindCUDA module is removed.  Run "cmake
[4.020s]   --help-policy CMP0146" for policy details.  Use the cmake_policy command to
[4.020s]   set the policy and suppress this warning.
[4.020s] 
[4.021s] This warning is for project developers.  Use -Wno-dev to suppress it.
[4.021s] [0m
[4.066s] -- Found CUDA: /usr/local/cuda-12.3 (found version "12.3") 
[4.140s] -- Found required Ceres dependency: Eigen version 3.4.0 in /usr/include/eigen3
[4.211s] -- Found required Ceres dependency: glog
[4.212s] -- Found required Ceres dependency: gflags
[4.222s] -- Found Ceres version: 2.0.0 installed in: /usr/local with components: [EigenSparse, SparseLinearAlgebraLibrary, LAPACK, SchurSpecializations, Multithreading]
[4.223s] [0mCMake Deprecation Warning at /opt/ros/rolling/share/ament_cmake_target_dependencies/cmake/ament_target_dependencies.cmake:87 (message):
[4.223s]   ament_target_dependencies() is deprecated.  Use target_link_libraries()
[4.224s]   with modern CMake targets instead.  Try replacing this call with:
[4.224s] 
[4.224s]     target_link_libraries(GSSlamNode PUBLIC
[4.224s]       ${nav_msgs_TARGETS}
[4.224s]       ${sensor_msgs_TARGETS}
[4.224s]       cv_bridge::cv_bridge
[4.224s]       image_geometry::image_geometry
[4.224s]       image_transport::image_transport
[4.224s]       message_filters::message_filters
[4.224s]       rclcpp::rclcpp
[4.224s]       sensor_msgs::sensor_msgs_library
[4.224s]       tf2::tf2
[4.224s]       tf2_eigen::tf2_eigen
[4.224s]       tf2_geometry_msgs::tf2_geometry_msgs
[4.225s]       tf2_ros::static_transform_broadcaster_node
[4.225s]       tf2_ros::tf2_ros
[4.225s]     )
[4.225s] 
[4.225s] Call Stack (most recent call first):
[4.225s]   CMakeLists.txt:115 (ament_target_dependencies)
[4.225s] 
[4.225s] [0m
[4.226s] [0mCMake Deprecation Warning at /opt/ros/rolling/share/ament_cmake_target_dependencies/cmake/ament_target_dependencies.cmake:87 (message):
[4.226s]   ament_target_dependencies() is deprecated.  Use target_link_libraries()
[4.226s]   with modern CMake targets instead.  Try replacing this call with:
[4.226s] 
[4.226s]     target_link_libraries(gs_slam_node PUBLIC
[4.226s]       rclcpp::rclcpp
[4.226s]     )
[4.226s] 
[4.226s] Call Stack (most recent call first):
[4.226s]   CMakeLists.txt:175 (ament_target_dependencies)
[4.226s] 
[4.227s] [0m
[4.245s] -- Found ament_lint_auto: 0.20.3 (/opt/ros/rolling/share/ament_lint_auto/cmake)
[6.740s] -- Added test 'cppcheck' to perform static code analysis on C / C++ code
[6.741s] -- Configured cppcheck include dirs: /home/jorge/ros2_thesis_ws/src/f_vigs_slam/include;$<BUILD_INTERFACE:/home/jorge/ros2_thesis_ws/src/f_vigs_slam/include>
[6.741s] -- Configured cppcheck exclude dirs and/or files: 
[6.749s] -- Added test 'flake8' to check Python code syntax and style conventions
[6.749s] -- Configured 'flake8' exclude dirs and/or files: 
[6.764s] -- Added test 'lint_cmake' to check CMake code style
[6.771s] -- Added test 'pep257' to check Python code against some of the docstring style conventions in PEP 257
[6.831s] -- Added test 'uncrustify' to check C / C++ code style
[6.831s] -- Configured uncrustify additional arguments: 
[6.840s] -- Added test 'xmllint' to check XML markup files
[6.841s] -- Configuring done (6.8s)
[7.034s] [33mCMake Warning (dev) in CMakeLists.txt:
[7.034s]   Policy CMP0104 is not set: CMAKE_CUDA_ARCHITECTURES now detected for NVCC,
[7.034s]   empty CUDA_ARCHITECTURES not allowed.  Run "cmake --help-policy CMP0104"
[7.035s]   for policy details.  Use the cmake_policy command to set the policy and
[7.035s]   suppress this warning.
[7.035s] 
[7.035s]   CUDA_ARCHITECTURES is empty for target "GSSlam".
[7.036s] This warning is for project developers.  Use -Wno-dev to suppress it.
[7.036s] [0m
[7.098s] [33mCMake Warning (dev) in CMakeLists.txt:
[7.098s]   Policy CMP0104 is not set: CMAKE_CUDA_ARCHITECTURES now detected for NVCC,
[7.098s]   empty CUDA_ARCHITECTURES not allowed.  Run "cmake --help-policy CMP0104"
[7.098s]   for policy details.  Use the cmake_policy command to set the policy and
[7.099s]   suppress this warning.
[7.099s] 
[7.099s]   CUDA_ARCHITECTURES is empty for target "GSSlamNode".
[7.099s] This warning is for project developers.  Use -Wno-dev to suppress it.
[7.099s] [0m
[7.106s] [33mCMake Warning (dev) in CMakeLists.txt:
[7.106s]   Policy CMP0104 is not set: CMAKE_CUDA_ARCHITECTURES now detected for NVCC,
[7.106s]   empty CUDA_ARCHITECTURES not allowed.  Run "cmake --help-policy CMP0104"
[7.106s]   for policy details.  Use the cmake_policy command to set the policy and
[7.106s]   suppress this warning.
[7.107s] 
[7.107s]   CUDA_ARCHITECTURES is empty for target "GSSlamNode".
[7.107s] This warning is for project developers.  Use -Wno-dev to suppress it.
[7.107s] [0m
[7.137s] -- Generating done (0.2s)
[7.140s] [33mCMake Warning (dev) in CMakeLists.txt:
[7.140s]   Policy CMP0104 is not set: CMAKE_CUDA_ARCHITECTURES now detected for NVCC,
[7.141s]   empty CUDA_ARCHITECTURES not allowed.  Run "cmake --help-policy CMP0104"
[7.141s]   for policy details.  Use the cmake_policy command to set the policy and
[7.141s]   suppress this warning.
[7.141s] 
[7.141s]   CUDA_ARCHITECTURES is empty for target "GSSlam".
[7.141s] This warning is for project developers.  Use -Wno-dev to suppress it.
[7.141s] [0m
[7.142s] [33mCMake Warning (dev) in CMakeLists.txt:
[7.142s]   Policy CMP0104 is not set: CMAKE_CUDA_ARCHITECTURES now detected for NVCC,
[7.142s]   empty CUDA_ARCHITECTURES not allowed.  Run "cmake --help-policy CMP0104"
[7.142s]   for policy details.  Use the cmake_policy command to set the policy and
[7.142s]   suppress this warning.
[7.142s] 
[7.142s]   CUDA_ARCHITECTURES is empty for target "GSSlamNode".
[7.142s] This warning is for project developers.  Use -Wno-dev to suppress it.
[7.143s] [0m
[7.147s] -- Build files have been written to: /home/jorge/ros2_thesis_ws/src/f_vigs_slam/build/f_vigs_slam
[7.293s] [  6%] [32mBuilding CUDA object CMakeFiles/GSSlam.dir/src/GSCudaKernels.cu.o[0m
[7.294s] [ 13%] [32mBuilding CXX object CMakeFiles/GSSlam.dir/src/KeyframeSelector.cpp.o[0m
[7.860s] [01m[K/home/jorge/ros2_thesis_ws/src/f_vigs_slam/src/KeyframeSelector.cpp:10:5:[m[K [01;31m[Kerror: [m[Kno declaration matches â€˜[01m[Kf_vigs_slam::KeyframeSelector::[01;32m[KKeyframeSelector[m[K(long unsigned int)[m[Kâ€™
[7.860s]    10 |     [01;31m[KKeyframeSelector[m[K::KeyframeSelector(unsigned long seed)
[7.860s]       |     [01;31m[K^~~~~~~~~~~~~~~~[m[K
[7.860s] In file included from [01m[K/home/jorge/ros2_thesis_ws/src/f_vigs_slam/src/KeyframeSelector.cpp:1[m[K:
[7.860s] [01m[K/home/jorge/ros2_thesis_ws/src/f_vigs_slam/include/f_vigs_slam/KeyframeSelector.hpp:23:11:[m[K [01;36m[Knote: [m[Kcandidates are: â€˜[01m[Kconstexpr f_vigs_slam::KeyframeSelector::[01;32m[KKeyframeSelector[m[K(const f_vigs_slam::KeyframeSelector&)[m[Kâ€™
[7.860s]    23 |     class [01;36m[KKeyframeSelector[m[K
[7.860s]       |           [01;36m[K^~~~~~~~~~~~~~~~[m[K
[7.860s] [01m[K/home/jorge/ros2_thesis_ws/src/f_vigs_slam/include/f_vigs_slam/KeyframeSelector.hpp:26:9:[m[K [01;36m[Knote: [m[K                â€˜[01m[Kf_vigs_slam::KeyframeSelector::[01;32m[KKeyframeSelector[m[K()[m[Kâ€™
[7.860s]    26 |         [01;36m[KKeyframeSelector[m[K();
[7.860s]       |         [01;36m[K^~~~~~~~~~~~~~~~[m[K
[7.860s] [01m[K/home/jorge/ros2_thesis_ws/src/f_vigs_slam/include/f_vigs_slam/KeyframeSelector.hpp:23:11:[m[K [01;36m[Knote: [m[Kâ€˜[01m[Kclass f_vigs_slam::KeyframeSelector[m[Kâ€™ defined here
[7.861s]    23 |     class [01;36m[KKeyframeSelector[m[K
[7.861s]       |           [01;36m[K^~~~~~~~~~~~~~~~[m[K
[7.861s] [01m[K/home/jorge/ros2_thesis_ws/src/f_vigs_slam/src/KeyframeSelector.cpp:11:49:[m[K [01;31m[Kerror: [m[Kexpected unqualified-id before â€˜[01m[K)[m[Kâ€™ token
[7.861s]    11 |         : rng_(seed == 0 ? std::random_device{}([01;31m[K)[m[K : seed)
[7.861s]       |                                                 [01;31m[K^[m[K
[8.034s] gmake[2]: *** [CMakeFiles/GSSlam.dir/build.make:177: CMakeFiles/GSSlam.dir/src/KeyframeSelector.cpp.o] Error 1
[8.034s] gmake[2]: *** Waiting for unfinished jobs....
[12.465s] [01m[0m[01m/home/jorge/ros2_thesis_ws/src/f_vigs_slam/src/GSCudaKernels.cu(21)[0m: [01;31merror[0m: identifier "[01mcross[0m" is undefined
[12.465s]           float3 t = 2.0f * cross(qv, v);
[12.465s]                             ^
[12.466s] 
[12.466s] [01m[0m[01m/home/jorge/ros2_thesis_ws/src/f_vigs_slam/src/GSCudaKernels.cu(22)[0m: [01;31merror[0m: no operator "[01m*[0m" matches these operands
[12.466s]             operand types are: const float * float3
[12.466s]           return v + q.x * t + cross(qv, t);
[12.466s]                          ^
[12.466s] 
[12.466s] [01m[0m[01m/home/jorge/ros2_thesis_ws/src/f_vigs_slam/src/GSCudaKernels.cu(59)[0m: [01;31merror[0m: identifier "[01mcross[0m" is undefined
[12.466s]               float3 ortho = normalizeVec3(cross(u, axis));
[12.467s]                                            ^
[12.467s] 
[12.467s] [01m[0m[01m/home/jorge/ros2_thesis_ws/src/f_vigs_slam/src/GSCudaKernels.cu(63)[0m: [01;31merror[0m: identifier "[01mcross[0m" is undefined
[12.467s]           float3 c = cross(u, v);
[12.467s]                      ^
[12.467s] 
[12.467s] [01m[0m[01m/home/jorge/ros2_thesis_ws/src/f_vigs_slam/src/GSCudaKernels.cu(132)[0m: [01;31merror[0m: no operator "[01m+[0m" matches these operands
[12.467s]             operand types are: float3 + float3
[12.467s]           float3 pos_world = cameraPose.position + rotateByQuaternion(cameraPose.orientation, pos_cam);
[12.468s]                                                  ^
[12.468s] 
[12.468s] [01m[0m[01m/home/jorge/ros2_thesis_ws/src/f_vigs_slam/src/GSCudaKernels.cu(200)[0m: [01;31merror[0m: no operator "[01m-[0m" matches these operands
[12.468s]             operand types are: float3 - float3
[12.468s]           float3 pos_diff = pos_world - camera_pose.position;
[12.468s]                                       ^
[12.468s] 
[12.469s] [01m[0m[01m/home/jorge/ros2_thesis_ws/src/f_vigs_slam/src/GSCudaKernels.cu(412)[0m: [01;31merror[0m: identifier "[01mTILE_SIZE[0m" is undefined
[12.469s]           int tile_min_x = (int)(bb_min_x / TILE_SIZE);
[12.469s]                                             ^
[12.469s] 
[12.470s] [01m[0m[01m/home/jorge/ros2_thesis_ws/src/f_vigs_slam/src/GSCudaKernels.cu(465)[0m: [01;31merror[0m: identifier "[01mTILE_SIZE[0m" is undefined
[12.470s]           int tile_min_x = (int)(bb_min_x / TILE_SIZE);
[12.470s]                                             ^
[12.470s] 
[12.470s] [01m[0m[01m/home/jorge/ros2_thesis_ws/src/f_vigs_slam/src/GSCudaKernels.cu(563)[0m: [01;31merror[0m: identifier "[01mTILE_SIZE[0m" is undefined
[12.470s]           __attribute__((shared)) float2 s_positions_2d[TILE_SIZE * TILE_SIZE];
[12.470s]                                                         ^
[12.470s] 
[12.471s] [01m[0m[01m/home/jorge/ros2_thesis_ws/src/f_vigs_slam/src/GSCudaKernels.cu(756)[0m: [01;31merror[0m: identifier "[01mTILE_SIZE[0m" is undefined
[12.471s]           int x = blockIdx.x * TILE_SIZE + threadIdx.x;
[12.471s]                                ^
[12.471s] 
[12.476s] [01m[0m[01m/home/jorge/ros2_thesis_ws/src/f_vigs_slam/src/GSCudaKernels.cu(1286)[0m: [01;31merror[0m: identifier "[01mBLOCK_SIZE[0m" is undefined
[12.476s]           n = min(n, BLOCK_SIZE);
[12.476s]                      ^
[12.476s] 
[12.477s] [01m[0m[01m/home/jorge/ros2_thesis_ws/src/f_vigs_slam/src/GSCudaKernels.cu(1289)[0m: [01;31merror[0m: identifier "[01mTILE_SIZE[0m" is undefined
[12.477s]           __attribute__((shared)) float3 s_positions[TILE_SIZE * TILE_SIZE];
[12.477s]                                                      ^
[12.477s] 
[12.477s] [01m[0m[01m/home/jorge/ros2_thesis_ws/src/f_vigs_slam/src/GSCudaKernels.cu(1446)[0m: [01;31merror[0m: identifier "[01mTILE_SIZE[0m" is undefined
[12.477s]           __attribute__((shared)) float2 s_positions[TILE_SIZE * TILE_SIZE];
[12.477s]                                                      ^
[12.477s] 
[12.478s] [01m[0m[01m/home/jorge/ros2_thesis_ws/src/f_vigs_slam/src/GSCudaKernels.cu(1577)[0m: [01;31merror[0m: identifier "[01mTILE_SIZE[0m" is undefined
[12.478s]           __attribute__((shared)) float3 s_positions[TILE_SIZE * TILE_SIZE];
[12.478s]                                                      ^
[12.478s] 
[12.479s] [01m[0m[01m/home/jorge/ros2_thesis_ws/src/f_vigs_slam/src/GSCudaKernels.cu(1756)[0m: [01;31merror[0m: no operator "[01m+[0m" matches these operands
[12.479s]             operand types are: float3 + float3
[12.479s]               float3 pos_world = cameraPose.position + rotateByQuaternion(cameraPose.orientation, pos_cam);
[12.479s]                                                      ^
[12.480s] 
[12.480s] [01m[0m[01m/home/jorge/ros2_thesis_ws/src/f_vigs_slam/src/GSCudaKernels.cu(1832)[0m: [01;31merror[0m: no operator "[01m+[0m" matches these operands
[12.480s]             operand types are: float3 + float3
[12.480s]               float3 pos_world = cameraPose.position + rotateByQuaternion(cameraPose.orientation, pos_cam);
[12.480s]                                                      ^
[12.480s] 
[12.481s] [01m[0m[01m/home/jorge/ros2_thesis_ws/src/f_vigs_slam/src/GSCudaKernels.cu(1934)[0m: [01;31merror[0m: identifier "[01mTILE_SIZE[0m" is undefined
[12.481s]           for (int i = 0; i < (bucketCount + TILE_SIZE - 1) / TILE_SIZE; ++i)
[12.481s]                                              ^
[12.481s] 
[12.482s] [01m[0m[01m/home/jorge/ros2_thesis_ws/src/f_vigs_slam/src/GSCudaKernels.cu(1938)[0m: [01;31merror[0m: identifier "[01mbucketToTile[0m" is undefined
[12.482s]               if (bIdx < bucketCount) bucketToTile[bucket_base + bIdx] = tileId;
[12.482s]                                       ^
[12.482s] 
[12.482s] [01m[0m[01m/home/jorge/ros2_thesis_ws/src/f_vigs_slam/src/GSCudaKernels.cu(1949)[0m: [01;31merror[0m: identifier "[01mTILE_SIZE[0m" is undefined
[12.482s]           __attribute__((shared)) float2 s_positions_2d[TILE_SIZE * TILE_SIZE];
[12.482s]                                                         ^
[12.482s] 
[12.482s] [01m[0m[01m/home/jorge/ros2_thesis_ws/src/f_vigs_slam/src/GSCudaKernels.cu(1981)[0m: [01;31merror[0m: identifier "[01mBLOCK_SIZE[0m" is undefined
[12.483s]                       int sampleIdx = (bucket_base + bucket_idx) * BLOCK_SIZE + tId;
[12.483s]                                                                    ^
[12.483s] 
[12.483s] [01m[0m[01m/home/jorge/ros2_thesis_ws/src/f_vigs_slam/src/GSCudaKernels.cu(2010)[0m: [01;31merror[0m: no operator "[01m*[0m" matches these operands
[12.483s]             operand types are: float * float3
[12.483s]                   color += T * contrib_alpha * col;
[12.483s]                                              ^
[12.483s] 
[12.483s] [01m[0m[01m/home/jorge/ros2_thesis_ws/src/f_vigs_slam/src/GSCudaKernels.cu(2036)[0m: [01;31merror[0m: no operator "[01m*[0m" matches these operands
[12.483s]             operand types are: float * float3
[12.483s]               color += T * bg_color;
[12.483s]                          ^
[12.484s] 
[12.491s] [01m[0m[01m/usr/local/cuda/targets/x86_64-linux/include/cub/util_type.cuh(177)[0m: [01;31merror[0m: excessive recursion at instantiation of class [01m"cub::CUB_200200_520_NS::Log2<<error-constant>, <error-constant>, 200>"[0m
[12.492s]       enum { VALUE = Log2<N, (CURRENT_VAL >> 1), COUNT + 1>::VALUE };
[12.492s]                                                              ^
[12.492s]           detected during:
[12.492s]             instantiation of class [01m"cub::CUB_200200_520_NS::Log2<N, CURRENT_VAL, COUNT> [with N=<error-constant>, CURRENT_VAL=<error-constant>, COUNT=199]"[0m [32mat line 177[0m
[12.492s]             instantiation of class [01m"cub::CUB_200200_520_NS::Log2<N, CURRENT_VAL, COUNT> [with N=<error-constant>, CURRENT_VAL=<error-constant>, COUNT=198]"[0m [32mat line 177[0m
[12.492s]             instantiation of class [01m"cub::CUB_200200_520_NS::Log2<N, CURRENT_VAL, COUNT> [with N=<error-constant>, CURRENT_VAL=<error-constant>, COUNT=197]"[0m [32mat line 177[0m
[12.492s]             instantiation of class [01m"cub::CUB_200200_520_NS::Log2<N, CURRENT_VAL, COUNT> [with N=<error-constant>, CURRENT_VAL=<error-constant>, COUNT=196]"[0m [32mat line 177[0m
[12.493s]             instantiation of class [01m"cub::CUB_200200_520_NS::Log2<N, CURRENT_VAL, COUNT> [with N=<error-constant>, CURRENT_VAL=<error-constant>, COUNT=195]"[0m [32mat line 177[0m
[12.493s]             [ 194 instantiation contexts not shown ]
[12.493s]             instantiation of class [01m"cub::CUB_200200_520_NS::Log2<N, CURRENT_VAL, COUNT> [with N=<error-constant>, CURRENT_VAL=<error-constant>, COUNT=0]"[0m [32mat line 103 of /usr/local/cuda/targets/x86_64-linux/include/cub/warp/specializations/warp_reduce_shfl.cuh[0m
[12.493s]             instantiation of class [01m"cub::CUB_200200_520_NS::WarpReduceShfl<T, LOGICAL_WARP_THREADS, LEGACY_PTX_ARCH> [with T=uint32_t, LOGICAL_WARP_THREADS=<error-constant>, LEGACY_PTX_ARCH=0]"[0m [32mat line 174 of /usr/local/cuda/targets/x86_64-linux/include/cub/warp/warp_reduce.cuh[0m
[12.493s]             instantiation of class [01m"cub::CUB_200200_520_NS::WarpReduce<T, LOGICAL_WARP_THREADS, LEGACY_PTX_ARCH> [with T=uint32_t, LOGICAL_WARP_THREADS=<error-constant>, LEGACY_PTX_ARCH=0]"[0m [32mat line 76 of /usr/local/cuda/targets/x86_64-linux/include/cub/block/specializations/block_reduce_warp_reductions.cuh[0m
[12.493s]             instantiation of class [01m"cub::CUB_200200_520_NS::BlockReduceWarpReductions<T, BLOCK_DIM_X, BLOCK_DIM_Y, BLOCK_DIM_Z, LEGACY_PTX_ARCH> [with T=uint32_t, BLOCK_DIM_X=<error-constant>, BLOCK_DIM_Y=<error-constant>, BLOCK_DIM_Z=1, LEGACY_PTX_ARCH=0]"[0m [32mat line 250 of /usr/local/cuda/targets/x86_64-linux/include/cub/block/block_reduce.cuh[0m
[12.493s]             instantiation of class [01m"cub::CUB_200200_520_NS::BlockReduce<T, BLOCK_DIM_X, ALGORITHM, BLOCK_DIM_Y, BLOCK_DIM_Z, LEGACY_PTX_ARCH> [with T=uint32_t, BLOCK_DIM_X=<error-constant>, ALGORITHM=cub::CUB_200200_520_NS::BLOCK_REDUCE_WARP_REDUCTIONS, BLOCK_DIM_Y=<error-constant>, BLOCK_DIM_Z=1, LEGACY_PTX_ARCH=0]"[0m [32mat line 2054 of /home/jorge/ros2_thesis_ws/src/f_vigs_slam/src/GSCudaKernels.cu[0m
[12.493s] 
[12.493s] [01m[0m[01m/usr/local/cuda/targets/x86_64-linux/include/cub/util_type.cuh(177)[0m: [01;31merror[0m: incomplete type is not allowed
[12.493s]       enum { VALUE = Log2<N, (CURRENT_VAL >> 1), COUNT + 1>::VALUE };
[12.493s]                      ^
[12.493s]           detected during:
[12.493s]             instantiation of class [01m"cub::CUB_200200_520_NS::Log2<N, CURRENT_VAL, COUNT> [with N=<error-constant>, CURRENT_VAL=<error-constant>, COUNT=199]"[0m [32mat line 177[0m
[12.494s]             instantiation of class [01m"cub::CUB_200200_520_NS::Log2<N, CURRENT_VAL, COUNT> [with N=<error-constant>, CURRENT_VAL=<error-constant>, COUNT=198]"[0m [32mat line 177[0m
[12.494s]             instantiation of class [01m"cub::CUB_200200_520_NS::Log2<N, CURRENT_VAL, COUNT> [with N=<error-constant>, CURRENT_VAL=<error-constant>, COUNT=197]"[0m [32mat line 177[0m
[12.494s]             instantiation of class [01m"cub::CUB_200200_520_NS::Log2<N, CURRENT_VAL, COUNT> [with N=<error-constant>, CURRENT_VAL=<error-constant>, COUNT=196]"[0m [32mat line 177[0m
[12.494s]             instantiation of class [01m"cub::CUB_200200_520_NS::Log2<N, CURRENT_VAL, COUNT> [with N=<error-constant>, CURRENT_VAL=<error-constant>, COUNT=195]"[0m [32mat line 177[0m
[12.494s]             [ 194 instantiation contexts not shown ]
[12.494s]             instantiation of class [01m"cub::CUB_200200_520_NS::Log2<N, CURRENT_VAL, COUNT> [with N=<error-constant>, CURRENT_VAL=<error-constant>, COUNT=0]"[0m [32mat line 103 of /usr/local/cuda/targets/x86_64-linux/include/cub/warp/specializations/warp_reduce_shfl.cuh[0m
[12.494s]             instantiation of class [01m"cub::CUB_200200_520_NS::WarpReduceShfl<T, LOGICAL_WARP_THREADS, LEGACY_PTX_ARCH> [with T=uint32_t, LOGICAL_WARP_THREADS=<error-constant>, LEGACY_PTX_ARCH=0]"[0m [32mat line 174 of /usr/local/cuda/targets/x86_64-linux/include/cub/warp/warp_reduce.cuh[0m
[12.494s]             instantiation of class [01m"cub::CUB_200200_520_NS::WarpReduce<T, LOGICAL_WARP_THREADS, LEGACY_PTX_ARCH> [with T=uint32_t, LOGICAL_WARP_THREADS=<error-constant>, LEGACY_PTX_ARCH=0]"[0m [32mat line 76 of /usr/local/cuda/targets/x86_64-linux/include/cub/block/specializations/block_reduce_warp_reductions.cuh[0m
[12.494s]             instantiation of class [01m"cub::CUB_200200_520_NS::BlockReduceWarpReductions<T, BLOCK_DIM_X, BLOCK_DIM_Y, BLOCK_DIM_Z, LEGACY_PTX_ARCH> [with T=uint32_t, BLOCK_DIM_X=<error-constant>, BLOCK_DIM_Y=<error-constant>, BLOCK_DIM_Z=1, LEGACY_PTX_ARCH=0]"[0m [32mat line 250 of /usr/local/cuda/targets/x86_64-linux/include/cub/block/block_reduce.cuh[0m
[12.494s]             instantiation of class [01m"cub::CUB_200200_520_NS::BlockReduce<T, BLOCK_DIM_X, ALGORITHM, BLOCK_DIM_Y, BLOCK_DIM_Z, LEGACY_PTX_ARCH> [with T=uint32_t, BLOCK_DIM_X=<error-constant>, ALGORITHM=cub::CUB_200200_520_NS::BLOCK_REDUCE_WARP_REDUCTIONS, BLOCK_DIM_Y=<error-constant>, BLOCK_DIM_Z=1, LEGACY_PTX_ARCH=0]"[0m [32mat line 2054 of /home/jorge/ros2_thesis_ws/src/f_vigs_slam/src/GSCudaKernels.cu[0m
[12.494s] 
[12.508s] [01m[0m[01m/home/jorge/ros2_thesis_ws/src/f_vigs_slam/src/GSCudaKernels.cu(2126)[0m: [01;31merror[0m: identifier "[01mBLOCK_SIZE[0m" is undefined
[12.508s]           uint32_t num_splats_in_tile = min((uint32_t)(range.y - range.x), (uint32_t)BLOCK_SIZE);
[12.508s]                                                                                      ^
[12.508s] 
[12.508s] [01m[0m[01m/home/jorge/ros2_thesis_ws/src/f_vigs_slam/src/GSCudaKernels.cu(2159)[0m: [01;31merror[0m: identifier "[01mTILE_SIZE[0m" is undefined
[12.508s]           uint2 pix_min = make_uint2(tile.x * TILE_SIZE, tile.y * TILE_SIZE);
[12.508s]                                               ^
[12.508s] 
[12.510s] [01m[0m[01m/home/jorge/ros2_thesis_ws/src/f_vigs_slam/src/GSCudaKernels.cu(2358)[0m: [01;31merror[0m: no operator "[01m*[0m" matches these operands
[12.510s]             operand types are: float3 * const float
[12.510s]           delta_3d.color = delta_2d.color * eta_n;
[12.510s]                                           ^
[12.511s] 
[13.240s] [01m[0m[01m/home/jorge/ros2_thesis_ws/src/f_vigs_slam/src/GSCudaKernels.cu(2621)[0m: [01;31merror[0m: no operator "[01m+=[0m" matches these operands
[13.240s]             operand types are: float3 += float3
[13.240s]           position += adamStep(adam_state.m_position,
[13.240s]                    ^
[13.241s] 
[13.264s] [01m[0m[01m/home/jorge/ros2_thesis_ws/src/f_vigs_slam/src/GSCudaKernels.cu(2642)[0m: [01;31merror[0m: no operator "[01m+=[0m" matches these operands
[13.264s]             operand types are: float3 += float3
[13.264s]           scale += adamStep(adam_state.m_scale,
[13.264s]                 ^
[13.265s] 
[13.265s] [01m[0m[01m/home/jorge/ros2_thesis_ws/src/f_vigs_slam/src/GSCudaKernels.cu(2651)[0m: [01;31merror[0m: no operator "[01m+=[0m" matches these operands
[13.265s]             operand types are: float3 += float3
[13.265s]           color += adamStep(adam_state.m_color,
[13.265s]                 ^
[13.266s] 
[13.266s] [01m[0m[01m/home/jorge/ros2_thesis_ws/src/f_vigs_slam/src/GSCudaKernels.cu(2672)[0m: [01;31merror[0m: too few arguments in function call
[13.266s]           scales[idx] = max(make_float3(0.001f), scale);
[13.266s]                                               ^
[13.266s] 
[13.266s] [01m[0m[01m/home/jorge/ros2_thesis_ws/src/f_vigs_slam/src/GSCudaKernels.cu(2672)[0m: [01;31merror[0m: no instance of overloaded function [01m"max"[0m matches the argument list
[13.266s]             argument types are: (<error-type>, float3)
[13.266s]           scales[idx] = max(make_float3(0.001f), scale);
[13.266s]                         ^
[13.266s] 
[13.267s] [01m[0m[01m/home/jorge/ros2_thesis_ws/src/f_vigs_slam/src/GSCudaKernels.cu(2674)[0m: [01;31merror[0m: no instance of overloaded function [01m"max"[0m matches the argument list
[13.267s]             argument types are: (float3, float3)
[13.267s]           colors[idx] = min(make_float3(1.f, 1.f, 1.f), max(make_float3(0.f, 0.f, 0.f), color));
[13.267s]                                                         ^
[13.267s] 
[13.267s] [01m[0m[01m/home/jorge/ros2_thesis_ws/src/f_vigs_slam/src/GSCudaKernels.cu(2674)[0m: [01;31merror[0m: no instance of overloaded function [01m"min"[0m matches the argument list
[13.267s]             argument types are: (float3, <error-type>)
[13.267s]           colors[idx] = min(make_float3(1.f, 1.f, 1.f), max(make_float3(0.f, 0.f, 0.f), color));
[13.267s]                         ^
[13.267s] 
[13.303s] 34 errors detected in the compilation of "/home/jorge/ros2_thesis_ws/src/f_vigs_slam/src/GSCudaKernels.cu".
[13.402s] gmake[2]: *** [CMakeFiles/GSSlam.dir/build.make:92: CMakeFiles/GSSlam.dir/src/GSCudaKernels.cu.o] Error 2
[13.403s] gmake[1]: *** [CMakeFiles/Makefile2:141: CMakeFiles/GSSlam.dir/all] Error 2
[13.403s] gmake: *** [Makefile:146: all] Error 2
[13.406s] Invoked command in '/home/jorge/ros2_thesis_ws/src/f_vigs_slam/build/f_vigs_slam' returned '2': CMAKE_PREFIX_PATH=${CMAKE_PREFIX_PATH}:/opt/ros/rolling /usr/bin/cmake --build /home/jorge/ros2_thesis_ws/src/f_vigs_slam/build/f_vigs_slam -- -j6 -l6
