[0.013s] Invoking command in '/home/jorge/ros2_thesis_ws/src/f_vigs_slam/build/f_vigs_slam': CMAKE_PREFIX_PATH=${CMAKE_PREFIX_PATH}:/opt/ros/rolling /usr/bin/cmake --build /home/jorge/ros2_thesis_ws/src/f_vigs_slam/build/f_vigs_slam -- -j6 -l6
[0.138s] [  8%] [32mBuilding CUDA object CMakeFiles/GSSlam.dir/src/GSSlam.cu.o[0m
[0.139s] [ 16%] [32mBuilding CUDA object CMakeFiles/GSSlam.dir/src/RgbdPoseCost.cu.o[0m
[14.596s] [01m[0m[01m/usr/local/cuda/targets/x86_64-linux/include/thrust/system/cuda/detail/core/agent_launcher.h(892)[0m: [01;31merror[0m: A type defined inside a __host__ function  ("ToFloat3") cannot be used in the template argument type of a __global__ function template instantiation
[14.597s]         void (*ptr)(_0, _1) = _kernel_agent<Agent, _0, _1>;
[14.597s]                               ^
[14.597s]           detected during:
[14.597s]             instantiation of [01m"thrust::cuda_cub::core::_kernel_agent"[0m based on template arguments <thrust::cuda_cub::__parallel_for::ParallelForAgent<thrust::cuda_cub::__transform::unary_transform_f<thrust::zip_iterator<thrust::tuple<thrust::detail::normal_iterator<thrust::device_ptr<const float2>>, thrust::detail::normal_iterator<thrust::device_ptr<const float>>, thrust::null_type, thrust::null_type, thrust::null_type, thrust::null_type, thrust::null_type, thrust::null_type, thrust::null_type, thrust::null_type>>, thrust::detail::normal_iterator<thrust::device_ptr<float3>>, thrust::cuda_cub::__transform::no_stencil_tag, ToFloat3, thrust::cuda_cub::__transform::always_true_predicate>, signed long>, thrust::cuda_cub::__transform::unary_transform_f<thrust::zip_iterator<thrust::tuple<thrust::detail::normal_iterator<thrust::device_ptr<const float2>>, thrust::detail::normal_iterator<thrust::device_ptr<const float>>, thrust::null_type, thrust::null_type, thrust::null_type, thrust::null_type, thrust::null_type, thrust::null_type, thrust::null_type, thrust::null_type>>, thrust::detail::normal_iterator<thrust::device_ptr<float3>>, thrust::cuda_cub::__transform::no_stencil_tag, ToFloat3, thrust::cuda_cub::__transform::always_true_predicate>, signed long> [32mat line 892[0m
[14.597s]             instantiation of [01m"void thrust::cuda_cub::core::AgentLauncher<Agent>::launch_impl(thrust::detail::true_type, _0, _1) const [with Agent=thrust::cuda_cub::__parallel_for::ParallelForAgent<thrust::cuda_cub::__transform::unary_transform_f<thrust::zip_iterator<thrust::tuple<thrust::detail::normal_iterator<thrust::device_ptr<const float2>>, thrust::detail::normal_iterator<thrust::device_ptr<const float>>, thrust::null_type, thrust::null_type, thrust::null_type, thrust::null_type, thrust::null_type, thrust::null_type, thrust::null_type, thrust::null_type>>, thrust::detail::normal_iterator<thrust::device_ptr<float3>>, thrust::cuda_cub::__transform::no_stencil_tag, ToFloat3, thrust::cuda_cub::__transform::always_true_predicate>, signed long>, _0=thrust::cuda_cub::__transform::unary_transform_f<thrust::zip_iterator<thrust::tuple<thrust::detail::normal_iterator<thrust::device_ptr<const float2>>, thrust::detail::normal_iterator<thrust::device_ptr<const float>>, thrust::null_type, thrust::null_type, thrust::null_type, thrust::null_type, thrust::null_type, thrust::null_type, thrust::null_type, thrust::null_type>>, thrust::detail::normal_iterator<thrust::device_ptr<float3>>, thrust::cuda_cub::__transform::no_stencil_tag, ToFloat3, thrust::cuda_cub::__transform::always_true_predicate>, _1=signed long]"[0m [32mat line 1043[0m
[14.597s]             instantiation of [01m"void thrust::cuda_cub::core::AgentLauncher<Agent>::launch(_0, _1) const [with Agent=thrust::cuda_cub::__parallel_for::ParallelForAgent<thrust::cuda_cub::__transform::unary_transform_f<thrust::zip_iterator<thrust::tuple<thrust::detail::normal_iterator<thrust::device_ptr<const float2>>, thrust::detail::normal_iterator<thrust::device_ptr<const float>>, thrust::null_type, thrust::null_type, thrust::null_type, thrust::null_type, thrust::null_type, thrust::null_type, thrust::null_type, thrust::null_type>>, thrust::detail::normal_iterator<thrust::device_ptr<float3>>, thrust::cuda_cub::__transform::no_stencil_tag, ToFloat3, thrust::cuda_cub::__transform::always_true_predicate>, signed long>, _0=thrust::cuda_cub::__transform::unary_transform_f<thrust::zip_iterator<thrust::tuple<thrust::detail::normal_iterator<thrust::device_ptr<const float2>>, thrust::detail::normal_iterator<thrust::device_ptr<const float>>, thrust::null_type, thrust::null_type, thrust::null_type, thrust::null_type, thrust::null_type, thrust::null_type, thrust::null_type, thrust::null_type>>, thrust::detail::normal_iterator<thrust::device_ptr<float3>>, thrust::cuda_cub::__transform::no_stencil_tag, ToFloat3, thrust::cuda_cub::__transform::always_true_predicate>, _1=signed long]"[0m [32mat line 139 of /usr/local/cuda/targets/x86_64-linux/include/thrust/system/cuda/detail/parallel_for.h[0m
[14.598s]             instantiation of [01m"cudaError_t thrust::cuda_cub::__parallel_for::parallel_for(Size, F, cudaStream_t) [with F=thrust::cuda_cub::__transform::unary_transform_f<thrust::zip_iterator<thrust::tuple<thrust::detail::normal_iterator<thrust::device_ptr<const float2>>, thrust::detail::normal_iterator<thrust::device_ptr<const float>>, thrust::null_type, thrust::null_type, thrust::null_type, thrust::null_type, thrust::null_type, thrust::null_type, thrust::null_type, thrust::null_type>>, thrust::detail::normal_iterator<thrust::device_ptr<float3>>, thrust::cuda_cub::__transform::no_stencil_tag, ToFloat3, thrust::cuda_cub::__transform::always_true_predicate>, Size=signed long]"[0m [32mat line 161 of /usr/local/cuda/targets/x86_64-linux/include/thrust/system/cuda/detail/parallel_for.h[0m
[14.598s]             instantiation of [01m"void thrust::cuda_cub::parallel_for(thrust::cuda_cub::execution_policy<Derived> &, F, Size) [with Derived=thrust::cuda_cub::tag, F=thrust::cuda_cub::__transform::unary_transform_f<thrust::zip_iterator<thrust::tuple<thrust::detail::normal_iterator<thrust::device_ptr<const float2>>, thrust::detail::normal_iterator<thrust::device_ptr<const float>>, thrust::null_type, thrust::null_type, thrust::null_type, thrust::null_type, thrust::null_type, thrust::null_type, thrust::null_type, thrust::null_type>>, thrust::detail::normal_iterator<thrust::device_ptr<float3>>, thrust::cuda_cub::__transform::no_stencil_tag, ToFloat3, thrust::cuda_cub::__transform::always_true_predicate>, Size=signed long]"[0m [32mat line 233 of /usr/local/cuda/targets/x86_64-linux/include/thrust/system/cuda/detail/transform.h[0m
[14.598s]             instantiation of [01m"OutputIt thrust::cuda_cub::__transform::unary(Policy &, InputIt, OutputIt, Size, StencilIt, TransformOp, Predicate) [with Policy=thrust::cuda_cub::execution_policy<thrust::cuda_cub::tag>, InputIt=thrust::zip_iterator<thrust::tuple<thrust::detail::normal_iterator<thrust::device_ptr<const float2>>, thrust::detail::normal_iterator<thrust::device_ptr<const float>>, thrust::null_type, thrust::null_type, thrust::null_type, thrust::null_type, thrust::null_type, thrust::null_type, thrust::null_type, thrust::null_type>>, Size=signed long, OutputIt=thrust::detail::normal_iterator<thrust::device_ptr<float3>>, StencilIt=thrust::cuda_cub::__transform::no_stencil_tag, TransformOp=ToFloat3, Predicate=thrust::cuda_cub::__transform::always_true_predicate]"[0m [32mat line 312 of /usr/local/cuda/targets/x86_64-linux/include/thrust/system/cuda/detail/transform.h[0m
[14.598s]             instantiation of [01m"OutputIt thrust::cuda_cub::transform_if(thrust::cuda_cub::execution_policy<Derived> &, InputIt, InputIt, StencilInputIt, OutputIt, TransformOp, Predicate) [with Derived=thrust::cuda_cub::tag, InputIt=thrust::zip_iterator<thrust::tuple<thrust::detail::normal_iterator<thrust::device_ptr<const float2>>, thrust::detail::normal_iterator<thrust::device_ptr<const float>>, thrust::null_type, thrust::null_type, thrust::null_type, thrust::null_type, thrust::null_type, thrust::null_type, thrust::null_type, thrust::null_type>>, OutputIt=thrust::detail::normal_iterator<thrust::device_ptr<float3>>, StencilInputIt=thrust::cuda_cub::__transform::no_stencil_tag, TransformOp=ToFloat3, Predicate=thrust::cuda_cub::__transform::always_true_predicate]"[0m [32mat line 334 of /usr/local/cuda/targets/x86_64-linux/include/thrust/system/cuda/detail/transform.h[0m
[14.598s]             instantiation of [01m"OutputIt thrust::cuda_cub::transform_if(thrust::cuda_cub::execution_policy<Derived> &, InputIt, InputIt, OutputIt, TransformOp, Predicate) [with Derived=thrust::cuda_cub::tag, InputIt=thrust::zip_iterator<thrust::tuple<thrust::detail::normal_iterator<thrust::device_ptr<const float2>>, thrust::detail::normal_iterator<thrust::device_ptr<const float>>, thrust::null_type, thrust::null_type, thrust::null_type, thrust::null_type, thrust::null_type, thrust::null_type, thrust::null_type, thrust::null_type>>, OutputIt=thrust::detail::normal_iterator<thrust::device_ptr<float3>>, TransformOp=ToFloat3, Predicate=thrust::cuda_cub::__transform::always_true_predicate]"[0m [32mat line 353 of /usr/local/cuda/targets/x86_64-linux/include/thrust/system/cuda/detail/transform.h[0m
[14.598s]             instantiation of [01m"OutputIt thrust::cuda_cub::transform(thrust::cuda_cub::execution_policy<Derived> &, InputIt, InputIt, OutputIt, TransformOp) [with Derived=thrust::cuda_cub::tag, InputIt=thrust::zip_iterator<thrust::tuple<thrust::detail::normal_iterator<thrust::device_ptr<const float2>>, thrust::detail::normal_iterator<thrust::device_ptr<const float>>, thrust::null_type, thrust::null_type, thrust::null_type, thrust::null_type, thrust::null_type, thrust::null_type, thrust::null_type, thrust::null_type>>, OutputIt=thrust::detail::normal_iterator<thrust::device_ptr<float3>>, TransformOp=ToFloat3]"[0m [32mat line 42 of /usr/local/cuda/targets/x86_64-linux/include/thrust/detail/transform.inl[0m
[14.598s]             instantiation of [01m"OutputIterator thrust::transform(const thrust::detail::execution_policy_base<DerivedPolicy> &, InputIterator, InputIterator, OutputIterator, UnaryFunction) [with DerivedPolicy=thrust::cuda_cub::tag, InputIterator=thrust::zip_iterator<thrust::tuple<thrust::detail::normal_iterator<thrust::device_ptr<const float2>>, thrust::detail::normal_iterator<thrust::device_ptr<const float>>, thrust::null_type, thrust::null_type, thrust::null_type, thrust::null_type, thrust::null_type, thrust::null_type, thrust::null_type, thrust::null_type>>, OutputIterator=thrust::detail::normal_iterator<thrust::device_ptr<float3>>, UnaryFunction=ToFloat3]"[0m [32mat line 140 of /usr/local/cuda/targets/x86_64-linux/include/thrust/detail/transform.inl[0m
[14.598s]             instantiation of [01m"OutputIterator thrust::transform(InputIterator, InputIterator, OutputIterator, UnaryFunction) [with InputIterator=thrust::zip_iterator<thrust::tuple<thrust::detail::normal_iterator<thrust::device_ptr<const float2>>, thrust::detail::normal_iterator<thrust::device_ptr<const float>>, thrust::null_type, thrust::null_type, thrust::null_type, thrust::null_type, thrust::null_type, thrust::null_type, thrust::null_type, thrust::null_type>>, OutputIterator=thrust::detail::normal_iterator<thrust::device_ptr<float3>>, UnaryFunction=ToFloat3]"[0m [32mat line 1314 of /home/jorge/ros2_thesis_ws/src/f_vigs_slam/src/GSSlam.cu[0m
[14.598s] 
[14.600s] [01m[0m[01m/usr/local/cuda/targets/x86_64-linux/include/thrust/system/cuda/detail/core/agent_launcher.h(892)[0m: [01;31merror[0m: A type defined inside a __host__ function  ("ToFloat3") cannot be used in the template argument type of a __global__ function template instantiation
[14.600s]         void (*ptr)(_0, _1) = _kernel_agent<Agent, _0, _1>;
[14.600s]                               ^
[14.600s]           detected during:
[14.601s]             instantiation of [01m"thrust::cuda_cub::core::_kernel_agent"[0m based on template arguments <thrust::cuda_cub::__parallel_for::ParallelForAgent<thrust::cuda_cub::__transform::unary_transform_f<thrust::zip_iterator<thrust::tuple<thrust::detail::normal_iterator<thrust::device_ptr<const float2>>, thrust::detail::normal_iterator<thrust::device_ptr<const float>>, thrust::null_type, thrust::null_type, thrust::null_type, thrust::null_type, thrust::null_type, thrust::null_type, thrust::null_type, thrust::null_type>>, thrust::detail::normal_iterator<thrust::device_ptr<float3>>, thrust::cuda_cub::__transform::no_stencil_tag, ToFloat3, thrust::cuda_cub::__transform::always_true_predicate>, signed long>, thrust::cuda_cub::__transform::unary_transform_f<thrust::zip_iterator<thrust::tuple<thrust::detail::normal_iterator<thrust::device_ptr<const float2>>, thrust::detail::normal_iterator<thrust::device_ptr<const float>>, thrust::null_type, thrust::null_type, thrust::null_type, thrust::null_type, thrust::null_type, thrust::null_type, thrust::null_type, thrust::null_type>>, thrust::detail::normal_iterator<thrust::device_ptr<float3>>, thrust::cuda_cub::__transform::no_stencil_tag, ToFloat3, thrust::cuda_cub::__transform::always_true_predicate>, signed long> [32mat line 892[0m
[14.601s]             instantiation of [01m"void thrust::cuda_cub::core::AgentLauncher<Agent>::launch_impl(thrust::detail::true_type, _0, _1) const [with Agent=thrust::cuda_cub::__parallel_for::ParallelForAgent<thrust::cuda_cub::__transform::unary_transform_f<thrust::zip_iterator<thrust::tuple<thrust::detail::normal_iterator<thrust::device_ptr<const float2>>, thrust::detail::normal_iterator<thrust::device_ptr<const float>>, thrust::null_type, thrust::null_type, thrust::null_type, thrust::null_type, thrust::null_type, thrust::null_type, thrust::null_type, thrust::null_type>>, thrust::detail::normal_iterator<thrust::device_ptr<float3>>, thrust::cuda_cub::__transform::no_stencil_tag, ToFloat3, thrust::cuda_cub::__transform::always_true_predicate>, signed long>, _0=thrust::cuda_cub::__transform::unary_transform_f<thrust::zip_iterator<thrust::tuple<thrust::detail::normal_iterator<thrust::device_ptr<const float2>>, thrust::detail::normal_iterator<thrust::device_ptr<const float>>, thrust::null_type, thrust::null_type, thrust::null_type, thrust::null_type, thrust::null_type, thrust::null_type, thrust::null_type, thrust::null_type>>, thrust::detail::normal_iterator<thrust::device_ptr<float3>>, thrust::cuda_cub::__transform::no_stencil_tag, ToFloat3, thrust::cuda_cub::__transform::always_true_predicate>, _1=signed long]"[0m [32mat line 1043[0m
[14.601s]             instantiation of [01m"void thrust::cuda_cub::core::AgentLauncher<Agent>::launch(_0, _1) const [with Agent=thrust::cuda_cub::__parallel_for::ParallelForAgent<thrust::cuda_cub::__transform::unary_transform_f<thrust::zip_iterator<thrust::tuple<thrust::detail::normal_iterator<thrust::device_ptr<const float2>>, thrust::detail::normal_iterator<thrust::device_ptr<const float>>, thrust::null_type, thrust::null_type, thrust::null_type, thrust::null_type, thrust::null_type, thrust::null_type, thrust::null_type, thrust::null_type>>, thrust::detail::normal_iterator<thrust::device_ptr<float3>>, thrust::cuda_cub::__transform::no_stencil_tag, ToFloat3, thrust::cuda_cub::__transform::always_true_predicate>, signed long>, _0=thrust::cuda_cub::__transform::unary_transform_f<thrust::zip_iterator<thrust::tuple<thrust::detail::normal_iterator<thrust::device_ptr<const float2>>, thrust::detail::normal_iterator<thrust::device_ptr<const float>>, thrust::null_type, thrust::null_type, thrust::null_type, thrust::null_type, thrust::null_type, thrust::null_type, thrust::null_type, thrust::null_type>>, thrust::detail::normal_iterator<thrust::device_ptr<float3>>, thrust::cuda_cub::__transform::no_stencil_tag, ToFloat3, thrust::cuda_cub::__transform::always_true_predicate>, _1=signed long]"[0m [32mat line 139 of /usr/local/cuda/targets/x86_64-linux/include/thrust/system/cuda/detail/parallel_for.h[0m
[14.601s]             instantiation of [01m"cudaError_t thrust::cuda_cub::__parallel_for::parallel_for(Size, F, cudaStream_t) [with F=thrust::cuda_cub::__transform::unary_transform_f<thrust::zip_iterator<thrust::tuple<thrust::detail::normal_iterator<thrust::device_ptr<const float2>>, thrust::detail::normal_iterator<thrust::device_ptr<const float>>, thrust::null_type, thrust::null_type, thrust::null_type, thrust::null_type, thrust::null_type, thrust::null_type, thrust::null_type, thrust::null_type>>, thrust::detail::normal_iterator<thrust::device_ptr<float3>>, thrust::cuda_cub::__transform::no_stencil_tag, ToFloat3, thrust::cuda_cub::__transform::always_true_predicate>, Size=signed long]"[0m [32mat line 161 of /usr/local/cuda/targets/x86_64-linux/include/thrust/system/cuda/detail/parallel_for.h[0m
[14.601s]             instantiation of [01m"void thrust::cuda_cub::parallel_for(thrust::cuda_cub::execution_policy<Derived> &, F, Size) [with Derived=thrust::cuda_cub::tag, F=thrust::cuda_cub::__transform::unary_transform_f<thrust::zip_iterator<thrust::tuple<thrust::detail::normal_iterator<thrust::device_ptr<const float2>>, thrust::detail::normal_iterator<thrust::device_ptr<const float>>, thrust::null_type, thrust::null_type, thrust::null_type, thrust::null_type, thrust::null_type, thrust::null_type, thrust::null_type, thrust::null_type>>, thrust::detail::normal_iterator<thrust::device_ptr<float3>>, thrust::cuda_cub::__transform::no_stencil_tag, ToFloat3, thrust::cuda_cub::__transform::always_true_predicate>, Size=signed long]"[0m [32mat line 233 of /usr/local/cuda/targets/x86_64-linux/include/thrust/system/cuda/detail/transform.h[0m
[14.601s]             instantiation of [01m"OutputIt thrust::cuda_cub::__transform::unary(Policy &, InputIt, OutputIt, Size, StencilIt, TransformOp, Predicate) [with Policy=thrust::cuda_cub::execution_policy<thrust::cuda_cub::tag>, InputIt=thrust::zip_iterator<thrust::tuple<thrust::detail::normal_iterator<thrust::device_ptr<const float2>>, thrust::detail::normal_iterator<thrust::device_ptr<const float>>, thrust::null_type, thrust::null_type, thrust::null_type, thrust::null_type, thrust::null_type, thrust::null_type, thrust::null_type, thrust::null_type>>, Size=signed long, OutputIt=thrust::detail::normal_iterator<thrust::device_ptr<float3>>, StencilIt=thrust::cuda_cub::__transform::no_stencil_tag, TransformOp=ToFloat3, Predicate=thrust::cuda_cub::__transform::always_true_predicate]"[0m [32mat line 312 of /usr/local/cuda/targets/x86_64-linux/include/thrust/system/cuda/detail/transform.h[0m
[14.601s]             instantiation of [01m"OutputIt thrust::cuda_cub::transform_if(thrust::cuda_cub::execution_policy<Derived> &, InputIt, InputIt, StencilInputIt, OutputIt, TransformOp, Predicate) [with Derived=thrust::cuda_cub::tag, InputIt=thrust::zip_iterator<thrust::tuple<thrust::detail::normal_iterator<thrust::device_ptr<const float2>>, thrust::detail::normal_iterator<thrust::device_ptr<const float>>, thrust::null_type, thrust::null_type, thrust::null_type, thrust::null_type, thrust::null_type, thrust::null_type, thrust::null_type, thrust::null_type>>, OutputIt=thrust::detail::normal_iterator<thrust::device_ptr<float3>>, StencilInputIt=thrust::cuda_cub::__transform::no_stencil_tag, TransformOp=ToFloat3, Predicate=thrust::cuda_cub::__transform::always_true_predicate]"[0m [32mat line 334 of /usr/local/cuda/targets/x86_64-linux/include/thrust/system/cuda/detail/transform.h[0m
[14.601s]             instantiation of [01m"OutputIt thrust::cuda_cub::transform_if(thrust::cuda_cub::execution_policy<Derived> &, InputIt, InputIt, OutputIt, TransformOp, Predicate) [with Derived=thrust::cuda_cub::tag, InputIt=thrust::zip_iterator<thrust::tuple<thrust::detail::normal_iterator<thrust::device_ptr<const float2>>, thrust::detail::normal_iterator<thrust::device_ptr<const float>>, thrust::null_type, thrust::null_type, thrust::null_type, thrust::null_type, thrust::null_type, thrust::null_type, thrust::null_type, thrust::null_type>>, OutputIt=thrust::detail::normal_iterator<thrust::device_ptr<float3>>, TransformOp=ToFloat3, Predicate=thrust::cuda_cub::__transform::always_true_predicate]"[0m [32mat line 353 of /usr/local/cuda/targets/x86_64-linux/include/thrust/system/cuda/detail/transform.h[0m
[14.601s]             instantiation of [01m"OutputIt thrust::cuda_cub::transform(thrust::cuda_cub::execution_policy<Derived> &, InputIt, InputIt, OutputIt, TransformOp) [with Derived=thrust::cuda_cub::tag, InputIt=thrust::zip_iterator<thrust::tuple<thrust::detail::normal_iterator<thrust::device_ptr<const float2>>, thrust::detail::normal_iterator<thrust::device_ptr<const float>>, thrust::null_type, thrust::null_type, thrust::null_type, thrust::null_type, thrust::null_type, thrust::null_type, thrust::null_type, thrust::null_type>>, OutputIt=thrust::detail::normal_iterator<thrust::device_ptr<float3>>, TransformOp=ToFloat3]"[0m [32mat line 42 of /usr/local/cuda/targets/x86_64-linux/include/thrust/detail/transform.inl[0m
[14.602s]             instantiation of [01m"OutputIterator thrust::transform(const thrust::detail::execution_policy_base<DerivedPolicy> &, InputIterator, InputIterator, OutputIterator, UnaryFunction) [with DerivedPolicy=thrust::cuda_cub::tag, InputIterator=thrust::zip_iterator<thrust::tuple<thrust::detail::normal_iterator<thrust::device_ptr<const float2>>, thrust::detail::normal_iterator<thrust::device_ptr<const float>>, thrust::null_type, thrust::null_type, thrust::null_type, thrust::null_type, thrust::null_type, thrust::null_type, thrust::null_type, thrust::null_type>>, OutputIterator=thrust::detail::normal_iterator<thrust::device_ptr<float3>>, UnaryFunction=ToFloat3]"[0m [32mat line 140 of /usr/local/cuda/targets/x86_64-linux/include/thrust/detail/transform.inl[0m
[14.602s]             instantiation of [01m"OutputIterator thrust::transform(InputIterator, InputIterator, OutputIterator, UnaryFunction) [with InputIterator=thrust::zip_iterator<thrust::tuple<thrust::detail::normal_iterator<thrust::device_ptr<const float2>>, thrust::detail::normal_iterator<thrust::device_ptr<const float>>, thrust::null_type, thrust::null_type, thrust::null_type, thrust::null_type, thrust::null_type, thrust::null_type, thrust::null_type, thrust::null_type>>, OutputIterator=thrust::detail::normal_iterator<thrust::device_ptr<float3>>, UnaryFunction=ToFloat3]"[0m [32mat line 1314 of /home/jorge/ros2_thesis_ws/src/f_vigs_slam/src/GSSlam.cu[0m
[14.602s] 
[15.402s] 2 errors detected in the compilation of "/home/jorge/ros2_thesis_ws/src/f_vigs_slam/src/GSSlam.cu".
[15.560s] gmake[2]: *** [CMakeFiles/GSSlam.dir/build.make:77: CMakeFiles/GSSlam.dir/src/GSSlam.cu.o] Error 1
[15.560s] gmake[2]: *** Waiting for unfinished jobs....
[31.336s] gmake[1]: *** [CMakeFiles/Makefile2:141: CMakeFiles/GSSlam.dir/all] Error 2
[31.337s] gmake: *** [Makefile:146: all] Error 2
[31.339s] Invoked command in '/home/jorge/ros2_thesis_ws/src/f_vigs_slam/build/f_vigs_slam' returned '2': CMAKE_PREFIX_PATH=${CMAKE_PREFIX_PATH}:/opt/ros/rolling /usr/bin/cmake --build /home/jorge/ros2_thesis_ws/src/f_vigs_slam/build/f_vigs_slam -- -j6 -l6
