[01m[0m[01m/home/jorge/ros2_thesis_ws/src/f_vigs_slam/include/f_vigs_slam/GSSlam.cuh(188)[0m: [01;31merror[0m: "[01misInitialized[0m" has already been declared in the current scope
          bool isInitialized;
               ^

[01m[0m[01m/home/jorge/ros2_thesis_ws/src/f_vigs_slam/include/f_vigs_slam/GSSlam.cuh(188)[0m: [01;31merror[0m: "[01misInitialized[0m" has already been declared in the current scope
          bool isInitialized;
               ^

1 error detected in the compilation of "/home/jorge/ros2_thesis_ws/src/f_vigs_slam/src/RgbdPoseCost.cu".
gmake[2]: *** [CMakeFiles/GSSlam.dir/build.make:107: CMakeFiles/GSSlam.dir/src/RgbdPoseCost.cu.o] Error 2
gmake[2]: *** Waiting for unfinished jobs....
1 error detected in the compilation of "/home/jorge/ros2_thesis_ws/src/f_vigs_slam/src/GSSlam.cu".
gmake[2]: *** [CMakeFiles/GSSlam.dir/build.make:77: CMakeFiles/GSSlam.dir/src/GSSlam.cu.o] Error 2
gmake[1]: *** [CMakeFiles/Makefile2:141: CMakeFiles/GSSlam.dir/all] Error 2
gmake: *** [Makefile:146: all] Error 2
