[0.012s] Invoking command in '/home/jorge/ros2_thesis_ws/src/f_vigs_slam/build/f_vigs_slam': CMAKE_PREFIX_PATH=${CMAKE_PREFIX_PATH}:/opt/ros/rolling /usr/bin/cmake --build /home/jorge/ros2_thesis_ws/src/f_vigs_slam/build/f_vigs_slam -- -j6 -l6
[0.134s] [  8%] [32mBuilding CUDA object CMakeFiles/GSSlam.dir/src/GSSlam.cu.o[0m
[40.706s] [ 16%] [32m[1mLinking CXX shared library libGSSlam.so[0m
[45.891s] [ 58%] Built target GSSlam
[45.922s] [ 66%] [32mBuilding CXX object CMakeFiles/GSSlamNode.dir/src/GSSlamNode.cpp.o[0m
[45.926s] [ 75%] [32mBuilding CXX object CMakeFiles/GSSlamNode.dir/src/GaussianSplattingViewer.cpp.o[0m
[54.398s] In file included from [01m[K/home/jorge/ros2_thesis_ws/src/f_vigs_slam/src/GSSlamNode.cpp:1[m[K:
[54.398s] [01m[K/home/jorge/ros2_thesis_ws/src/f_vigs_slam/include/f_vigs_slam/GSSlamNode.hpp:9:10:[m[K [01;31m[Kfatal error: [m[Kmessage_filters/subscriber.h: No such file or directory
[54.398s]     9 | #include [01;31m[K"message_filters/subscriber.h"[m[K
[54.399s]       |          [01;31m[K^~~~~~~~~~~~~~~~~~~~~~~~~~~~~~[m[K
[54.399s] compilation terminated.
[54.414s] gmake[2]: *** [CMakeFiles/GSSlamNode.dir/build.make:76: CMakeFiles/GSSlamNode.dir/src/GSSlamNode.cpp.o] Error 1
[54.414s] gmake[2]: *** Waiting for unfinished jobs....
[54.585s] In file included from [01m[K/usr/local/cuda/targets/x86_64-linux/include/thrust/detail/internal_functional.h:27[m[K,
[54.586s]                  from [01m[K/usr/local/cuda/targets/x86_64-linux/include/thrust/system/detail/generic/copy.inl:22[m[K,
[54.586s]                  from [01m[K/usr/local/cuda/targets/x86_64-linux/include/thrust/system/detail/generic/copy.h:57[m[K,
[54.586s]                  from [01m[K/usr/local/cuda/targets/x86_64-linux/include/thrust/detail/copy.inl:22[m[K,
[54.586s]                  from [01m[K/usr/local/cuda/targets/x86_64-linux/include/thrust/detail/copy.h:90[m[K,
[54.587s]                  from [01m[K/usr/local/cuda/targets/x86_64-linux/include/thrust/detail/allocator/copy_construct_range.inl:23[m[K,
[54.587s]                  from [01m[K/usr/local/cuda/targets/x86_64-linux/include/thrust/detail/allocator/copy_construct_range.h:45[m[K,
[54.587s]                  from [01m[K/usr/local/cuda/targets/x86_64-linux/include/thrust/detail/contiguous_storage.inl:23[m[K,
[54.588s]                  from [01m[K/usr/local/cuda/targets/x86_64-linux/include/thrust/detail/contiguous_storage.h:234[m[K,
[54.588s]                  from [01m[K/usr/local/cuda/targets/x86_64-linux/include/thrust/detail/vector_base.h:30[m[K,
[54.588s]                  from [01m[K/usr/local/cuda/targets/x86_64-linux/include/thrust/device_vector.h:26[m[K,
[54.588s]                  from [01m[K/home/jorge/ros2_thesis_ws/src/f_vigs_slam/include/f_vigs_slam/GSSlam.cuh:5[m[K,
[54.588s]                  from [01m[K/home/jorge/ros2_thesis_ws/src/f_vigs_slam/include/f_vigs_slam/GaussianSplattingViewer.hpp:10[m[K,
[54.588s]                  from [01m[K/home/jorge/ros2_thesis_ws/src/f_vigs_slam/src/GaussianSplattingViewer.cpp:1[m[K:
[54.588s] /usr/local/cuda/targets/x86_64-linux/include/thrust/system/detail/generic/for_each.h: In instantiation of â€˜[01m[KInputIterator thrust::system::detail::generic::[01;32m[Kfor_each_n[m[K(thrust::execution_policy<Derived>&, InputIterator, Size, UnaryFunction) [35m[K[with DerivedPolicy = thrust::cuda_cub::tag; InputIterator = thrust::device_ptr<float3>; Size = long unsigned int; UnaryFunction = thrust::detail::device_generate_functor<thrust::detail::fill_functor<float3> >][m[K[m[Kâ€™:
[54.588s] [01m[K/usr/local/cuda/targets/x86_64-linux/include/thrust/detail/for_each.inl:67:20:[m[K   required from â€˜[01m[KInputIterator thrust::[01;32m[Kfor_each_n[m[K(const detail::execution_policy_base<DerivedPolicy>&, InputIterator, Size, UnaryFunction) [35m[K[with DerivedPolicy = cuda_cub::tag; InputIterator = device_ptr<float3>; Size = long unsigned int; UnaryFunction = detail::device_generate_functor<detail::fill_functor<float3> >][m[K[m[Kâ€™
[54.588s] [01m[K/usr/local/cuda/targets/x86_64-linux/include/thrust/system/detail/generic/generate.inl:93:28:[m[K   required from â€˜[01m[KOutputIterator thrust::system::detail::generic::[01;32m[Kgenerate_n[m[K(thrust::execution_policy<Derived>&, OutputIterator, Size, Generator) [35m[K[with ExecutionPolicy = thrust::cuda_cub::tag; OutputIterator = thrust::device_ptr<float3>; Size = long unsigned int; Generator = thrust::detail::fill_functor<float3>][m[K[m[Kâ€™
[54.588s] [01m[K/usr/local/cuda/targets/x86_64-linux/include/thrust/detail/generate.inl:56:20:[m[K   required from â€˜[01m[KOutputIterator thrust::[01;32m[Kgenerate_n[m[K(const detail::execution_policy_base<DerivedPolicy>&, OutputIterator, Size, Generator) [35m[K[with DerivedPolicy = cuda_cub::tag; OutputIterator = device_ptr<float3>; Size = long unsigned int; Generator = detail::fill_functor<float3>][m[K[m[Kâ€™
[54.589s] [01m[K/usr/local/cuda/targets/x86_64-linux/include/thrust/system/detail/generic/fill.h:42:28:[m[K   required from â€˜[01m[KOutputIterator thrust::system::detail::generic::[01;32m[Kfill_n[m[K(thrust::execution_policy<Derived>&, OutputIterator, Size, const T&) [35m[K[with DerivedPolicy = thrust::cuda_cub::tag; OutputIterator = thrust::device_ptr<float3>; Size = long unsigned int; T = float3][m[K[m[Kâ€™
[54.589s] [01m[K/usr/local/cuda/targets/x86_64-linux/include/thrust/detail/fill.inl:51:16:[m[K   required from â€˜[01m[KOutputIterator thrust::[01;32m[Kfill_n[m[K(const detail::execution_policy_base<DerivedPolicy>&, OutputIterator, Size, const T&) [35m[K[with DerivedPolicy = cuda_cub::tag; OutputIterator = device_ptr<float3>; Size = long unsigned int; T = float3][m[K[m[Kâ€™
[54.589s] [01m[K/usr/local/cuda/targets/x86_64-linux/include/thrust/system/detail/generic/uninitialized_fill.inl:75:24:[m[K   [ skipping 3 instantiation contexts, use -ftemplate-backtrace-limit=0 to disable ]
[54.589s] [01m[K/usr/local/cuda/targets/x86_64-linux/include/thrust/detail/allocator/default_construct_range.inl:95:31:[m[K   required from â€˜[01m[Ktypename thrust::detail::disable_if<thrust::detail::allocator_traits_detail::needs_default_construct_via_allocator<Allocator, typename thrust::detail::pointer_element<ToPtr>::type>::value>::type thrust::detail::allocator_traits_detail::[01;32m[Kdefault_construct_range[m[K(Allocator&, Pointer, Size) [35m[K[with Allocator = thrust::device_allocator<float3>; Pointer = thrust::device_ptr<float3>; Size = long unsigned int; typename thrust::detail::disable_if<needs_default_construct_via_allocator<Allocator, typename thrust::detail::pointer_element<ToPtr>::type>::value>::type = void; typename thrust::detail::pointer_element<ToPtr>::type = float3][m[K[m[Kâ€™
[54.589s] [01m[K/usr/local/cuda/targets/x86_64-linux/include/thrust/detail/allocator/default_construct_range.inl:106:58:[m[K   required from â€˜[01m[Kvoid thrust::detail::[01;32m[Kdefault_construct_range[m[K(Allocator&, Pointer, Size) [35m[K[with Allocator = thrust::device_allocator<float3>; Pointer = thrust::device_ptr<float3>; Size = long unsigned int][m[K[m[Kâ€™
[54.589s] [01m[K/usr/local/cuda/targets/x86_64-linux/include/thrust/detail/contiguous_storage.inl:256:26:[m[K   required from â€˜[01m[Kvoid thrust::detail::contiguous_storage<T, Alloc>::[01;32m[Kdefault_construct_n[m[K(iterator, size_type) [35m[K[with T = float3; Alloc = thrust::device_allocator<float3>; iterator = thrust::detail::normal_iterator<thrust::device_ptr<float3> >; size_type = long unsigned int][m[K[m[Kâ€™
[54.589s] [01m[K/usr/local/cuda/targets/x86_64-linux/include/thrust/detail/vector_base.inl:929:36:[m[K   required from â€˜[01m[Kvoid thrust::detail::vector_base<T, Alloc>::[01;32m[Kappend[m[K(size_type) [35m[K[with T = float3; Alloc = thrust::device_allocator<float3>; size_type = long unsigned int][m[K[m[Kâ€™
[54.589s] [01m[K/usr/local/cuda/targets/x86_64-linux/include/thrust/detail/vector_base.inl:349:5:[m[K   required from â€˜[01m[Kvoid thrust::detail::vector_base<T, Alloc>::[01;32m[Kresize[m[K(size_type) [35m[K[with T = float3; Alloc = thrust::device_allocator<float3>; size_type = long unsigned int][m[K[m[Kâ€™
[54.589s] [01m[K/home/jorge/ros2_thesis_ws/src/f_vigs_slam/include/f_vigs_slam/RepresentationClasses.hpp:63:29:[m[K   required from here
[54.589s] [01m[K/usr/local/cuda/targets/x86_64-linux/include/thrust/system/detail/generic/for_each.h:66:69:[m[K [01;31m[Kerror: [m[Kstatic assertion failed: unimplemented for this system
[54.589s]    66 |     [01;31m[K(thrust::detail::depend_on_instantiation<InputIterator, false>::value)[m[K
[54.589s]       |     [01;31m[K~~~~~~~~~~~~~~~~~~~~~~~~~~~~~~~~~~~~~~~~~~~~~~~~~~~~~~~~~~~~~~~~^~~~~~[m[K
[54.590s] [01m[K/usr/local/cuda/targets/x86_64-linux/include/thrust/detail/static_assert.h:50:58:[m[K [01;36m[Knote: [m[Kin definition of macro â€˜[01m[KTHRUST_STATIC_ASSERT_MSG[m[Kâ€™
[54.590s]    50 | #  define THRUST_STATIC_ASSERT_MSG(B, msg) static_assert([01;36m[KB[m[K, msg)
[54.590s]       |                                                          [01;36m[K^[m[K
[54.590s] [01m[K/usr/local/cuda/targets/x86_64-linux/include/thrust/system/detail/generic/for_each.h:66:69:[m[K [01;36m[Knote: [m[Kâ€˜[01m[Kthrust::detail::depend_on_instantiation<thrust::device_ptr<float3>, false>::value[m[Kâ€™ evaluates to false
[54.590s]    66 |     [01;36m[K(thrust::detail::depend_on_instantiation<InputIterator, false>::value)[m[K
[54.590s]       |     [01;36m[K~~~~~~~~~~~~~~~~~~~~~~~~~~~~~~~~~~~~~~~~~~~~~~~~~~~~~~~~~~~~~~~~^~~~~~[m[K
[54.590s] [01m[K/usr/local/cuda/targets/x86_64-linux/include/thrust/detail/static_assert.h:50:58:[m[K [01;36m[Knote: [m[Kin definition of macro â€˜[01m[KTHRUST_STATIC_ASSERT_MSG[m[Kâ€™
[54.590s]    50 | #  define THRUST_STATIC_ASSERT_MSG(B, msg) static_assert([01;36m[KB[m[K, msg)
[54.590s]       |                                                          [01;36m[K^[m[K
[54.590s] /usr/local/cuda/targets/x86_64-linux/include/thrust/system/detail/generic/for_each.h: In instantiation of â€˜[01m[KInputIterator thrust::system::detail::generic::[01;32m[Kfor_each_n[m[K(thrust::execution_policy<Derived>&, InputIterator, Size, UnaryFunction) [35m[K[with DerivedPolicy = thrust::cuda_cub::tag; InputIterator = thrust::device_ptr<float4>; Size = long unsigned int; UnaryFunction = thrust::detail::device_generate_functor<thrust::detail::fill_functor<float4> >][m[K[m[Kâ€™:
[54.590s] [01m[K/usr/local/cuda/targets/x86_64-linux/include/thrust/detail/for_each.inl:67:20:[m[K   required from â€˜[01m[KInputIterator thrust::[01;32m[Kfor_each_n[m[K(const detail::execution_policy_base<DerivedPolicy>&, InputIterator, Size, UnaryFunction) [35m[K[with DerivedPolicy = cuda_cub::tag; InputIterator = device_ptr<float4>; Size = long unsigned int; UnaryFunction = detail::device_generate_functor<detail::fill_functor<float4> >][m[K[m[Kâ€™
[54.590s] [01m[K/usr/local/cuda/targets/x86_64-linux/include/thrust/system/detail/generic/generate.inl:93:28:[m[K   required from â€˜[01m[KOutputIterator thrust::system::detail::generic::[01;32m[Kgenerate_n[m[K(thrust::execution_policy<Derived>&, OutputIterator, Size, Generator) [35m[K[with ExecutionPolicy = thrust::cuda_cub::tag; OutputIterator = thrust::device_ptr<float4>; Size = long unsigned int; Generator = thrust::detail::fill_functor<float4>][m[K[m[Kâ€™
[54.590s] [01m[K/usr/local/cuda/targets/x86_64-linux/include/thrust/detail/generate.inl:56:20:[m[K   required from â€˜[01m[KOutputIterator thrust::[01;32m[Kgenerate_n[m[K(const detail::execution_policy_base<DerivedPolicy>&, OutputIterator, Size, Generator) [35m[K[with DerivedPolicy = cuda_cub::tag; OutputIterator = device_ptr<float4>; Size = long unsigned int; Generator = detail::fill_functor<float4>][m[K[m[Kâ€™
[54.590s] [01m[K/usr/local/cuda/targets/x86_64-linux/include/thrust/system/detail/generic/fill.h:42:28:[m[K   required from â€˜[01m[KOutputIterator thrust::system::detail::generic::[01;32m[Kfill_n[m[K(thrust::execution_policy<Derived>&, OutputIterator, Size, const T&) [35m[K[with DerivedPolicy = thrust::cuda_cub::tag; OutputIterator = thrust::device_ptr<float4>; Size = long unsigned int; T = float4][m[K[m[Kâ€™
[54.591s] [01m[K/usr/local/cuda/targets/x86_64-linux/include/thrust/detail/fill.inl:51:16:[m[K   required from â€˜[01m[KOutputIterator thrust::[01;32m[Kfill_n[m[K(const detail::execution_policy_base<DerivedPolicy>&, OutputIterator, Size, const T&) [35m[K[with DerivedPolicy = cuda_cub::tag; OutputIterator = device_ptr<float4>; Size = long unsigned int; T = float4][m[K[m[Kâ€™
[54.591s] [01m[K/usr/local/cuda/targets/x86_64-linux/include/thrust/system/detail/generic/uninitialized_fill.inl:75:24:[m[K   [ skipping 3 instantiation contexts, use -ftemplate-backtrace-limit=0 to disable ]
[54.591s] [01m[K/usr/local/cuda/targets/x86_64-linux/include/thrust/detail/allocator/default_construct_range.inl:95:31:[m[K   required from â€˜[01m[Ktypename thrust::detail::disable_if<thrust::detail::allocator_traits_detail::needs_default_construct_via_allocator<Allocator, typename thrust::detail::pointer_element<ToPtr>::type>::value>::type thrust::detail::allocator_traits_detail::[01;32m[Kdefault_construct_range[m[K(Allocator&, Pointer, Size) [35m[K[with Allocator = thrust::device_allocator<float4>; Pointer = thrust::device_ptr<float4>; Size = long unsigned int; typename thrust::detail::disable_if<needs_default_construct_via_allocator<Allocator, typename thrust::detail::pointer_element<ToPtr>::type>::value>::type = void; typename thrust::detail::pointer_element<ToPtr>::type = float4][m[K[m[Kâ€™
[54.591s] [01m[K/usr/local/cuda/targets/x86_64-linux/include/thrust/detail/allocator/default_construct_range.inl:106:58:[m[K   required from â€˜[01m[Kvoid thrust::detail::[01;32m[Kdefault_construct_range[m[K(Allocator&, Pointer, Size) [35m[K[with Allocator = thrust::device_allocator<float4>; Pointer = thrust::device_ptr<float4>; Size = long unsigned int][m[K[m[Kâ€™
[54.591s] [01m[K/usr/local/cuda/targets/x86_64-linux/include/thrust/detail/contiguous_storage.inl:256:26:[m[K   required from â€˜[01m[Kvoid thrust::detail::contiguous_storage<T, Alloc>::[01;32m[Kdefault_construct_n[m[K(iterator, size_type) [35m[K[with T = float4; Alloc = thrust::device_allocator<float4>; iterator = thrust::detail::normal_iterator<thrust::device_ptr<float4> >; size_type = long unsigned int][m[K[m[Kâ€™
[54.591s] [01m[K/usr/local/cuda/targets/x86_64-linux/include/thrust/detail/vector_base.inl:929:36:[m[K   required from â€˜[01m[Kvoid thrust::detail::vector_base<T, Alloc>::[01;32m[Kappend[m[K(size_type) [35m[K[with T = float4; Alloc = thrust::device_allocator<float4>; size_type = long unsigned int][m[K[m[Kâ€™
[54.591s] [01m[K/usr/local/cuda/targets/x86_64-linux/include/thrust/detail/vector_base.inl:349:5:[m[K   required from â€˜[01m[Kvoid thrust::detail::vector_base<T, Alloc>::[01;32m[Kresize[m[K(size_type) [35m[K[with T = float4; Alloc = thrust::device_allocator<float4>; size_type = long unsigned int][m[K[m[Kâ€™
[54.591s] [01m[K/home/jorge/ros2_thesis_ws/src/f_vigs_slam/include/f_vigs_slam/RepresentationClasses.hpp:65:32:[m[K   required from here
[54.591s] [01m[K/usr/local/cuda/targets/x86_64-linux/include/thrust/system/detail/generic/for_each.h:66:69:[m[K [01;31m[Kerror: [m[Kstatic assertion failed: unimplemented for this system
[54.591s]    66 |     [01;31m[K(thrust::detail::depend_on_instantiation<InputIterator, false>::value)[m[K
[54.591s]       |     [01;31m[K~~~~~~~~~~~~~~~~~~~~~~~~~~~~~~~~~~~~~~~~~~~~~~~~~~~~~~~~~~~~~~~~^~~~~~[m[K
[54.591s] [01m[K/usr/local/cuda/targets/x86_64-linux/include/thrust/detail/static_assert.h:50:58:[m[K [01;36m[Knote: [m[Kin definition of macro â€˜[01m[KTHRUST_STATIC_ASSERT_MSG[m[Kâ€™
[54.591s]    50 | #  define THRUST_STATIC_ASSERT_MSG(B, msg) static_assert([01;36m[KB[m[K, msg)
[54.591s]       |                                                          [01;36m[K^[m[K
[54.592s] [01m[K/usr/local/cuda/targets/x86_64-linux/include/thrust/system/detail/generic/for_each.h:66:69:[m[K [01;36m[Knote: [m[Kâ€˜[01m[Kthrust::detail::depend_on_instantiation<thrust::device_ptr<float4>, false>::value[m[Kâ€™ evaluates to false
[54.592s]    66 |     [01;36m[K(thrust::detail::depend_on_instantiation<InputIterator, false>::value)[m[K
[54.592s]       |     [01;36m[K~~~~~~~~~~~~~~~~~~~~~~~~~~~~~~~~~~~~~~~~~~~~~~~~~~~~~~~~~~~~~~~~^~~~~~[m[K
[54.592s] [01m[K/usr/local/cuda/targets/x86_64-linux/include/thrust/detail/static_assert.h:50:58:[m[K [01;36m[Knote: [m[Kin definition of macro â€˜[01m[KTHRUST_STATIC_ASSERT_MSG[m[Kâ€™
[54.592s]    50 | #  define THRUST_STATIC_ASSERT_MSG(B, msg) static_assert([01;36m[KB[m[K, msg)
[54.592s]       |                                                          [01;36m[K^[m[K
[54.592s] /usr/local/cuda/targets/x86_64-linux/include/thrust/system/detail/generic/for_each.h: In instantiation of â€˜[01m[KInputIterator thrust::system::detail::generic::[01;32m[Kfor_each_n[m[K(thrust::execution_policy<Derived>&, InputIterator, Size, UnaryFunction) [35m[K[with DerivedPolicy = thrust::cuda_cub::tag; InputIterator = thrust::device_ptr<float>; Size = long unsigned int; UnaryFunction = thrust::detail::device_generate_functor<thrust::detail::fill_functor<float> >][m[K[m[Kâ€™:
[54.592s] [01m[K/usr/local/cuda/targets/x86_64-linux/include/thrust/detail/for_each.inl:67:20:[m[K   required from â€˜[01m[KInputIterator thrust::[01;32m[Kfor_each_n[m[K(const detail::execution_policy_base<DerivedPolicy>&, InputIterator, Size, UnaryFunction) [35m[K[with DerivedPolicy = cuda_cub::tag; InputIterator = device_ptr<float>; Size = long unsigned int; UnaryFunction = detail::device_generate_functor<detail::fill_functor<float> >][m[K[m[Kâ€™
[54.592s] [01m[K/usr/local/cuda/targets/x86_64-linux/include/thrust/system/detail/generic/generate.inl:93:28:[m[K   required from â€˜[01m[KOutputIterator thrust::system::detail::generic::[01;32m[Kgenerate_n[m[K(thrust::execution_policy<Derived>&, OutputIterator, Size, Generator) [35m[K[with ExecutionPolicy = thrust::cuda_cub::tag; OutputIterator = thrust::device_ptr<float>; Size = long unsigned int; Generator = thrust::detail::fill_functor<float>][m[K[m[Kâ€™
[54.592s] [01m[K/usr/local/cuda/targets/x86_64-linux/include/thrust/detail/generate.inl:56:20:[m[K   required from â€˜[01m[KOutputIterator thrust::[01;32m[Kgenerate_n[m[K(const detail::execution_policy_base<DerivedPolicy>&, OutputIterator, Size, Generator) [35m[K[with DerivedPolicy = cuda_cub::tag; OutputIterator = device_ptr<float>; Size = long unsigned int; Generator = detail::fill_functor<float>][m[K[m[Kâ€™
[54.592s] [01m[K/usr/local/cuda/targets/x86_64-linux/include/thrust/system/detail/generic/fill.h:42:28:[m[K   required from â€˜[01m[KOutputIterator thrust::system::detail::generic::[01;32m[Kfill_n[m[K(thrust::execution_policy<Derived>&, OutputIterator, Size, const T&) [35m[K[with DerivedPolicy = thrust::cuda_cub::tag; OutputIterator = thrust::device_ptr<float>; Size = long unsigned int; T = float][m[K[m[Kâ€™
[54.593s] [01m[K/usr/local/cuda/targets/x86_64-linux/include/thrust/detail/fill.inl:51:16:[m[K   required from â€˜[01m[KOutputIterator thrust::[01;32m[Kfill_n[m[K(const detail::execution_policy_base<DerivedPolicy>&, OutputIterator, Size, const T&) [35m[K[with DerivedPolicy = cuda_cub::tag; OutputIterator = device_ptr<float>; Size = long unsigned int; T = float][m[K[m[Kâ€™
[54.593s] [01m[K/usr/local/cuda/targets/x86_64-linux/include/thrust/system/detail/generic/uninitialized_fill.inl:75:24:[m[K   [ skipping 3 instantiation contexts, use -ftemplate-backtrace-limit=0 to disable ]
[54.593s] [01m[K/usr/local/cuda/targets/x86_64-linux/include/thrust/detail/allocator/default_construct_range.inl:95:31:[m[K   required from â€˜[01m[Ktypename thrust::detail::disable_if<thrust::detail::allocator_traits_detail::needs_default_construct_via_allocator<Allocator, typename thrust::detail::pointer_element<ToPtr>::type>::value>::type thrust::detail::allocator_traits_detail::[01;32m[Kdefault_construct_range[m[K(Allocator&, Pointer, Size) [35m[K[with Allocator = thrust::device_allocator<float>; Pointer = thrust::device_ptr<float>; Size = long unsigned int; typename thrust::detail::disable_if<needs_default_construct_via_allocator<Allocator, typename thrust::detail::pointer_element<ToPtr>::type>::value>::type = void; typename thrust::detail::pointer_element<ToPtr>::type = float][m[K[m[Kâ€™
[54.593s] [01m[K/usr/local/cuda/targets/x86_64-linux/include/thrust/detail/allocator/default_construct_range.inl:106:58:[m[K   required from â€˜[01m[Kvoid thrust::detail::[01;32m[Kdefault_construct_range[m[K(Allocator&, Pointer, Size) [35m[K[with Allocator = thrust::device_allocator<float>; Pointer = thrust::device_ptr<float>; Size = long unsigned int][m[K[m[Kâ€™
[54.593s] [01m[K/usr/local/cuda/targets/x86_64-linux/include/thrust/detail/contiguous_storage.inl:256:26:[m[K   required from â€˜[01m[Kvoid thrust::detail::contiguous_storage<T, Alloc>::[01;32m[Kdefault_construct_n[m[K(iterator, size_type) [35m[K[with T = float; Alloc = thrust::device_allocator<float>; iterator = thrust::detail::normal_iterator<thrust::device_ptr<float> >; size_type = long unsigned int][m[K[m[Kâ€™
[54.593s] [01m[K/usr/local/cuda/targets/x86_64-linux/include/thrust/detail/vector_base.inl:929:36:[m[K   required from â€˜[01m[Kvoid thrust::detail::vector_base<T, Alloc>::[01;32m[Kappend[m[K(size_type) [35m[K[with T = float; Alloc = thrust::device_allocator<float>; size_type = long unsigned int][m[K[m[Kâ€™
[54.593s] [01m[K/usr/local/cuda/targets/x86_64-linux/include/thrust/detail/vector_base.inl:349:5:[m[K   required from â€˜[01m[Kvoid thrust::detail::vector_base<T, Alloc>::[01;32m[Kresize[m[K(size_type) [35m[K[with T = float; Alloc = thrust::device_allocator<float>; size_type = long unsigned int][m[K[m[Kâ€™
[54.593s] [01m[K/home/jorge/ros2_thesis_ws/src/f_vigs_slam/include/f_vigs_slam/RepresentationClasses.hpp:67:29:[m[K   required from here
[54.593s] [01m[K/usr/local/cuda/targets/x86_64-linux/include/thrust/system/detail/generic/for_each.h:66:69:[m[K [01;31m[Kerror: [m[Kstatic assertion failed: unimplemented for this system
[54.593s]    66 |     [01;31m[K(thrust::detail::depend_on_instantiation<InputIterator, false>::value)[m[K
[54.593s]       |     [01;31m[K~~~~~~~~~~~~~~~~~~~~~~~~~~~~~~~~~~~~~~~~~~~~~~~~~~~~~~~~~~~~~~~~^~~~~~[m[K
[54.593s] [01m[K/usr/local/cuda/targets/x86_64-linux/include/thrust/detail/static_assert.h:50:58:[m[K [01;36m[Knote: [m[Kin definition of macro â€˜[01m[KTHRUST_STATIC_ASSERT_MSG[m[Kâ€™
[54.593s]    50 | #  define THRUST_STATIC_ASSERT_MSG(B, msg) static_assert([01;36m[KB[m[K, msg)
[54.593s]       |                                                          [01;36m[K^[m[K
[54.594s] [01m[K/usr/local/cuda/targets/x86_64-linux/include/thrust/system/detail/generic/for_each.h:66:69:[m[K [01;36m[Knote: [m[Kâ€˜[01m[Kthrust::detail::depend_on_instantiation<thrust::device_ptr<float>, false>::value[m[Kâ€™ evaluates to false
[54.594s]    66 |     [01;36m[K(thrust::detail::depend_on_instantiation<InputIterator, false>::value)[m[K
[54.594s]       |     [01;36m[K~~~~~~~~~~~~~~~~~~~~~~~~~~~~~~~~~~~~~~~~~~~~~~~~~~~~~~~~~~~~~~~~^~~~~~[m[K
[54.594s] [01m[K/usr/local/cuda/targets/x86_64-linux/include/thrust/detail/static_assert.h:50:58:[m[K [01;36m[Knote: [m[Kin definition of macro â€˜[01m[KTHRUST_STATIC_ASSERT_MSG[m[Kâ€™
[54.594s]    50 | #  define THRUST_STATIC_ASSERT_MSG(B, msg) static_assert([01;36m[KB[m[K, msg)
[54.594s]       |                                                          [01;36m[K^[m[K
[54.805s] gmake[2]: *** [CMakeFiles/GSSlamNode.dir/build.make:90: CMakeFiles/GSSlamNode.dir/src/GaussianSplattingViewer.cpp.o] Error 1
[54.806s] gmake[1]: *** [CMakeFiles/Makefile2:167: CMakeFiles/GSSlamNode.dir/all] Error 2
[54.806s] gmake: *** [Makefile:146: all] Error 2
[54.809s] Invoked command in '/home/jorge/ros2_thesis_ws/src/f_vigs_slam/build/f_vigs_slam' returned '2': CMAKE_PREFIX_PATH=${CMAKE_PREFIX_PATH}:/opt/ros/rolling /usr/bin/cmake --build /home/jorge/ros2_thesis_ws/src/f_vigs_slam/build/f_vigs_slam -- -j6 -l6
