[0.012s] Invoking command in '/home/jorge/ros2_thesis_ws/src/f_vigs_slam/build/f_vigs_slam': CMAKE_PREFIX_PATH=${CMAKE_PREFIX_PATH}:/opt/ros/rolling /usr/bin/cmake --build /home/jorge/ros2_thesis_ws/src/f_vigs_slam/build/f_vigs_slam -- -j6 -l6
[0.049s] -- Found ament_cmake: 2.8.4 (/opt/ros/rolling/share/ament_cmake/cmake)
[0.303s] -- Found rclcpp: 30.1.3 (/opt/ros/rolling/share/rclcpp/cmake)
[0.375s] -- Found rosidl_generator_c: 5.1.1 (/opt/ros/rolling/share/rosidl_generator_c/cmake)
[0.380s] -- Found rosidl_generator_cpp: 5.1.1 (/opt/ros/rolling/share/rosidl_generator_cpp/cmake)
[0.388s] -- Using all available rosidl_typesupport_c: rosidl_typesupport_fastrtps_c;rosidl_typesupport_introspection_c
[0.399s] -- Using all available rosidl_typesupport_cpp: rosidl_typesupport_fastrtps_cpp;rosidl_typesupport_introspection_cpp
[0.462s] -- Found rmw_implementation_cmake: 7.9.1 (/opt/ros/rolling/share/rmw_implementation_cmake/cmake)
[0.463s] -- Found rmw_fastrtps_cpp: 9.4.4 (/opt/ros/rolling/share/rmw_fastrtps_cpp/cmake)
[0.506s] -- Using RMW implementation 'rmw_fastrtps_cpp' as default
[0.574s] -- Found sensor_msgs: 5.9.1 (/opt/ros/rolling/share/sensor_msgs/cmake)
[0.634s] -- Found cv_bridge: 4.1.0 (/opt/ros/rolling/share/cv_bridge/cmake)
[0.637s] [33mCMake Warning (dev) at /usr/local/lib/cmake/opencv4/OpenCVConfig.cmake:86 (find_package):
[0.637s]   Policy CMP0146 is not set: The FindCUDA module is removed.  Run "cmake
[0.637s]   --help-policy CMP0146" for policy details.  Use the cmake_policy command to
[0.637s]   set the policy and suppress this warning.
[0.637s] 
[0.637s] Call Stack (most recent call first):
[0.637s]   /usr/local/lib/cmake/opencv4/OpenCVConfig.cmake:108 (find_host_package)
[0.637s]   /opt/ros/rolling/share/cv_bridge/cmake/ament_cmake_export_dependencies-extras.cmake:21 (find_package)
[0.637s]   /opt/ros/rolling/share/cv_bridge/cmake/cv_bridgeConfig.cmake:41 (include)
[0.637s]   CMakeLists.txt:24 (find_package)
[0.637s] This warning is for project developers.  Use -Wno-dev to suppress it.
[0.638s] [0m
[0.686s] -- Found CUDA: /usr/local/cuda-12.3 (found suitable exact version "12.3") 
[0.716s] -- Found nav_msgs: 5.9.1 (/opt/ros/rolling/share/nav_msgs/cmake)
[0.745s] -- Found image_transport: 6.4.3 (/opt/ros/rolling/share/image_transport/cmake)
[0.757s] -- Found image_geometry: 4.1.0 (/opt/ros/rolling/share/image_geometry/cmake)
[0.760s] -- Found tf2: 0.45.3 (/opt/ros/rolling/share/tf2/cmake)
[0.763s] -- Found tf2_ros: 0.45.3 (/opt/ros/rolling/share/tf2_ros/cmake)
[0.873s] -- Found tf2_eigen: 0.45.3 (/opt/ros/rolling/share/tf2_eigen/cmake)
[0.876s] -- Found tf2_geometry_msgs: 0.45.3 (/opt/ros/rolling/share/tf2_geometry_msgs/cmake)
[0.880s] [33mCMake Warning (dev) at CMakeLists.txt:32 (find_package):
[0.880s]   Policy CMP0146 is not set: The FindCUDA module is removed.  Run "cmake
[0.880s]   --help-policy CMP0146" for policy details.  Use the cmake_policy command to
[0.880s]   set the policy and suppress this warning.
[0.881s] 
[0.881s] This warning is for project developers.  Use -Wno-dev to suppress it.
[0.881s] [0m
[0.931s] -- Found CUDA: /usr/local/cuda-12.3 (found version "12.3") 
[0.964s] -- Found required Ceres dependency: Eigen version 3.4.0 in /usr/include/eigen3
[0.967s] -- Found required Ceres dependency: glog
[0.968s] -- Found required Ceres dependency: gflags
[0.968s] -- Found Ceres version: 2.0.0 installed in: /usr/local with components: [EigenSparse, SparseLinearAlgebraLibrary, LAPACK, SchurSpecializations, Multithreading]
[0.970s] [0mCMake Deprecation Warning at /opt/ros/rolling/share/ament_cmake_target_dependencies/cmake/ament_target_dependencies.cmake:87 (message):
[0.970s]   ament_target_dependencies() is deprecated.  Use target_link_libraries()
[0.970s]   with modern CMake targets instead.  Try replacing this call with:
[0.970s] 
[0.971s]     target_link_libraries(GSSlamNode PUBLIC
[0.971s]       ${nav_msgs_TARGETS}
[0.971s]       ${sensor_msgs_TARGETS}
[0.971s]       cv_bridge::cv_bridge
[0.971s]       image_geometry::image_geometry
[0.971s]       image_transport::image_transport
[0.971s]       message_filters::message_filters
[0.971s]       rclcpp::rclcpp
[0.971s]       sensor_msgs::sensor_msgs_library
[0.971s]       tf2::tf2
[0.971s]       tf2_eigen::tf2_eigen
[0.971s]       tf2_geometry_msgs::tf2_geometry_msgs
[0.971s]       tf2_ros::static_transform_broadcaster_node
[0.972s]       tf2_ros::tf2_ros
[0.972s]     )
[0.972s] 
[0.972s] Call Stack (most recent call first):
[0.972s]   CMakeLists.txt:115 (ament_target_dependencies)
[0.972s] 
[0.972s] [0m
[0.973s] [0mCMake Deprecation Warning at /opt/ros/rolling/share/ament_cmake_target_dependencies/cmake/ament_target_dependencies.cmake:87 (message):
[0.973s]   ament_target_dependencies() is deprecated.  Use target_link_libraries()
[0.973s]   with modern CMake targets instead.  Try replacing this call with:
[0.973s] 
[0.973s]     target_link_libraries(gs_slam_node PUBLIC
[0.973s]       rclcpp::rclcpp
[0.973s]     )
[0.973s] 
[0.974s] Call Stack (most recent call first):
[0.974s]   CMakeLists.txt:175 (ament_target_dependencies)
[0.974s] 
[0.974s] [0m
[0.974s] -- Found ament_lint_auto: 0.20.3 (/opt/ros/rolling/share/ament_lint_auto/cmake)
[1.142s] -- Added test 'cppcheck' to perform static code analysis on C / C++ code
[1.143s] -- Configured cppcheck include dirs: /home/jorge/ros2_thesis_ws/src/f_vigs_slam/include;$<BUILD_INTERFACE:/home/jorge/ros2_thesis_ws/src/f_vigs_slam/include>
[1.143s] -- Configured cppcheck exclude dirs and/or files: 
[1.151s] -- Added test 'flake8' to check Python code syntax and style conventions
[1.151s] -- Configured 'flake8' exclude dirs and/or files: 
[1.166s] -- Added test 'lint_cmake' to check CMake code style
[1.174s] -- Added test 'pep257' to check Python code against some of the docstring style conventions in PEP 257
[1.233s] -- Added test 'uncrustify' to check C / C++ code style
[1.233s] -- Configured uncrustify additional arguments: 
[1.241s] -- Added test 'xmllint' to check XML markup files
[1.242s] -- Configuring done (1.2s)
[1.261s] [33mCMake Warning (dev) in CMakeLists.txt:
[1.261s]   Policy CMP0104 is not set: CMAKE_CUDA_ARCHITECTURES now detected for NVCC,
[1.261s]   empty CUDA_ARCHITECTURES not allowed.  Run "cmake --help-policy CMP0104"
[1.261s]   for policy details.  Use the cmake_policy command to set the policy and
[1.261s]   suppress this warning.
[1.262s] 
[1.262s]   CUDA_ARCHITECTURES is empty for target "GSSlam".
[1.262s] This warning is for project developers.  Use -Wno-dev to suppress it.
[1.262s] [0m
[1.268s] [33mCMake Warning (dev) in CMakeLists.txt:
[1.268s]   Policy CMP0104 is not set: CMAKE_CUDA_ARCHITECTURES now detected for NVCC,
[1.268s]   empty CUDA_ARCHITECTURES not allowed.  Run "cmake --help-policy CMP0104"
[1.268s]   for policy details.  Use the cmake_policy command to set the policy and
[1.269s]   suppress this warning.
[1.269s] 
[1.269s]   CUDA_ARCHITECTURES is empty for target "GSSlamNode".
[1.269s] This warning is for project developers.  Use -Wno-dev to suppress it.
[1.269s] [0m
[1.272s] [33mCMake Warning (dev) in CMakeLists.txt:
[1.272s]   Policy CMP0104 is not set: CMAKE_CUDA_ARCHITECTURES now detected for NVCC,
[1.272s]   empty CUDA_ARCHITECTURES not allowed.  Run "cmake --help-policy CMP0104"
[1.273s]   for policy details.  Use the cmake_policy command to set the policy and
[1.273s]   suppress this warning.
[1.273s] 
[1.273s]   CUDA_ARCHITECTURES is empty for target "GSSlamNode".
[1.273s] This warning is for project developers.  Use -Wno-dev to suppress it.
[1.273s] [0m
[1.291s] -- Generating done (0.0s)
[1.295s] [33mCMake Warning (dev) in CMakeLists.txt:
[1.295s]   Policy CMP0104 is not set: CMAKE_CUDA_ARCHITECTURES now detected for NVCC,
[1.295s]   empty CUDA_ARCHITECTURES not allowed.  Run "cmake --help-policy CMP0104"
[1.295s]   for policy details.  Use the cmake_policy command to set the policy and
[1.295s]   suppress this warning.
[1.295s] 
[1.295s]   CUDA_ARCHITECTURES is empty for target "GSSlam".
[1.295s] This warning is for project developers.  Use -Wno-dev to suppress it.
[1.295s] [0m
[1.296s] [33mCMake Warning (dev) in CMakeLists.txt:
[1.296s]   Policy CMP0104 is not set: CMAKE_CUDA_ARCHITECTURES now detected for NVCC,
[1.296s]   empty CUDA_ARCHITECTURES not allowed.  Run "cmake --help-policy CMP0104"
[1.296s]   for policy details.  Use the cmake_policy command to set the policy and
[1.297s]   suppress this warning.
[1.297s] 
[1.297s]   CUDA_ARCHITECTURES is empty for target "GSSlamNode".
[1.297s] This warning is for project developers.  Use -Wno-dev to suppress it.
[1.297s] [0m
[1.301s] -- Build files have been written to: /home/jorge/ros2_thesis_ws/src/f_vigs_slam/build/f_vigs_slam
[1.452s] [  6%] [32mBuilding CUDA object CMakeFiles/GSSlam.dir/src/GSSlam.cu.o[0m
[1.453s] [ 13%] [32mBuilding CUDA object CMakeFiles/GSSlam.dir/src/GSCudaKernels.cu.o[0m
[1.455s] [ 20%] [32mBuilding CUDA object CMakeFiles/GSSlam.dir/src/RgbdPoseCost.cu.o[0m
[1.456s] [ 26%] [32mBuilding CXX object CMakeFiles/GSSlam.dir/src/KeyframeSelector.cpp.o[0m
[6.628s] [01m[0m[01m/home/jorge/ros2_thesis_ws/src/f_vigs_slam/src/GSCudaKernels.cu(1593)[0m: [01;31merror[0m: no operator "[01m=[0m" matches these operands
[6.628s]             operand types are: float3 = const float2
[6.628s]                   s_positions[threadIdx.y * 16 + threadIdx.x] = imgPositions[gid];
[6.628s]                                                               ^
[6.628s] 
[6.631s] [01m[0m[01m/home/jorge/ros2_thesis_ws/src/f_vigs_slam/src/GSCudaKernels.cu(1941)[0m: [01;31merror[0m: identifier "[01mbucketToTile[0m" is undefined
[6.631s]               if (bIdx < bucketCount) bucketToTile[bucket_base + bIdx] = tileId;
[6.631s]                                       ^
[6.631s] 
[6.631s] [01m[0m[01m/home/jorge/ros2_thesis_ws/src/f_vigs_slam/src/GSCudaKernels.cu(1972)[0m: [01;31merror[0m: no operator "[01m=[0m" matches these operands
[6.631s]             operand types are: float3 = const float
[6.631s]                   s_depths[threadIdx.y * 16 + threadIdx.x] = depths[gid];
[6.632s]                                                            ^
[6.632s] 
[6.632s] [01m[0m[01m/home/jorge/ros2_thesis_ws/src/f_vigs_slam/src/GSCudaKernels.cu(1995)[0m: [01;31merror[0m: no suitable conversion function from "float3" to "float" exists
[6.632s]                   float z_c = s_depths[i];
[6.632s]                               ^
[6.632s] 
[7.450s] [01m[0m[01m/home/jorge/ros2_thesis_ws/src/f_vigs_slam/src/GSCudaKernels.cu(2675)[0m: [01;31merror[0m: too few arguments in function call
[7.450s]           scales[idx] = max(make_float3(0.001f), scale);
[7.450s]                                               ^
[7.450s] 
[7.494s] 5 errors detected in the compilation of "/home/jorge/ros2_thesis_ws/src/f_vigs_slam/src/GSCudaKernels.cu".
[7.598s] gmake[2]: *** [CMakeFiles/GSSlam.dir/build.make:92: CMakeFiles/GSSlam.dir/src/GSCudaKernels.cu.o] Error 2
[7.598s] gmake[2]: *** Waiting for unfinished jobs....
[41.264s] gmake[1]: *** [CMakeFiles/Makefile2:141: CMakeFiles/GSSlam.dir/all] Error 2
[41.264s] gmake: *** [Makefile:146: all] Error 2
[41.267s] Invoked command in '/home/jorge/ros2_thesis_ws/src/f_vigs_slam/build/f_vigs_slam' returned '2': CMAKE_PREFIX_PATH=${CMAKE_PREFIX_PATH}:/opt/ros/rolling /usr/bin/cmake --build /home/jorge/ros2_thesis_ws/src/f_vigs_slam/build/f_vigs_slam -- -j6 -l6
