[0.012s] Invoking command in '/home/jorge/ros2_thesis_ws/src/f_vigs_slam/build/f_vigs_slam': CMAKE_PREFIX_PATH=${CMAKE_PREFIX_PATH}:/opt/ros/rolling /usr/bin/cmake --build /home/jorge/ros2_thesis_ws/src/f_vigs_slam/build/f_vigs_slam -- -j6 -l6
[0.113s] [  6%] [32mBuilding CUDA object CMakeFiles/GSSlam.dir/src/GSCudaKernels.cu.o[0m
[21.669s] [ 13%] [32m[1mLinking CXX shared library libGSSlam.so[0m
[23.615s] [ 60%] Built target GSSlam
[23.701s] [ 66%] [32mBuilding CUDA object CMakeFiles/GSSlamNode.dir/src/GSSlamNode.cpp.o[0m
[23.702s] [ 73%] [32mBuilding CUDA object CMakeFiles/GSSlamNode.dir/src/GaussianSplattingViewer.cpp.o[0m
[131.756s] [ 80%] [32m[1mLinking CUDA device code CMakeFiles/GSSlamNode.dir/cmake_device_link.o[0m
[131.854s] [ 86%] [32m[1mLinking CXX shared library libGSSlamNode.so[0m
[134.680s] [ 86%] Built target GSSlamNode
[134.733s] [ 93%] [32m[1mLinking CXX executable gs_slam_node[0m
[136.192s] /usr/bin/ld: libGSSlam.so: undefined reference to `f_vigs_slam::KeyframeSelector::sample_gumbel(int, int, std::vector<float, std::allocator<float> > const&)'
[136.227s] collect2: error: ld returned 1 exit status
[136.229s] gmake[2]: *** [CMakeFiles/gs_slam_node.dir/build.make:290: gs_slam_node] Error 1
[136.229s] gmake[1]: *** [CMakeFiles/Makefile2:194: CMakeFiles/gs_slam_node.dir/all] Error 2
[136.230s] gmake: *** [Makefile:146: all] Error 2
[136.233s] Invoked command in '/home/jorge/ros2_thesis_ws/src/f_vigs_slam/build/f_vigs_slam' returned '2': CMAKE_PREFIX_PATH=${CMAKE_PREFIX_PATH}:/opt/ros/rolling /usr/bin/cmake --build /home/jorge/ros2_thesis_ws/src/f_vigs_slam/build/f_vigs_slam -- -j6 -l6
