[0.000000] (-) TimerEvent: {}
[0.000266] (f_vigs_slam) JobQueued: {'identifier': 'f_vigs_slam', 'dependencies': OrderedDict()}
[0.000326] (f_vigs_slam) JobStarted: {'identifier': 'f_vigs_slam'}
[0.008130] (f_vigs_slam) JobProgress: {'identifier': 'f_vigs_slam', 'progress': 'cmake'}
[0.008992] (f_vigs_slam) JobProgress: {'identifier': 'f_vigs_slam', 'progress': 'build'}
[0.009740] (f_vigs_slam) Command: {'cmd': ['/usr/bin/cmake', '--build', '/home/jorge/ros2_thesis_ws/src/f_vigs_slam/build/f_vigs_slam', '--', '-j6', '-l6'], 'cwd': '/home/jorge/ros2_thesis_ws/src/f_vigs_slam/build/f_vigs_slam', 'env': OrderedDict({'LESSOPEN': '| /usr/bin/lesspipe %s', 'USER': 'jorge', 'SHLVL': '1', 'LD_LIBRARY_PATH': '/usr/local/cuda-12.3/lib64:/opt/ros/rolling/opt/zenoh_cpp_vendor/lib:/opt/ros/rolling/opt/gz_math_vendor/lib:/opt/ros/rolling/opt/gz_utils_vendor/lib:/opt/ros/rolling/opt/rviz_ogre_vendor/lib:/opt/ros/rolling/lib/x86_64-linux-gnu:/opt/ros/rolling/opt/gz_cmake_vendor/lib:/opt/ros/rolling/lib:/usr/local/cuda-11.8/lib64:', 'MOTD_SHOWN': 'update-motd', 'HOME': '/home/jorge', 'OLDPWD': '/home/jorge/ros2_thesis_ws/src', 'ROS_PYTHON_VERSION': '3', 'DBUS_SESSION_BUS_ADDRESS': 'unix:path=/run/user/1000/bus', 'WSL_DISTRO_NAME': 'Ubuntu', 'WAYLAND_DISPLAY': 'wayland-0', 'ROS_DISTRO': 'rolling', 'LOGNAME': 'jorge', 'NAME': 'DESKTOP-ECKJB30', 'WSL_INTEROP': '/run/WSL/299_interop', 'PULSE_SERVER': 'unix:/mnt/wslg/PulseServer', '_': '/usr/bin/colcon', 'ROS_VERSION': '2', 'TERM': 'xterm-256color', 'PATH': '/usr/local/cuda-12.3/bin:/opt/ros/rolling/bin:/usr/local/cuda-11.8/bin:/usr/local/sbin:/usr/local/bin:/usr/sbin:/usr/bin:/sbin:/bin:/usr/games:/usr/local/games:/usr/lib/wsl/lib:/mnt/d/NVIDIA/bin:/mnt/d/NVIDIA/libnvvp:/mnt/c/Program Files/NVIDIA Corporation/Nsight Compute 2022.3.0/:/mnt/c/Windows/System32/WindowsPowerShell/v1.0/:/mnt/c/Users/jorge/AppData/Local/Microsoft/WindowsApps:/mnt/d/Program Files/IntelliJ IDEA Community Edition 2024.3/bin:/mnt/d/Program Files (x86)/Microsoft VS Code/bin:/mnt/c/Users/jorge/AppData/Local/GitHubDesktop/bin:/mnt/c/Users/jorge/.dotnet/tools:/mnt/c/Users/jorge/AppData/Roaming/TinyTeX/bin/windows:/snap/bin', 'XDG_RUNTIME_DIR': '/run/user/1000/', 'DISPLAY': ':0', 'LANG': 'C.UTF-8', 'LS_COLORS': 'rs=0:di=01;34:ln=01;36:mh=00:pi=40;33:so=01;35:do=01;35:bd=40;33;01:cd=40;33;01:or=40;31;01:mi=00:su=37;41:sg=30;43:ca=00:tw=30;42:ow=34;42:st=37;44:ex=01;32:*.tar=01;31:*.tgz=01;31:*.arc=01;31:*.arj=01;31:*.taz=01;31:*.lha=01;31:*.lz4=01;31:*.lzh=01;31:*.lzma=01;31:*.tlz=01;31:*.txz=01;31:*.tzo=01;31:*.t7z=01;31:*.zip=01;31:*.z=01;31:*.dz=01;31:*.gz=01;31:*.lrz=01;31:*.lz=01;31:*.lzo=01;31:*.xz=01;31:*.zst=01;31:*.tzst=01;31:*.bz2=01;31:*.bz=01;31:*.tbz=01;31:*.tbz2=01;31:*.tz=01;31:*.deb=01;31:*.rpm=01;31:*.jar=01;31:*.war=01;31:*.ear=01;31:*.sar=01;31:*.rar=01;31:*.alz=01;31:*.ace=01;31:*.zoo=01;31:*.cpio=01;31:*.7z=01;31:*.rz=01;31:*.cab=01;31:*.wim=01;31:*.swm=01;31:*.dwm=01;31:*.esd=01;31:*.avif=01;35:*.jpg=01;35:*.jpeg=01;35:*.mjpg=01;35:*.mjpeg=01;35:*.gif=01;35:*.bmp=01;35:*.pbm=01;35:*.pgm=01;35:*.ppm=01;35:*.tga=01;35:*.xbm=01;35:*.xpm=01;35:*.tif=01;35:*.tiff=01;35:*.png=01;35:*.svg=01;35:*.svgz=01;35:*.mng=01;35:*.pcx=01;35:*.mov=01;35:*.mpg=01;35:*.mpeg=01;35:*.m2v=01;35:*.mkv=01;35:*.webm=01;35:*.webp=01;35:*.ogm=01;35:*.mp4=01;35:*.m4v=01;35:*.mp4v=01;35:*.vob=01;35:*.qt=01;35:*.nuv=01;35:*.wmv=01;35:*.asf=01;35:*.rm=01;35:*.rmvb=01;35:*.flc=01;35:*.avi=01;35:*.fli=01;35:*.flv=01;35:*.gl=01;35:*.dl=01;35:*.xcf=01;35:*.xwd=01;35:*.yuv=01;35:*.cgm=01;35:*.emf=01;35:*.ogv=01;35:*.ogx=01;35:*.aac=00;36:*.au=00;36:*.flac=00;36:*.m4a=00;36:*.mid=00;36:*.midi=00;36:*.mka=00;36:*.mp3=00;36:*.mpc=00;36:*.ogg=00;36:*.ra=00;36:*.wav=00;36:*.oga=00;36:*.opus=00;36:*.spx=00;36:*.xspf=00;36:*~=00;90:*#=00;90:*.bak=00;90:*.crdownload=00;90:*.dpkg-dist=00;90:*.dpkg-new=00;90:*.dpkg-old=00;90:*.dpkg-tmp=00;90:*.old=00;90:*.orig=00;90:*.part=00;90:*.rej=00;90:*.rpmnew=00;90:*.rpmorig=00;90:*.rpmsave=00;90:*.swp=00;90:*.tmp=00;90:*.ucf-dist=00;90:*.ucf-new=00;90:*.ucf-old=00;90:', 'AMENT_PREFIX_PATH': '/opt/ros/rolling', 'SHELL': '/bin/bash', 'LESSCLOSE': '/usr/bin/lesspipe %s %s', 'ROS_AUTOMATIC_DISCOVERY_RANGE': 'SUBNET', 'PWD': '/home/jorge/ros2_thesis_ws/src/f_vigs_slam/build/f_vigs_slam', 'XDG_DATA_DIRS': '/usr/local/share:/usr/share:/var/lib/snapd/desktop', 'PYTHONPATH': '/opt/ros/rolling/opt/gz_math_vendor/lib/python:/opt/ros/rolling/lib/python3.12/site-packages', 'COLCON': '1', 'WSL2_GUI_APPS_ENABLED': '1', 'HOSTTYPE': 'x86_64', 'CMAKE_PREFIX_PATH': '/opt/ros/rolling/opt/gz_math_vendor:/opt/ros/rolling/opt/gz_utils_vendor:/opt/ros/rolling/opt/gz_cmake_vendor:/opt/ros/rolling', 'WSLENV': ''}), 'shell': False}
[0.049035] (f_vigs_slam) StdoutLine: {'line': b'-- Found ament_cmake: 2.8.4 (/opt/ros/rolling/share/ament_cmake/cmake)\n'}
[0.099770] (-) TimerEvent: {}
[0.200516] (-) TimerEvent: {}
[0.292656] (f_vigs_slam) StdoutLine: {'line': b'-- Found rclcpp: 30.1.3 (/opt/ros/rolling/share/rclcpp/cmake)\n'}
[0.301434] (-) TimerEvent: {}
[0.367287] (f_vigs_slam) StdoutLine: {'line': b'-- Found rosidl_generator_c: 5.1.1 (/opt/ros/rolling/share/rosidl_generator_c/cmake)\n'}
[0.372486] (f_vigs_slam) StdoutLine: {'line': b'-- Found rosidl_generator_cpp: 5.1.1 (/opt/ros/rolling/share/rosidl_generator_cpp/cmake)\n'}
[0.381576] (f_vigs_slam) StdoutLine: {'line': b'-- Using all available rosidl_typesupport_c: rosidl_typesupport_fastrtps_c;rosidl_typesupport_introspection_c\n'}
[0.392610] (f_vigs_slam) StdoutLine: {'line': b'-- Using all available rosidl_typesupport_cpp: rosidl_typesupport_fastrtps_cpp;rosidl_typesupport_introspection_cpp\n'}
[0.402438] (-) TimerEvent: {}
[0.459569] (f_vigs_slam) StdoutLine: {'line': b'-- Found rmw_implementation_cmake: 7.9.1 (/opt/ros/rolling/share/rmw_implementation_cmake/cmake)\n'}
[0.461401] (f_vigs_slam) StdoutLine: {'line': b'-- Found rmw_fastrtps_cpp: 9.4.4 (/opt/ros/rolling/share/rmw_fastrtps_cpp/cmake)\n'}
[0.503644] (-) TimerEvent: {}
[0.508650] (f_vigs_slam) StdoutLine: {'line': b"-- Using RMW implementation 'rmw_fastrtps_cpp' as default\n"}
[0.581830] (f_vigs_slam) StdoutLine: {'line': b'-- Found sensor_msgs: 5.9.1 (/opt/ros/rolling/share/sensor_msgs/cmake)\n'}
[0.605952] (-) TimerEvent: {}
[0.643529] (f_vigs_slam) StdoutLine: {'line': b'-- Found cv_bridge: 4.1.0 (/opt/ros/rolling/share/cv_bridge/cmake)\n'}
[0.645514] (f_vigs_slam) StderrLine: {'line': b'\x1b[33mCMake Warning (dev) at /usr/local/lib/cmake/opencv4/OpenCVConfig.cmake:86 (find_package):\n'}
[0.645948] (f_vigs_slam) StderrLine: {'line': b'  Policy CMP0146 is not set: The FindCUDA module is removed.  Run "cmake\n'}
[0.646040] (f_vigs_slam) StderrLine: {'line': b'  --help-policy CMP0146" for policy details.  Use the cmake_policy command to\n'}
[0.646119] (f_vigs_slam) StderrLine: {'line': b'  set the policy and suppress this warning.\n'}
[0.646196] (f_vigs_slam) StderrLine: {'line': b'\n'}
[0.646272] (f_vigs_slam) StderrLine: {'line': b'Call Stack (most recent call first):\n'}
[0.646346] (f_vigs_slam) StderrLine: {'line': b'  /usr/local/lib/cmake/opencv4/OpenCVConfig.cmake:108 (find_host_package)\n'}
[0.646419] (f_vigs_slam) StderrLine: {'line': b'  /opt/ros/rolling/share/cv_bridge/cmake/ament_cmake_export_dependencies-extras.cmake:21 (find_package)\n'}
[0.646491] (f_vigs_slam) StderrLine: {'line': b'  /opt/ros/rolling/share/cv_bridge/cmake/cv_bridgeConfig.cmake:41 (include)\n'}
[0.646565] (f_vigs_slam) StderrLine: {'line': b'  CMakeLists.txt:24 (find_package)\n'}
[0.646637] (f_vigs_slam) StderrLine: {'line': b'This warning is for project developers.  Use -Wno-dev to suppress it.\n'}
[0.646710] (f_vigs_slam) StderrLine: {'line': b'\x1b[0m\n'}
[0.695757] (f_vigs_slam) StdoutLine: {'line': b'-- Found CUDA: /usr/local/cuda-12.3 (found suitable exact version "12.3") \n'}
[0.707077] (-) TimerEvent: {}
[0.725835] (f_vigs_slam) StdoutLine: {'line': b'-- Found nav_msgs: 5.9.1 (/opt/ros/rolling/share/nav_msgs/cmake)\n'}
[0.755207] (f_vigs_slam) StdoutLine: {'line': b'-- Found image_transport: 6.4.3 (/opt/ros/rolling/share/image_transport/cmake)\n'}
[0.768648] (f_vigs_slam) StdoutLine: {'line': b'-- Found image_geometry: 4.1.0 (/opt/ros/rolling/share/image_geometry/cmake)\n'}
[0.771344] (f_vigs_slam) StdoutLine: {'line': b'-- Found tf2: 0.45.3 (/opt/ros/rolling/share/tf2/cmake)\n'}
[0.774734] (f_vigs_slam) StdoutLine: {'line': b'-- Found tf2_ros: 0.45.3 (/opt/ros/rolling/share/tf2_ros/cmake)\n'}
[0.810443] (-) TimerEvent: {}
[0.885706] (f_vigs_slam) StdoutLine: {'line': b'-- Found tf2_eigen: 0.45.3 (/opt/ros/rolling/share/tf2_eigen/cmake)\n'}
[0.888768] (f_vigs_slam) StdoutLine: {'line': b'-- Found tf2_geometry_msgs: 0.45.3 (/opt/ros/rolling/share/tf2_geometry_msgs/cmake)\n'}
[0.893488] (f_vigs_slam) StderrLine: {'line': b'\x1b[33mCMake Warning (dev) at CMakeLists.txt:32 (find_package):\n'}
[0.893737] (f_vigs_slam) StderrLine: {'line': b'  Policy CMP0146 is not set: The FindCUDA module is removed.  Run "cmake\n'}
[0.893827] (f_vigs_slam) StderrLine: {'line': b'  --help-policy CMP0146" for policy details.  Use the cmake_policy command to\n'}
[0.893908] (f_vigs_slam) StderrLine: {'line': b'  set the policy and suppress this warning.\n'}
[0.893987] (f_vigs_slam) StderrLine: {'line': b'\n'}
[0.894064] (f_vigs_slam) StderrLine: {'line': b'This warning is for project developers.  Use -Wno-dev to suppress it.\n'}
[0.894139] (f_vigs_slam) StderrLine: {'line': b'\x1b[0m\n'}
[0.911352] (-) TimerEvent: {}
[0.941210] (f_vigs_slam) StdoutLine: {'line': b'-- Found CUDA: /usr/local/cuda-12.3 (found version "12.3") \n'}
[0.970342] (f_vigs_slam) StdoutLine: {'line': b'-- Found required Ceres dependency: Eigen version 3.4.0 in /usr/include/eigen3\n'}
[0.973899] (f_vigs_slam) StdoutLine: {'line': b'-- Found required Ceres dependency: glog\n'}
[0.974496] (f_vigs_slam) StdoutLine: {'line': b'-- Found required Ceres dependency: gflags\n'}
[0.974947] (f_vigs_slam) StdoutLine: {'line': b'-- Found Ceres version: 2.0.0 installed in: /usr/local with components: [EigenSparse, SparseLinearAlgebraLibrary, LAPACK, SchurSpecializations, Multithreading]\n'}
[0.976892] (f_vigs_slam) StderrLine: {'line': b'\x1b[0mCMake Deprecation Warning at /opt/ros/rolling/share/ament_cmake_target_dependencies/cmake/ament_target_dependencies.cmake:87 (message):\n'}
[0.977057] (f_vigs_slam) StderrLine: {'line': b'  ament_target_dependencies() is deprecated.  Use target_link_libraries()\n'}
[0.977187] (f_vigs_slam) StderrLine: {'line': b'  with modern CMake targets instead.  Try replacing this call with:\n'}
[0.977283] (f_vigs_slam) StderrLine: {'line': b'\n'}
[0.977359] (f_vigs_slam) StderrLine: {'line': b'    target_link_libraries(GSSlamNode PUBLIC\n'}
[0.977433] (f_vigs_slam) StderrLine: {'line': b'      ${nav_msgs_TARGETS}\n'}
[0.977506] (f_vigs_slam) StderrLine: {'line': b'      ${sensor_msgs_TARGETS}\n'}
[0.977577] (f_vigs_slam) StderrLine: {'line': b'      cv_bridge::cv_bridge\n'}
[0.977648] (f_vigs_slam) StderrLine: {'line': b'      image_geometry::image_geometry\n'}
[0.977718] (f_vigs_slam) StderrLine: {'line': b'      image_transport::image_transport\n'}
[0.977787] (f_vigs_slam) StderrLine: {'line': b'      message_filters::message_filters\n'}
[0.977869] (f_vigs_slam) StderrLine: {'line': b'      rclcpp::rclcpp\n'}
[0.977941] (f_vigs_slam) StderrLine: {'line': b'      sensor_msgs::sensor_msgs_library\n'}
[0.978012] (f_vigs_slam) StderrLine: {'line': b'      tf2::tf2\n'}
[0.978084] (f_vigs_slam) StderrLine: {'line': b'      tf2_eigen::tf2_eigen\n'}
[0.978154] (f_vigs_slam) StderrLine: {'line': b'      tf2_geometry_msgs::tf2_geometry_msgs\n'}
[0.978224] (f_vigs_slam) StderrLine: {'line': b'      tf2_ros::static_transform_broadcaster_node\n'}
[0.978308] (f_vigs_slam) StderrLine: {'line': b'      tf2_ros::tf2_ros\n'}
[0.978394] (f_vigs_slam) StderrLine: {'line': b'    )\n'}
[0.978465] (f_vigs_slam) StderrLine: {'line': b'\n'}
[0.978537] (f_vigs_slam) StderrLine: {'line': b'Call Stack (most recent call first):\n'}
[0.978607] (f_vigs_slam) StderrLine: {'line': b'  CMakeLists.txt:106 (ament_target_dependencies)\n'}
[0.978679] (f_vigs_slam) StderrLine: {'line': b'\n'}
[0.978765] (f_vigs_slam) StderrLine: {'line': b'\x1b[0m\n'}
[0.979506] (f_vigs_slam) StderrLine: {'line': b'\x1b[0mCMake Deprecation Warning at /opt/ros/rolling/share/ament_cmake_target_dependencies/cmake/ament_target_dependencies.cmake:87 (message):\n'}
[0.979644] (f_vigs_slam) StderrLine: {'line': b'  ament_target_dependencies() is deprecated.  Use target_link_libraries()\n'}
[0.979725] (f_vigs_slam) StderrLine: {'line': b'  with modern CMake targets instead.  Try replacing this call with:\n'}
[0.979801] (f_vigs_slam) StderrLine: {'line': b'\n'}
[0.979875] (f_vigs_slam) StderrLine: {'line': b'    target_link_libraries(gs_slam_node PUBLIC\n'}
[0.979948] (f_vigs_slam) StderrLine: {'line': b'      rclcpp::rclcpp\n'}
[0.980019] (f_vigs_slam) StderrLine: {'line': b'    )\n'}
[0.980219] (f_vigs_slam) StderrLine: {'line': b'\n'}
[0.980312] (f_vigs_slam) StderrLine: {'line': b'Call Stack (most recent call first):\n'}
[0.980399] (f_vigs_slam) StderrLine: {'line': b'  CMakeLists.txt:166 (ament_target_dependencies)\n'}
[0.980472] (f_vigs_slam) StderrLine: {'line': b'\n'}
[0.980544] (f_vigs_slam) StderrLine: {'line': b'\x1b[0m\n'}
[0.980615] (f_vigs_slam) StdoutLine: {'line': b'-- Found ament_lint_auto: 0.20.3 (/opt/ros/rolling/share/ament_lint_auto/cmake)\n'}
[1.013960] (-) TimerEvent: {}
[1.114643] (-) TimerEvent: {}
[1.142600] (f_vigs_slam) StdoutLine: {'line': b"-- Added test 'cppcheck' to perform static code analysis on C / C++ code\n"}
[1.143353] (f_vigs_slam) StdoutLine: {'line': b'-- Configured cppcheck include dirs: /home/jorge/ros2_thesis_ws/src/f_vigs_slam/include;$<BUILD_INTERFACE:/home/jorge/ros2_thesis_ws/src/f_vigs_slam/include>\n'}
[1.143548] (f_vigs_slam) StdoutLine: {'line': b'-- Configured cppcheck exclude dirs and/or files: \n'}
[1.151563] (f_vigs_slam) StdoutLine: {'line': b"-- Added test 'flake8' to check Python code syntax and style conventions\n"}
[1.151815] (f_vigs_slam) StdoutLine: {'line': b"-- Configured 'flake8' exclude dirs and/or files: \n"}
[1.165797] (f_vigs_slam) StdoutLine: {'line': b"-- Added test 'lint_cmake' to check CMake code style\n"}
[1.173106] (f_vigs_slam) StdoutLine: {'line': b"-- Added test 'pep257' to check Python code against some of the docstring style conventions in PEP 257\n"}
[1.216788] (-) TimerEvent: {}
[1.225458] (f_vigs_slam) StdoutLine: {'line': b"-- Added test 'uncrustify' to check C / C++ code style\n"}
[1.225654] (f_vigs_slam) StdoutLine: {'line': b'-- Configured uncrustify additional arguments: \n'}
[1.232681] (f_vigs_slam) StdoutLine: {'line': b"-- Added test 'xmllint' to check XML markup files\n"}
[1.233891] (f_vigs_slam) StdoutLine: {'line': b'-- Configuring done (1.2s)\n'}
[1.255443] (f_vigs_slam) StderrLine: {'line': b'\x1b[33mCMake Warning (dev) in CMakeLists.txt:\n'}
[1.255658] (f_vigs_slam) StderrLine: {'line': b'  Policy CMP0104 is not set: CMAKE_CUDA_ARCHITECTURES now detected for NVCC,\n'}
[1.255743] (f_vigs_slam) StderrLine: {'line': b'  empty CUDA_ARCHITECTURES not allowed.  Run "cmake --help-policy CMP0104"\n'}
[1.255820] (f_vigs_slam) StderrLine: {'line': b'  for policy details.  Use the cmake_policy command to set the policy and\n'}
[1.255893] (f_vigs_slam) StderrLine: {'line': b'  suppress this warning.\n'}
[1.255966] (f_vigs_slam) StderrLine: {'line': b'\n'}
[1.256040] (f_vigs_slam) StderrLine: {'line': b'  CUDA_ARCHITECTURES is empty for target "GSSlam".\n'}
[1.256111] (f_vigs_slam) StderrLine: {'line': b'This warning is for project developers.  Use -Wno-dev to suppress it.\n'}
[1.256183] (f_vigs_slam) StderrLine: {'line': b'\x1b[0m\n'}
[1.262913] (f_vigs_slam) StderrLine: {'line': b'\x1b[33mCMake Warning (dev) in CMakeLists.txt:\n'}
[1.263097] (f_vigs_slam) StderrLine: {'line': b'  Policy CMP0104 is not set: CMAKE_CUDA_ARCHITECTURES now detected for NVCC,\n'}
[1.263181] (f_vigs_slam) StderrLine: {'line': b'  empty CUDA_ARCHITECTURES not allowed.  Run "cmake --help-policy CMP0104"\n'}
[1.263258] (f_vigs_slam) StderrLine: {'line': b'  for policy details.  Use the cmake_policy command to set the policy and\n'}
[1.263330] (f_vigs_slam) StderrLine: {'line': b'  suppress this warning.\n'}
[1.263402] (f_vigs_slam) StderrLine: {'line': b'\n'}
[1.263507] (f_vigs_slam) StderrLine: {'line': b'  CUDA_ARCHITECTURES is empty for target "GSSlamNode".\n'}
[1.263596] (f_vigs_slam) StderrLine: {'line': b'This warning is for project developers.  Use -Wno-dev to suppress it.\n'}
[1.263670] (f_vigs_slam) StderrLine: {'line': b'\x1b[0m\n'}
[1.282535] (f_vigs_slam) StdoutLine: {'line': b'-- Generating done (0.0s)\n'}
[1.286221] (f_vigs_slam) StderrLine: {'line': b'\x1b[33mCMake Warning (dev) in CMakeLists.txt:\n'}
[1.286415] (f_vigs_slam) StderrLine: {'line': b'  Policy CMP0104 is not set: CMAKE_CUDA_ARCHITECTURES now detected for NVCC,\n'}
[1.286514] (f_vigs_slam) StderrLine: {'line': b'  empty CUDA_ARCHITECTURES not allowed.  Run "cmake --help-policy CMP0104"\n'}
[1.286595] (f_vigs_slam) StderrLine: {'line': b'  for policy details.  Use the cmake_policy command to set the policy and\n'}
[1.286693] (f_vigs_slam) StderrLine: {'line': b'  suppress this warning.\n'}
[1.286775] (f_vigs_slam) StderrLine: {'line': b'\n'}
[1.286850] (f_vigs_slam) StderrLine: {'line': b'  CUDA_ARCHITECTURES is empty for target "GSSlam".\n'}
[1.286924] (f_vigs_slam) StderrLine: {'line': b'This warning is for project developers.  Use -Wno-dev to suppress it.\n'}
[1.286997] (f_vigs_slam) StderrLine: {'line': b'\x1b[0m\n'}
[1.287861] (f_vigs_slam) StderrLine: {'line': b'\x1b[33mCMake Warning (dev) in CMakeLists.txt:\n'}
[1.287987] (f_vigs_slam) StderrLine: {'line': b'  Policy CMP0104 is not set: CMAKE_CUDA_ARCHITECTURES now detected for NVCC,\n'}
[1.288069] (f_vigs_slam) StderrLine: {'line': b'  empty CUDA_ARCHITECTURES not allowed.  Run "cmake --help-policy CMP0104"\n'}
[1.288145] (f_vigs_slam) StderrLine: {'line': b'  for policy details.  Use the cmake_policy command to set the policy and\n'}
[1.288219] (f_vigs_slam) StderrLine: {'line': b'  suppress this warning.\n'}
[1.288291] (f_vigs_slam) StderrLine: {'line': b'\n'}
[1.288362] (f_vigs_slam) StderrLine: {'line': b'  CUDA_ARCHITECTURES is empty for target "GSSlamNode".\n'}
[1.288433] (f_vigs_slam) StderrLine: {'line': b'This warning is for project developers.  Use -Wno-dev to suppress it.\n'}
[1.288503] (f_vigs_slam) StderrLine: {'line': b'\x1b[0m\n'}
[1.292883] (f_vigs_slam) StdoutLine: {'line': b'-- Build files have been written to: /home/jorge/ros2_thesis_ws/src/f_vigs_slam/build/f_vigs_slam\n'}
[1.317148] (-) TimerEvent: {}
[1.389867] (f_vigs_slam) StdoutLine: {'line': b'[ 58%] Built target GSSlam\n'}
[1.417529] (-) TimerEvent: {}
[1.433361] (f_vigs_slam) StdoutLine: {'line': b'[ 66%] \x1b[32mBuilding CUDA object CMakeFiles/GSSlamNode.dir/src/GSSlamNode.cpp.o\x1b[0m\n'}
[1.439133] (f_vigs_slam) StdoutLine: {'line': b'[ 75%] \x1b[32mBuilding CUDA object CMakeFiles/GSSlamNode.dir/src/GaussianSplattingViewer.cpp.o\x1b[0m\n'}
[1.517969] (-) TimerEvent: {}
[1.618776] (-) TimerEvent: {}
[1.719076] (-) TimerEvent: {}
[1.819488] (-) TimerEvent: {}
[1.926980] (-) TimerEvent: {}
[2.035151] (-) TimerEvent: {}
[2.135590] (-) TimerEvent: {}
[2.236117] (-) TimerEvent: {}
[2.336614] (-) TimerEvent: {}
[2.437172] (-) TimerEvent: {}
[2.538139] (-) TimerEvent: {}
[2.638853] (-) TimerEvent: {}
[2.739669] (-) TimerEvent: {}
[2.840145] (-) TimerEvent: {}
[2.940653] (-) TimerEvent: {}
[3.041204] (-) TimerEvent: {}
[3.141796] (-) TimerEvent: {}
[3.242479] (-) TimerEvent: {}
[3.343049] (-) TimerEvent: {}
[3.443957] (-) TimerEvent: {}
[3.544775] (-) TimerEvent: {}
[3.645196] (-) TimerEvent: {}
[3.745824] (-) TimerEvent: {}
[3.847295] (-) TimerEvent: {}
[3.947750] (-) TimerEvent: {}
[4.050244] (-) TimerEvent: {}
[4.151377] (-) TimerEvent: {}
[4.261772] (-) TimerEvent: {}
[4.362416] (-) TimerEvent: {}
[4.463081] (-) TimerEvent: {}
[4.563489] (-) TimerEvent: {}
[4.663960] (-) TimerEvent: {}
[4.764463] (-) TimerEvent: {}
[4.865039] (-) TimerEvent: {}
[4.966016] (-) TimerEvent: {}
[5.066715] (-) TimerEvent: {}
[5.167136] (-) TimerEvent: {}
[5.267699] (-) TimerEvent: {}
[5.368184] (-) TimerEvent: {}
[5.468663] (-) TimerEvent: {}
[5.569261] (-) TimerEvent: {}
[5.671869] (-) TimerEvent: {}
[5.772768] (-) TimerEvent: {}
[5.875580] (-) TimerEvent: {}
[5.976848] (-) TimerEvent: {}
[6.079635] (-) TimerEvent: {}
[6.180486] (-) TimerEvent: {}
[6.283321] (-) TimerEvent: {}
[6.384602] (-) TimerEvent: {}
[6.487407] (-) TimerEvent: {}
[6.587823] (-) TimerEvent: {}
[6.688335] (-) TimerEvent: {}
[6.790048] (-) TimerEvent: {}
[6.890785] (-) TimerEvent: {}
[6.991574] (-) TimerEvent: {}
[7.092102] (-) TimerEvent: {}
[7.193414] (-) TimerEvent: {}
[7.294098] (-) TimerEvent: {}
[7.394810] (-) TimerEvent: {}
[7.496385] (-) TimerEvent: {}
[7.597360] (-) TimerEvent: {}
[7.700359] (-) TimerEvent: {}
[7.802506] (-) TimerEvent: {}
[7.903417] (-) TimerEvent: {}
[8.003857] (-) TimerEvent: {}
[8.104767] (-) TimerEvent: {}
[8.205248] (-) TimerEvent: {}
[8.305881] (-) TimerEvent: {}
[8.406619] (-) TimerEvent: {}
[8.507076] (-) TimerEvent: {}
[8.607530] (-) TimerEvent: {}
[8.708010] (-) TimerEvent: {}
[8.808512] (-) TimerEvent: {}
[8.909483] (-) TimerEvent: {}
[9.010148] (-) TimerEvent: {}
[9.110655] (-) TimerEvent: {}
[9.211426] (-) TimerEvent: {}
[9.311854] (-) TimerEvent: {}
[9.413176] (-) TimerEvent: {}
[9.513768] (-) TimerEvent: {}
[9.615613] (-) TimerEvent: {}
[9.718501] (-) TimerEvent: {}
[9.819445] (-) TimerEvent: {}
[9.922404] (-) TimerEvent: {}
[10.023106] (-) TimerEvent: {}
[10.124103] (-) TimerEvent: {}
[10.224609] (-) TimerEvent: {}
[10.326747] (-) TimerEvent: {}
[10.428354] (-) TimerEvent: {}
[10.531683] (-) TimerEvent: {}
[10.632195] (-) TimerEvent: {}
[10.733840] (-) TimerEvent: {}
[10.834528] (-) TimerEvent: {}
[10.935309] (-) TimerEvent: {}
[11.035965] (-) TimerEvent: {}
[11.137027] (-) TimerEvent: {}
[11.237630] (-) TimerEvent: {}
[11.338482] (-) TimerEvent: {}
[11.439038] (-) TimerEvent: {}
[11.539871] (-) TimerEvent: {}
[11.640373] (-) TimerEvent: {}
[11.745661] (-) TimerEvent: {}
[11.846383] (-) TimerEvent: {}
[11.947177] (-) TimerEvent: {}
[12.047816] (-) TimerEvent: {}
[12.148592] (-) TimerEvent: {}
[12.249177] (-) TimerEvent: {}
[12.350391] (-) TimerEvent: {}
[12.450797] (-) TimerEvent: {}
[12.551671] (-) TimerEvent: {}
[12.652735] (-) TimerEvent: {}
[12.753990] (-) TimerEvent: {}
[12.864538] (-) TimerEvent: {}
[12.965491] (-) TimerEvent: {}
[13.067360] (-) TimerEvent: {}
[13.168233] (-) TimerEvent: {}
[13.268774] (-) TimerEvent: {}
[13.369781] (-) TimerEvent: {}
[13.470510] (-) TimerEvent: {}
[13.574974] (-) TimerEvent: {}
[13.675351] (-) TimerEvent: {}
[13.775802] (-) TimerEvent: {}
[13.877109] (-) TimerEvent: {}
[13.984299] (-) TimerEvent: {}
[14.086468] (-) TimerEvent: {}
[14.188073] (-) TimerEvent: {}
[14.290996] (-) TimerEvent: {}
[14.392096] (-) TimerEvent: {}
[14.492705] (-) TimerEvent: {}
[14.593316] (-) TimerEvent: {}
[14.694348] (-) TimerEvent: {}
[14.795503] (-) TimerEvent: {}
[14.896087] (-) TimerEvent: {}
[14.998293] (-) TimerEvent: {}
[15.102640] (-) TimerEvent: {}
[15.205475] (-) TimerEvent: {}
[15.307002] (-) TimerEvent: {}
[15.409877] (-) TimerEvent: {}
[15.510667] (-) TimerEvent: {}
[15.613024] (-) TimerEvent: {}
[15.713645] (-) TimerEvent: {}
[15.814309] (-) TimerEvent: {}
[15.915088] (-) TimerEvent: {}
[16.018344] (-) TimerEvent: {}
[16.119120] (-) TimerEvent: {}
[16.222370] (-) TimerEvent: {}
[16.323513] (-) TimerEvent: {}
[16.426783] (-) TimerEvent: {}
[16.527612] (-) TimerEvent: {}
[16.630917] (-) TimerEvent: {}
[16.732154] (-) TimerEvent: {}
[16.835537] (-) TimerEvent: {}
[16.937235] (-) TimerEvent: {}
[17.040641] (-) TimerEvent: {}
[17.142456] (-) TimerEvent: {}
[17.245467] (-) TimerEvent: {}
[17.347782] (-) TimerEvent: {}
[17.450866] (-) TimerEvent: {}
[17.552476] (-) TimerEvent: {}
[17.655683] (-) TimerEvent: {}
[17.759073] (-) TimerEvent: {}
[17.808621] (f_vigs_slam) StderrLine: {'line': b'\x1b[01m\x1b[0m\x1b[01m/home/jorge/ros2_thesis_ws/src/f_vigs_slam/src/GSSlamNode.cpp(139)\x1b[0m: \x1b[01;31merror\x1b[0m: class \x1b[01m"sensor_msgs::msg::CameraInfo_<std::allocator<void>>"\x1b[0m has no member "\x1b[01mK\x1b[0m"\n'}
[17.809049] (f_vigs_slam) StderrLine: {'line': b'          intrinsics.f = float2{msg->K[0], msg->K[4]};\n'}
[17.809180] (f_vigs_slam) StderrLine: {'line': b'                                     ^\n'}
[17.809277] (f_vigs_slam) StderrLine: {'line': b'\n'}
[17.809367] (f_vigs_slam) StderrLine: {'line': b'\x1b[01m\x1b[0m\x1b[01m/home/jorge/ros2_thesis_ws/src/f_vigs_slam/src/GSSlamNode.cpp(139)\x1b[0m: \x1b[01;31merror\x1b[0m: class \x1b[01m"sensor_msgs::msg::CameraInfo_<std::allocator<void>>"\x1b[0m has no member "\x1b[01mK\x1b[0m"\n'}
[17.809468] (f_vigs_slam) StderrLine: {'line': b'          intrinsics.f = float2{msg->K[0], msg->K[4]};\n'}
[17.809552] (f_vigs_slam) StderrLine: {'line': b'                                                ^\n'}
[17.809632] (f_vigs_slam) StderrLine: {'line': b'\n'}
[17.809712] (f_vigs_slam) StderrLine: {'line': b'\x1b[01m\x1b[0m\x1b[01m/home/jorge/ros2_thesis_ws/src/f_vigs_slam/src/GSSlamNode.cpp(140)\x1b[0m: \x1b[01;31merror\x1b[0m: class \x1b[01m"sensor_msgs::msg::CameraInfo_<std::allocator<void>>"\x1b[0m has no member "\x1b[01mK\x1b[0m"\n'}
[17.809794] (f_vigs_slam) StderrLine: {'line': b'          intrinsics.c = float2{msg->K[2], msg->K[5]};\n'}
[17.809872] (f_vigs_slam) StderrLine: {'line': b'                                     ^\n'}
[17.809950] (f_vigs_slam) StderrLine: {'line': b'\n'}
[17.810031] (f_vigs_slam) StderrLine: {'line': b'\x1b[01m\x1b[0m\x1b[01m/home/jorge/ros2_thesis_ws/src/f_vigs_slam/src/GSSlamNode.cpp(140)\x1b[0m: \x1b[01;31merror\x1b[0m: class \x1b[01m"sensor_msgs::msg::CameraInfo_<std::allocator<void>>"\x1b[0m has no member "\x1b[01mK\x1b[0m"\n'}
[17.810114] (f_vigs_slam) StderrLine: {'line': b'          intrinsics.c = float2{msg->K[2], msg->K[5]};\n'}
[17.810195] (f_vigs_slam) StderrLine: {'line': b'                                                ^\n'}
[17.810319] (f_vigs_slam) StderrLine: {'line': b'\n'}
[17.859260] (-) TimerEvent: {}
[17.959778] (-) TimerEvent: {}
[18.061116] (-) TimerEvent: {}
[18.163790] (-) TimerEvent: {}
[18.264314] (-) TimerEvent: {}
[18.365782] (-) TimerEvent: {}
[18.469136] (-) TimerEvent: {}
[18.486706] (f_vigs_slam) StderrLine: {'line': b'4 errors detected in the compilation of "/home/jorge/ros2_thesis_ws/src/f_vigs_slam/src/GSSlamNode.cpp".\n'}
[18.571904] (-) TimerEvent: {}
[18.673250] (-) TimerEvent: {}
[18.722046] (f_vigs_slam) StderrLine: {'line': b'gmake[2]: *** [CMakeFiles/GSSlamNode.dir/build.make:77: CMakeFiles/GSSlamNode.dir/src/GSSlamNode.cpp.o] Error 2\n'}
[18.722284] (f_vigs_slam) StderrLine: {'line': b'gmake[2]: *** Waiting for unfinished jobs....\n'}
[18.774455] (-) TimerEvent: {}
[18.876756] (-) TimerEvent: {}
[18.980227] (-) TimerEvent: {}
[19.083196] (-) TimerEvent: {}
[19.186492] (-) TimerEvent: {}
[19.288911] (-) TimerEvent: {}
[19.391595] (-) TimerEvent: {}
[19.493234] (-) TimerEvent: {}
[19.596336] (-) TimerEvent: {}
[19.698257] (-) TimerEvent: {}
[19.801410] (-) TimerEvent: {}
[19.904105] (-) TimerEvent: {}
[20.007449] (-) TimerEvent: {}
[20.107902] (-) TimerEvent: {}
[20.210705] (-) TimerEvent: {}
[20.313532] (-) TimerEvent: {}
[20.417772] (-) TimerEvent: {}
[20.520903] (-) TimerEvent: {}
[20.624203] (-) TimerEvent: {}
[20.727164] (-) TimerEvent: {}
[20.828305] (-) TimerEvent: {}
[20.929209] (-) TimerEvent: {}
[21.029867] (-) TimerEvent: {}
[21.134133] (-) TimerEvent: {}
[21.234965] (-) TimerEvent: {}
[21.335506] (-) TimerEvent: {}
[21.436028] (-) TimerEvent: {}
[21.537014] (-) TimerEvent: {}
[21.637687] (-) TimerEvent: {}
[21.738256] (-) TimerEvent: {}
[21.841230] (-) TimerEvent: {}
[21.943867] (-) TimerEvent: {}
[22.047132] (-) TimerEvent: {}
[22.147512] (-) TimerEvent: {}
[22.229519] (f_vigs_slam) StderrLine: {'line': b'gmake[1]: *** [CMakeFiles/Makefile2:167: CMakeFiles/GSSlamNode.dir/all] Error 2\n'}
[22.229944] (f_vigs_slam) StderrLine: {'line': b'gmake: *** [Makefile:146: all] Error 2\n'}
[22.233019] (f_vigs_slam) CommandEnded: {'returncode': 2}
[22.243760] (f_vigs_slam) JobEnded: {'identifier': 'f_vigs_slam', 'rc': 2}
[22.247674] (-) TimerEvent: {}
[22.254843] (-) EventReactorShutdown: {}
