[33mCMake Warning (dev) at /usr/local/lib/cmake/opencv4/OpenCVConfig.cmake:86 (find_package):
  Policy CMP0146 is not set: The FindCUDA module is removed.  Run "cmake
  --help-policy CMP0146" for policy details.  Use the cmake_policy command to
  set the policy and suppress this warning.

Call Stack (most recent call first):
  /usr/local/lib/cmake/opencv4/OpenCVConfig.cmake:108 (find_host_package)
  /opt/ros/rolling/share/cv_bridge/cmake/ament_cmake_export_dependencies-extras.cmake:21 (find_package)
  /opt/ros/rolling/share/cv_bridge/cmake/cv_bridgeConfig.cmake:41 (include)
  CMakeLists.txt:24 (find_package)
This warning is for project developers.  Use -Wno-dev to suppress it.
[0m
[33mCMake Warning (dev) at CMakeLists.txt:32 (find_package):
  Policy CMP0146 is not set: The FindCUDA module is removed.  Run "cmake
  --help-policy CMP0146" for policy details.  Use the cmake_policy command to
  set the policy and suppress this warning.

This warning is for project developers.  Use -Wno-dev to suppress it.
[0m
[0mCMake Deprecation Warning at /opt/ros/rolling/share/ament_cmake_target_dependencies/cmake/ament_target_dependencies.cmake:87 (message):
  ament_target_dependencies() is deprecated.  Use target_link_libraries()
  with modern CMake targets instead.  Try replacing this call with:

    target_link_libraries(GSSlamNode PUBLIC
      ${nav_msgs_TARGETS}
      ${sensor_msgs_TARGETS}
      cv_bridge::cv_bridge
      image_geometry::image_geometry
      image_transport::image_transport
      message_filters::message_filters
      rclcpp::rclcpp
      sensor_msgs::sensor_msgs_library
      tf2::tf2
      tf2_eigen::tf2_eigen
      tf2_geometry_msgs::tf2_geometry_msgs
      tf2_ros::static_transform_broadcaster_node
      tf2_ros::tf2_ros
    )

Call Stack (most recent call first):
  CMakeLists.txt:98 (ament_target_dependencies)

[0m
[0mCMake Deprecation Warning at /opt/ros/rolling/share/ament_cmake_target_dependencies/cmake/ament_target_dependencies.cmake:87 (message):
  ament_target_dependencies() is deprecated.  Use target_link_libraries()
  with modern CMake targets instead.  Try replacing this call with:

    target_link_libraries(gs_slam_node PUBLIC
      rclcpp::rclcpp
    )

Call Stack (most recent call first):
  CMakeLists.txt:158 (ament_target_dependencies)

[0m
[33mCMake Warning (dev) in CMakeLists.txt:
  Policy CMP0104 is not set: CMAKE_CUDA_ARCHITECTURES now detected for NVCC,
  empty CUDA_ARCHITECTURES not allowed.  Run "cmake --help-policy CMP0104"
  for policy details.  Use the cmake_policy command to set the policy and
  suppress this warning.

  CUDA_ARCHITECTURES is empty for target "GSSlam".
This warning is for project developers.  Use -Wno-dev to suppress it.
[0m
[33mCMake Warning (dev) in CMakeLists.txt:
  Policy CMP0104 is not set: CMAKE_CUDA_ARCHITECTURES now detected for NVCC,
  empty CUDA_ARCHITECTURES not allowed.  Run "cmake --help-policy CMP0104"
  for policy details.  Use the cmake_policy command to set the policy and
  suppress this warning.

  CUDA_ARCHITECTURES is empty for target "GSSlam".
This warning is for project developers.  Use -Wno-dev to suppress it.
[0m
[01m[0m[01m/home/jorge/ros2_thesis_ws/src/f_vigs_slam/src/GSSlam.cu(61)[0m: [01;31merror[0m: identifier "[01minstance_counter_screen_[0m" is undefined
          instance_counter_screen_.resize(1);
          ^

[01m[0m[01m/home/jorge/ros2_thesis_ws/src/f_vigs_slam/src/GSSlam.cu(249)[0m: [01;31merror[0m: no suitable constructor exists to convert from "uint32_t" to "f_vigs_slam::CameraPose"
              static_cast<uint32_t>(gauss_init_size_px_),
              ^

[01m[0m[01m/home/jorge/ros2_thesis_ws/src/f_vigs_slam/src/GSSlam.cu(251)[0m: [01;31merror[0m: too few arguments in function call
              gauss_init_opacity_);
                                 ^

[01m[0m[01m/home/jorge/ros2_thesis_ws/src/f_vigs_slam/src/GSSlam.cu(377)[0m: [01;31merror[0m: argument of type "float2 *" is incompatible with parameter of type "int"
           thrust::raw_pointer_cast(p_hats_.data()),
           ^

[01m[0m[01m/home/jorge/ros2_thesis_ws/src/f_vigs_slam/src/GSSlam.cu(383)[0m: [01;31merror[0m: too many arguments in function call
           3.0f);
           ^

[01m[0m[01m/home/jorge/ros2_thesis_ws/src/f_vigs_slam/src/GSSlam.cu(389)[0m: [01;31merror[0m: namespace [01m"thrust"[0m has no member "[01msort_by_key[0m"
          thrust::sort_by_key(
                  ^

[01m[0m[01m/home/jorge/ros2_thesis_ws/src/f_vigs_slam/src/GSSlam.cu(453)[0m: [01;31merror[0m: argument of type "float2 *" is incompatible with parameter of type "int"
           thrust::raw_pointer_cast(p_hats_.data()),
           ^

[01m[0m[01m/home/jorge/ros2_thesis_ws/src/f_vigs_slam/src/GSSlam.cu(457)[0m: [01;31merror[0m: too many arguments in function call
           num_tiles_.y);
           ^

[01m[0m[01m/home/jorge/ros2_thesis_ws/src/f_vigs_slam/src/GSSlam.cu(500)[0m: [01;31merror[0m: class [01m"f_vigs_slam::CameraPose"[0m has no member "[01mtranslation[0m"
          current_pose_.translation[0] = cam_trans.x();
                        ^

[01m[0m[01m/home/jorge/ros2_thesis_ws/src/f_vigs_slam/src/GSSlam.cu(501)[0m: [01;31merror[0m: class [01m"f_vigs_slam::CameraPose"[0m has no member "[01mtranslation[0m"
          current_pose_.translation[1] = cam_trans.y();
                        ^

[01m[0m[01m/home/jorge/ros2_thesis_ws/src/f_vigs_slam/src/GSSlam.cu(502)[0m: [01;31merror[0m: class [01m"f_vigs_slam::CameraPose"[0m has no member "[01mtranslation[0m"
          current_pose_.translation[2] = cam_trans.z();
                        ^

[01m[0m[01m/home/jorge/ros2_thesis_ws/src/f_vigs_slam/src/GSSlam.cu(503)[0m: [01;31merror[0m: class [01m"f_vigs_slam::CameraPose"[0m has no member "[01mrotation[0m"
          current_pose_.rotation[0] = cam_rot.x();
                        ^

[01m[0m[01m/home/jorge/ros2_thesis_ws/src/f_vigs_slam/src/GSSlam.cu(504)[0m: [01;31merror[0m: class [01m"f_vigs_slam::CameraPose"[0m has no member "[01mrotation[0m"
          current_pose_.rotation[1] = cam_rot.y();
                        ^

[01m[0m[01m/home/jorge/ros2_thesis_ws/src/f_vigs_slam/src/GSSlam.cu(505)[0m: [01;31merror[0m: class [01m"f_vigs_slam::CameraPose"[0m has no member "[01mrotation[0m"
          current_pose_.rotation[2] = cam_rot.z();
                        ^

[01m[0m[01m/home/jorge/ros2_thesis_ws/src/f_vigs_slam/src/GSSlam.cu(506)[0m: [01;31merror[0m: class [01m"f_vigs_slam::CameraPose"[0m has no member "[01mrotation[0m"
          current_pose_.rotation[3] = cam_rot.w();
                        ^

[01m[0m[01m/home/jorge/ros2_thesis_ws/src/f_vigs_slam/src/GSSlam.cu(1045)[0m: [01;31merror[0m: argument of type "float2 *" is incompatible with parameter of type "const float3 *"
              thrust::raw_pointer_cast(positions_2d_.data()),
              ^

[01m[0m[01m/home/jorge/ros2_thesis_ws/src/f_vigs_slam/src/GSSlam.cu(1140)[0m: [01;31merror[0m: namespace [01m"thrust"[0m has no member "[01msort_by_key[0m"
          thrust::sort_by_key(
                  ^

[01m[0m[01m/home/jorge/ros2_thesis_ws/src/f_vigs_slam/src/GSSlam.cu(1193)[0m: [01;31merror[0m: argument of type "float2 *" is incompatible with parameter of type "const float3 *"
              thrust::raw_pointer_cast(positions_2d_.data()),
              ^

[01m[0m[01m/home/jorge/ros2_thesis_ws/src/f_vigs_slam/src/GSSlam.cu(1229)[0m: [01;31merror[0m: namespace [01m"thrust"[0m has no member "[01msort_by_key[0m"
          thrust::sort_by_key(
                  ^

[01m[0m[01m/home/jorge/ros2_thesis_ws/src/f_vigs_slam/src/GSSlam.cu(1256)[0m: [01;31merror[0m: expected a ";"
      float GaussianSplattingSlam::computeCovisibilityRatio(GaussianSplattingKeyframe &keyframe)
                                 ^

[01m[0m[01m/home/jorge/ros2_thesis_ws/src/f_vigs_slam/src/GSSlam.cu(1280)[0m: [01;31merror[0m: this declaration has no storage class or type specifier
          cudaMemset(d_frameVis, 0, nbGaussians * sizeof(unsigned char));
          ^

[01m[0m[01m/home/jorge/ros2_thesis_ws/src/f_vigs_slam/src/GSSlam.cu(1280)[0m: [01;31merror[0m: identifier "[01md_frameVis[0m" is undefined
          cudaMemset(d_frameVis, 0, nbGaussians * sizeof(unsigned char));
                     ^

[01m[0m[01m/home/jorge/ros2_thesis_ws/src/f_vigs_slam/src/GSSlam.cu(1280)[0m: [01;31merror[0m: identifier "[01mnbGaussians[0m" is undefined
          cudaMemset(d_frameVis, 0, nbGaussians * sizeof(unsigned char));
                                    ^

[01m[0m[01m/home/jorge/ros2_thesis_ws/src/f_vigs_slam/src/GSSlam.cu(1280)[0m: [01;31merror[0m: too many initializer values
          cudaMemset(d_frameVis, 0, nbGaussians * sizeof(unsigned char));
                                 ^

[01m[0m[01m/home/jorge/ros2_thesis_ws/src/f_vigs_slam/src/GSSlam.cu(1283)[0m: [01;31merror[0m: this declaration has no storage class or type specifier
          prepareRasterization(
          ^

[01m[0m[01m/home/jorge/ros2_thesis_ws/src/f_vigs_slam/src/GSSlam.cu(1284)[0m: [01;31merror[0m: identifier "[01mkeyframe[0m" is undefined
              keyframe.getCameraPose(),
              ^

[01m[0m[01m/home/jorge/ros2_thesis_ws/src/f_vigs_slam/src/GSSlam.cu(1285)[0m: [01;31merror[0m: too many initializer values
              keyframe.getCameraParams(),
              ^

[01m[0m[01m/home/jorge/ros2_thesis_ws/src/f_vigs_slam/src/GSSlam.cu(1290)[0m: [01;31merror[0m: this declaration has no storage class or type specifier
          computeGaussiansVisibility_kernel<<<
          ^

[01m[0m[01m/home/jorge/ros2_thesis_ws/src/f_vigs_slam/src/GSSlam.cu(1290)[0m: [01;31merror[0m: declaration is incompatible with [01m"void f_vigs_slam::computeGaussiansVisibility_kernel(unsigned char *, const uint2 *, const uint32_t *, const float3 *, const float3 *, const float *, uint2, uint32_t, uint32_t)"[0m[32m (declared at line 396 of /home/jorge/ros2_thesis_ws/src/f_vigs_slam/include/f_vigs_slam/GSCudaKernels.cuh)[0m
          computeGaussiansVisibility_kernel<<<
          ^

[01m[0m[01m/home/jorge/ros2_thesis_ws/src/f_vigs_slam/src/GSSlam.cu(1290)[0m: [01;31merror[0m: expected a ";"
          computeGaussiansVisibility_kernel<<<
                                           ^

[01m[0m[01m/home/jorge/ros2_thesis_ws/src/f_vigs_slam/src/GSSlam.cu(1306)[0m: [01;31merror[0m: this declaration has no storage class or type specifier
          prepareRasterization(
          ^

[01m[0m[01m/home/jorge/ros2_thesis_ws/src/f_vigs_slam/src/GSSlam.cu(1306)[0m: [01;31merror[0m: variable [01m"f_vigs_slam::prepareRasterization"[0m has already been defined
          prepareRasterization(
          ^

[01m[0m[01m/home/jorge/ros2_thesis_ws/src/f_vigs_slam/src/GSSlam.cu(1307)[0m: [01;31merror[0m: identifier "[01mcameraPose[0m" is undefined
              cameraPose,
              ^

[01m[0m[01m/home/jorge/ros2_thesis_ws/src/f_vigs_slam/src/GSSlam.cu(1308)[0m: [01;31merror[0m: identifier "[01mcameraParams[0m" is undefined
              cameraParams[0],
              ^

[01m[0m[01m/home/jorge/ros2_thesis_ws/src/f_vigs_slam/src/GSSlam.cu(1309)[0m: [01;31merror[0m: identifier "[01mpyrColor[0m" is undefined
              pyrColor[0].cols,
              ^

[01m[0m[01m/home/jorge/ros2_thesis_ws/src/f_vigs_slam/src/GSSlam.cu(1308)[0m: [01;31merror[0m: too many initializer values
              cameraParams[0],
              ^

[01m[0m[01m/home/jorge/ros2_thesis_ws/src/f_vigs_slam/src/GSSlam.cu(1313)[0m: [01;31merror[0m: this declaration has no storage class or type specifier
          computeGaussiansVisibility_kernel<<<
          ^

[01m[0m[01m/home/jorge/ros2_thesis_ws/src/f_vigs_slam/src/GSSlam.cu(1313)[0m: [01;31merror[0m: variable [01m"f_vigs_slam::computeGaussiansVisibility_kernel"[0m has already been defined
          computeGaussiansVisibility_kernel<<<
          ^

[01m[0m[01m/home/jorge/ros2_thesis_ws/src/f_vigs_slam/src/GSSlam.cu(1313)[0m: [01;31merror[0m: expected a ";"
          computeGaussiansVisibility_kernel<<<
                                           ^

[01m[0m[01m/home/jorge/ros2_thesis_ws/src/f_vigs_slam/src/GSSlam.cu(1329)[0m: [01;31merror[0m: this declaration has no storage class or type specifier
          computeGaussiansCovisibility_kernel<<<
          ^

[01m[0m[01m/home/jorge/ros2_thesis_ws/src/f_vigs_slam/src/GSSlam.cu(1329)[0m: [01;31merror[0m: declaration is incompatible with [01m"void f_vigs_slam::computeGaussiansCovisibility_kernel(uint32_t *, uint32_t *, unsigned char *, unsigned char *, uint32_t)"[0m[32m (declared at line 428 of /home/jorge/ros2_thesis_ws/src/f_vigs_slam/include/f_vigs_slam/GSCudaKernels.cuh)[0m
          computeGaussiansCovisibility_kernel<<<
          ^

[01m[0m[01m/home/jorge/ros2_thesis_ws/src/f_vigs_slam/src/GSSlam.cu(1329)[0m: [01;31merror[0m: expected a ";"
          computeGaussiansCovisibility_kernel<<<
                                             ^

[01m[0m[01m/home/jorge/ros2_thesis_ws/src/f_vigs_slam/src/GSSlam.cu(1341)[0m: [01;31merror[0m: this declaration has no storage class or type specifier
          cudaMemcpy(&h_visInter, d_visInter, sizeof(uint32_t), cudaMemcpyDeviceToHost);
          ^

[01m[0m[01m/home/jorge/ros2_thesis_ws/src/f_vigs_slam/src/GSSlam.cu(1341)[0m: [01;31merror[0m: identifier "[01mh_visInter[0m" is undefined
          cudaMemcpy(&h_visInter, d_visInter, sizeof(uint32_t), cudaMemcpyDeviceToHost);
                      ^

[01m[0m[01m/home/jorge/ros2_thesis_ws/src/f_vigs_slam/src/GSSlam.cu(1341)[0m: [01;31merror[0m: identifier "[01md_visInter[0m" is undefined
          cudaMemcpy(&h_visInter, d_visInter, sizeof(uint32_t), cudaMemcpyDeviceToHost);
                                  ^

[01m[0m[01m/home/jorge/ros2_thesis_ws/src/f_vigs_slam/src/GSSlam.cu(1341)[0m: [01;31merror[0m: too many initializer values
          cudaMemcpy(&h_visInter, d_visInter, sizeof(uint32_t), cudaMemcpyDeviceToHost);
                                  ^

[01m[0m[01m/home/jorge/ros2_thesis_ws/src/f_vigs_slam/src/GSSlam.cu(1342)[0m: [01;31merror[0m: this declaration has no storage class or type specifier
          cudaMemcpy(&h_visUnion, d_visUnion, sizeof(uint32_t), cudaMemcpyDeviceToHost);
          ^

[01m[0m[01m/home/jorge/ros2_thesis_ws/src/f_vigs_slam/src/GSSlam.cu(1342)[0m: [01;31merror[0m: variable [01m"f_vigs_slam::cudaMemcpy"[0m has already been defined
          cudaMemcpy(&h_visUnion, d_visUnion, sizeof(uint32_t), cudaMemcpyDeviceToHost);
          ^

[01m[0m[01m/home/jorge/ros2_thesis_ws/src/f_vigs_slam/src/GSSlam.cu(1342)[0m: [01;31merror[0m: identifier "[01mh_visUnion[0m" is undefined
          cudaMemcpy(&h_visUnion, d_visUnion, sizeof(uint32_t), cudaMemcpyDeviceToHost);
                      ^

[01m[0m[01m/home/jorge/ros2_thesis_ws/src/f_vigs_slam/src/GSSlam.cu(1342)[0m: [01;31merror[0m: identifier "[01md_visUnion[0m" is undefined
          cudaMemcpy(&h_visUnion, d_visUnion, sizeof(uint32_t), cudaMemcpyDeviceToHost);
                                  ^

[01m[0m[01m/home/jorge/ros2_thesis_ws/src/f_vigs_slam/src/GSSlam.cu(1342)[0m: [01;31merror[0m: too many initializer values
          cudaMemcpy(&h_visUnion, d_visUnion, sizeof(uint32_t), cudaMemcpyDeviceToHost);
                                  ^

[01m[0m[01m/home/jorge/ros2_thesis_ws/src/f_vigs_slam/src/GSSlam.cu(1345)[0m: [01;31merror[0m: this declaration has no storage class or type specifier
          cudaFree(d_visUnion);
          ^

[01m[0m[01m/home/jorge/ros2_thesis_ws/src/f_vigs_slam/src/GSSlam.cu(1346)[0m: [01;31merror[0m: this declaration has no storage class or type specifier
          cudaFree(d_visInter);
          ^

[01m[0m[01m/home/jorge/ros2_thesis_ws/src/f_vigs_slam/src/GSSlam.cu(1346)[0m: [01;31merror[0m: variable [01m"f_vigs_slam::cudaFree"[0m has already been defined
          cudaFree(d_visInter);
          ^

[01m[0m[01m/home/jorge/ros2_thesis_ws/src/f_vigs_slam/src/GSSlam.cu(1347)[0m: [01;31merror[0m: this declaration has no storage class or type specifier
          cudaFree(d_keyframeVis);
          ^

[01m[0m[01m/home/jorge/ros2_thesis_ws/src/f_vigs_slam/src/GSSlam.cu(1347)[0m: [01;31merror[0m: variable [01m"f_vigs_slam::cudaFree"[0m has already been defined
          cudaFree(d_keyframeVis);
          ^

[01m[0m[01m/home/jorge/ros2_thesis_ws/src/f_vigs_slam/src/GSSlam.cu(1347)[0m: [01;31merror[0m: identifier "[01md_keyframeVis[0m" is undefined
          cudaFree(d_keyframeVis);
                   ^

[01m[0m[01m/home/jorge/ros2_thesis_ws/src/f_vigs_slam/src/GSSlam.cu(1348)[0m: [01;31merror[0m: this declaration has no storage class or type specifier
          cudaFree(d_frameVis);
          ^

[01m[0m[01m/home/jorge/ros2_thesis_ws/src/f_vigs_slam/src/GSSlam.cu(1348)[0m: [01;31merror[0m: variable [01m"f_vigs_slam::cudaFree"[0m has already been defined
          cudaFree(d_frameVis);
          ^

[01m[0m[01m/home/jorge/ros2_thesis_ws/src/f_vigs_slam/src/GSSlam.cu(1352)[0m: [01;31merror[0m: expected a declaration
          if (h_visUnion == 0)
          ^

[01m[0m[01m/home/jorge/ros2_thesis_ws/src/f_vigs_slam/src/GSSlam.cu(1355)[0m: [01;31merror[0m: expected a declaration
          return h_visInter / static_cast<float>(h_visUnion);
          ^

[01m[0m[01m/home/jorge/ros2_thesis_ws/src/f_vigs_slam/src/GSSlam.cu(1358)[0m: [01;31merror[0m: incomplete type is not allowed
      void GSSlam::initWarping(const CameraPose &camera_pose)
           ^

[01m[0m[01m/home/jorge/ros2_thesis_ws/src/f_vigs_slam/src/GSSlam.cu(1358)[0m: [01;31merror[0m: expected a ";"
      void GSSlam::initWarping(const CameraPose &camera_pose)
                 ^

[01m[0m[01m/home/jorge/ros2_thesis_ws/src/f_vigs_slam/src/GSSlam.cu(1394)[0m: [01;31merror[0m: identifier "[01mnb_pyr_levels_[0m" is undefined
          std::vector<cv::Mat> pyr_depth_cpu(nb_pyr_levels_);
                                             ^

[01m[0m[01m/home/jorge/ros2_thesis_ws/src/f_vigs_slam/src/GSSlam.cu(1396)[0m: [01;31merror[0m: identifier "[01mpyr_color_cpu[0m" is undefined
          pyr_color_cpu[0] = rgb_bgr;
          ^

[01m[0m[01m/home/jorge/ros2_thesis_ws/src/f_vigs_slam/src/GSSlam.cu(1396)[0m: [01;31merror[0m: invalid specifier for structured binding declaration
          pyr_color_cpu[0] = rgb_bgr;
          ^

[01m[0m[01m/home/jorge/ros2_thesis_ws/src/f_vigs_slam/src/GSSlam.cu(1396)[0m: [01;31merror[0m: expected an identifier
          pyr_color_cpu[0] = rgb_bgr;
                        ^

[01m[0m[01m/home/jorge/ros2_thesis_ws/src/f_vigs_slam/src/GSSlam.cu(1396)[0m: [01;31merror[0m: expected a "]"
          pyr_color_cpu[0] = rgb_bgr;
                           ^

[01m[0m[01m/home/jorge/ros2_thesis_ws/src/f_vigs_slam/src/GSSlam.cu(1396)[0m: [01;31merror[0m: identifier "[01mrgb_bgr[0m" is undefined
          pyr_color_cpu[0] = rgb_bgr;
                             ^

[01m[0m[01m/home/jorge/ros2_thesis_ws/src/f_vigs_slam/src/GSSlam.cu(1397)[0m: [01;31merror[0m: variable [01m"pyr_depth_cpu"[0m is not a type name
          pyr_depth_cpu[0] = depth_float;
          ^

[01m[0m[01m/home/jorge/ros2_thesis_ws/src/f_vigs_slam/src/GSSlam.cu(1397)[0m: [01;31merror[0m: invalid specifier for structured binding declaration
          pyr_depth_cpu[0] = depth_float;
          ^

[01m[0m[01m/home/jorge/ros2_thesis_ws/src/f_vigs_slam/src/GSSlam.cu(1397)[0m: [01;31merror[0m: expected an identifier
          pyr_depth_cpu[0] = depth_float;
                        ^

[01m[0m[01m/home/jorge/ros2_thesis_ws/src/f_vigs_slam/src/GSSlam.cu(1397)[0m: [01;31merror[0m: expected a "]"
          pyr_depth_cpu[0] = depth_float;
                           ^

[01m[0m[01m/home/jorge/ros2_thesis_ws/src/f_vigs_slam/src/GSSlam.cu(1397)[0m: [01;31merror[0m: identifier "[01mdepth_float[0m" is undefined
          pyr_depth_cpu[0] = depth_float;
                             ^

[01m[0m[01m/home/jorge/ros2_thesis_ws/src/f_vigs_slam/src/GSSlam.cu(1399)[0m: [01;31merror[0m: expected a declaration
          for (int i = 1; i < nb_pyr_levels_; i++) {
          ^

[01m[0m[01m/home/jorge/ros2_thesis_ws/src/f_vigs_slam/src/GSSlam.cu(1418)[0m: [01;31merror[0m: this declaration has no storage class or type specifier
          depth_gpu_ = pyr_depth_[0];
          ^

[01m[0m[01m/home/jorge/ros2_thesis_ws/src/f_vigs_slam/src/GSSlam.cu(1418)[0m: [01;31merror[0m: identifier "[01mpyr_depth_[0m" is undefined
          depth_gpu_ = pyr_depth_[0];
                       ^

[01m[0m[01m/home/jorge/ros2_thesis_ws/src/f_vigs_slam/src/GSSlam.cu(1419)[0m: [01;31merror[0m: expected a declaration
      }
      ^

[01m[0m[01m/home/jorge/ros2_thesis_ws/src/f_vigs_slam/src/GSSlam.cu(1444)[0m: [01;31merror[0m: this declaration has no storage class or type specifier
          rendered_rgb_gpu_.download(rendered_rgb_cpu);
          ^

[01m[0m[01m/home/jorge/ros2_thesis_ws/src/f_vigs_slam/src/GSSlam.cu(1444)[0m: [01;31merror[0m: expected a ";"
          rendered_rgb_gpu_.download(rendered_rgb_cpu);
                           ^

[01m[0m[01m/home/jorge/ros2_thesis_ws/src/f_vigs_slam/src/GSSlam.cu(1445)[0m: [01;31merror[0m: this declaration has no storage class or type specifier
          rendered_depth_gpu_.download(rendered_depth_cpu);
          ^

[01m[0m[01m/home/jorge/ros2_thesis_ws/src/f_vigs_slam/src/GSSlam.cu(1445)[0m: [01;31merror[0m: expected a ";"
          rendered_depth_gpu_.download(rendered_depth_cpu);
                             ^

[01m[0m[01m/home/jorge/ros2_thesis_ws/src/f_vigs_slam/src/GSSlam.cu(1449)[0m: [01;31merror[0m: this declaration has no storage class or type specifier
          rendered_rgb_cpu.convertTo(rendered_rgb_f, 
          ^

[01m[0m[01m/home/jorge/ros2_thesis_ws/src/f_vigs_slam/src/GSSlam.cu(1449)[0m: [01;31merror[0m: expected a ";"
          rendered_rgb_cpu.convertTo(rendered_rgb_f, 
                          ^

[01m[0m[01m/home/jorge/ros2_thesis_ws/src/f_vigs_slam/src/GSSlam.cu(1450)[0m: [01;31merror[0m: this declaration has no storage class or type specifier
          rgb_bgr.convertTo(rgb_gt_f, 
          ^

[01m[0m[01m/home/jorge/ros2_thesis_ws/src/f_vigs_slam/src/GSSlam.cu(1450)[0m: [01;31merror[0m: expected a ";"
          rgb_bgr.convertTo(rgb_gt_f, 
                 ^

[01m[0m[01m/home/jorge/ros2_thesis_ws/src/f_vigs_slam/src/GSSlam.cu(1453)[0m: [01;31merror[0m: this declaration has no storage class or type specifier
          cv::subtract(rendered_rgb_f, rgb_gt_f, residual_rgb_f);
          ^

[01m[0m[01m/home/jorge/ros2_thesis_ws/src/f_vigs_slam/src/GSSlam.cu(1453)[0m: [01;31merror[0m: declaration is incompatible with [01m"void cv::subtract(cv::InputArray, cv::InputArray, cv::OutputArray, cv::InputArray, int)"[0m[32m (declared at line 401 of /usr/local/include/opencv4/opencv2/core.hpp)[0m
          cv::subtract(rendered_rgb_f, rgb_gt_f, residual_rgb_f);
              ^

[01m[0m[01m/home/jorge/ros2_thesis_ws/src/f_vigs_slam/src/GSSlam.cu(1453)[0m: [01;31merror[0m: too many initializer values
          cv::subtract(rendered_rgb_f, rgb_gt_f, residual_rgb_f);
                                       ^

[01m[0m[01m/home/jorge/ros2_thesis_ws/src/f_vigs_slam/src/GSSlam.cu(1453)[0m: [01;31merror[0m: no suitable conversion function from "cv::Mat" to "int" exists
          cv::subtract(rendered_rgb_f, rgb_gt_f, residual_rgb_f);
                       ^

[01m[0m[01m/home/jorge/ros2_thesis_ws/src/f_vigs_slam/src/GSSlam.cu(1456)[0m: [01;31merror[0m: this declaration has no storage class or type specifier
          cv::cvtColor(residual_rgb_f, residual_rgb_gray_f, cv::COLOR_BGR2GRAY);
          ^

[01m[0m[01m/home/jorge/ros2_thesis_ws/src/f_vigs_slam/src/GSSlam.cu(1456)[0m: [01;31merror[0m: declaration is incompatible with [01m"void cv::cvtColor(cv::InputArray, cv::OutputArray, int, int)"[0m[32m (declared at line 3695 of /usr/local/include/opencv4/opencv2/imgproc.hpp)[0m
          cv::cvtColor(residual_rgb_f, residual_rgb_gray_f, cv::COLOR_BGR2GRAY);
              ^

[01m[0m[01m/home/jorge/ros2_thesis_ws/src/f_vigs_slam/src/GSSlam.cu(1456)[0m: [01;31merror[0m: too many initializer values
          cv::cvtColor(residual_rgb_f, residual_rgb_gray_f, cv::COLOR_BGR2GRAY);
                                       ^

[01m[0m[01m/home/jorge/ros2_thesis_ws/src/f_vigs_slam/src/GSSlam.cu(1456)[0m: [01;31merror[0m: no suitable conversion function from "cv::Mat" to "int" exists
          cv::cvtColor(residual_rgb_f, residual_rgb_gray_f, cv::COLOR_BGR2GRAY);
                       ^

[01m[0m[01m/home/jorge/ros2_thesis_ws/src/f_vigs_slam/src/GSSlam.cu(1459)[0m: [01;31merror[0m: this declaration has no storage class or type specifier
          cv::subtract(rendered_depth_cpu, depth_float, residual_depth_f);
          ^

[01m[0m[01m/home/jorge/ros2_thesis_ws/src/f_vigs_slam/src/GSSlam.cu(1459)[0m: [01;31merror[0m: variable [01m"cv::subtract"[0m has already been defined
          cv::subtract(rendered_depth_cpu, depth_float, residual_depth_f);
              ^

[01m[0m[01m/home/jorge/ros2_thesis_ws/src/f_vigs_slam/src/GSSlam.cu(1459)[0m: [01;31merror[0m: too many initializer values
          cv::subtract(rendered_depth_cpu, depth_float, residual_depth_f);
                                           ^

[01m[0m[01m/home/jorge/ros2_thesis_ws/src/f_vigs_slam/src/GSSlam.cu(1459)[0m: [01;31merror[0m: no suitable conversion function from "cv::Mat" to "int" exists
          cv::subtract(rendered_depth_cpu, depth_float, residual_depth_f);
                       ^

[01m[0m[01m/home/jorge/ros2_thesis_ws/src/f_vigs_slam/src/GSSlam.cu(1463)[0m: [01;31merror[0m: this declaration has no storage class or type specifier
          cv::addWeighted(residual_rgb_gray_f, 1.0, residual_depth_f, depth_weight, 0.0, error_map_cpu);
          ^

[01m[0m[01m/home/jorge/ros2_thesis_ws/src/f_vigs_slam/src/GSSlam.cu(1463)[0m: [01;31merror[0m: declaration is incompatible with [01m"void cv::addWeighted(cv::InputArray, double, cv::InputArray, double, double, cv::OutputArray, int)"[0m[32m (declared at line 507 of /usr/local/include/opencv4/opencv2/core.hpp)[0m
          cv::addWeighted(residual_rgb_gray_f, 1.0, residual_depth_f, depth_weight, 0.0, error_map_cpu);
              ^

Error limit reached.
100 errors detected in the compilation of "/home/jorge/ros2_thesis_ws/src/f_vigs_slam/src/GSSlam.cu".
Compilation terminated.
gmake[2]: *** [CMakeFiles/GSSlam.dir/build.make:77: CMakeFiles/GSSlam.dir/src/GSSlam.cu.o] Error 4
gmake[2]: *** Waiting for unfinished jobs....
gmake[1]: *** [CMakeFiles/Makefile2:141: CMakeFiles/GSSlam.dir/all] Error 2
gmake: *** [Makefile:146: all] Error 2
