[0.015s] Invoking command in '/home/jorge/ros2_thesis_ws/src/f_vigs_slam/build/f_vigs_slam': CMAKE_PREFIX_PATH=${CMAKE_PREFIX_PATH}:/opt/ros/rolling /usr/bin/cmake /home/jorge/ros2_thesis_ws/src/f_vigs_slam -DCMAKE_INSTALL_PREFIX=/home/jorge/ros2_thesis_ws/src/f_vigs_slam/install/f_vigs_slam
[0.160s] -- The C compiler identification is GNU 13.3.0
[0.507s] -- The CXX compiler identification is GNU 13.3.0
[0.768s] -- Detecting C compiler ABI info
[0.960s] -- Detecting C compiler ABI info - done
[0.969s] -- Check for working C compiler: /usr/bin/cc - skipped
[0.969s] -- Detecting C compile features
[0.970s] -- Detecting C compile features - done
[1.019s] -- Detecting CXX compiler ABI info
[1.220s] -- Detecting CXX compiler ABI info - done
[1.230s] -- Check for working CXX compiler: /usr/bin/c++ - skipped
[1.231s] -- Detecting CXX compile features
[1.231s] -- Detecting CXX compile features - done
[2.562s] -- The CUDA compiler identification is NVIDIA 12.3.52
[2.672s] -- Detecting CUDA compiler ABI info
[3.871s] -- Detecting CUDA compiler ABI info - done
[3.903s] -- Check for working CUDA compiler: /usr/local/cuda/bin/nvcc - skipped
[3.981s] -- Detecting CUDA compile features
[3.981s] -- Detecting CUDA compile features - done
[3.986s] -- Found ament_cmake: 2.8.4 (/opt/ros/rolling/share/ament_cmake/cmake)
[4.150s] -- Found Python3: /usr/bin/python3 (found version "3.12.3") found components: Interpreter 
[4.263s] -- Found rclcpp: 30.1.3 (/opt/ros/rolling/share/rclcpp/cmake)
[4.351s] -- Found rosidl_generator_c: 5.1.1 (/opt/ros/rolling/share/rosidl_generator_c/cmake)
[4.360s] -- Found rosidl_generator_cpp: 5.1.1 (/opt/ros/rolling/share/rosidl_generator_cpp/cmake)
[4.374s] -- Using all available rosidl_typesupport_c: rosidl_typesupport_fastrtps_c;rosidl_typesupport_introspection_c
[4.389s] -- Using all available rosidl_typesupport_cpp: rosidl_typesupport_fastrtps_cpp;rosidl_typesupport_introspection_cpp
[4.470s] -- Found rmw_implementation_cmake: 7.9.1 (/opt/ros/rolling/share/rmw_implementation_cmake/cmake)
[4.474s] -- Found rmw_fastrtps_cpp: 9.4.4 (/opt/ros/rolling/share/rmw_fastrtps_cpp/cmake)
[4.572s] -- Found OpenSSL: /usr/lib/x86_64-linux-gnu/libcrypto.so (found version "3.0.13")  
[4.585s] -- Using RMW implementation 'rmw_fastrtps_cpp' as default
[4.663s] -- Found sensor_msgs: 5.9.1 (/opt/ros/rolling/share/sensor_msgs/cmake)
[4.730s] -- Found cv_bridge: 4.1.0 (/opt/ros/rolling/share/cv_bridge/cmake)
[4.734s] [33mCMake Warning (dev) at /usr/local/lib/cmake/opencv4/OpenCVConfig.cmake:86 (find_package):
[4.734s]   Policy CMP0146 is not set: The FindCUDA module is removed.  Run "cmake
[4.734s]   --help-policy CMP0146" for policy details.  Use the cmake_policy command to
[4.734s]   set the policy and suppress this warning.
[4.734s] 
[4.734s] Call Stack (most recent call first):
[4.735s]   /usr/local/lib/cmake/opencv4/OpenCVConfig.cmake:108 (find_host_package)
[4.735s]   /opt/ros/rolling/share/cv_bridge/cmake/ament_cmake_export_dependencies-extras.cmake:21 (find_package)
[4.735s]   /opt/ros/rolling/share/cv_bridge/cmake/cv_bridgeConfig.cmake:41 (include)
[4.735s]   CMakeLists.txt:24 (find_package)
[4.735s] This warning is for project developers.  Use -Wno-dev to suppress it.
[4.735s] [0m
[4.755s] -- Performing Test CMAKE_HAVE_LIBC_PTHREAD
[4.903s] -- Performing Test CMAKE_HAVE_LIBC_PTHREAD - Success
[4.904s] -- Found Threads: TRUE  
[4.977s] -- Found CUDA: /usr/local/cuda-12.3 (found suitable exact version "12.3") 
[5.009s] -- Found nav_msgs: 5.9.1 (/opt/ros/rolling/share/nav_msgs/cmake)
[5.041s] -- Found image_transport: 6.4.3 (/opt/ros/rolling/share/image_transport/cmake)
[5.065s] -- Found image_geometry: 4.1.0 (/opt/ros/rolling/share/image_geometry/cmake)
[5.070s] -- Found tf2: 0.45.3 (/opt/ros/rolling/share/tf2/cmake)
[5.075s] -- Found tf2_ros: 0.45.3 (/opt/ros/rolling/share/tf2_ros/cmake)
[5.197s] -- Found tf2_eigen: 0.45.3 (/opt/ros/rolling/share/tf2_eigen/cmake)
[5.207s] -- Found tf2_geometry_msgs: 0.45.3 (/opt/ros/rolling/share/tf2_geometry_msgs/cmake)
[5.214s] [33mCMake Warning (dev) at CMakeLists.txt:32 (find_package):
[5.214s]   Policy CMP0146 is not set: The FindCUDA module is removed.  Run "cmake
[5.214s]   --help-policy CMP0146" for policy details.  Use the cmake_policy command to
[5.214s]   set the policy and suppress this warning.
[5.214s] 
[5.214s] This warning is for project developers.  Use -Wno-dev to suppress it.
[5.214s] [0m
[5.262s] -- Found CUDA: /usr/local/cuda-12.3 (found version "12.3") 
[5.289s] -- Found OpenCV: /usr/local (found suitable version "4.8.0", minimum required is "4") 
[5.294s] -- Found required Ceres dependency: Eigen version 3.4.0 in /usr/include/eigen3
[5.342s] -- Found required Ceres dependency: glog
[5.342s] -- Found required Ceres dependency: gflags
[5.343s] -- Found Ceres version: 2.0.0 installed in: /usr/local with components: [EigenSparse, SparseLinearAlgebraLibrary, LAPACK, SchurSpecializations, Multithreading]
[5.344s] [0mCMake Deprecation Warning at /opt/ros/rolling/share/ament_cmake_target_dependencies/cmake/ament_target_dependencies.cmake:87 (message):
[5.345s]   ament_target_dependencies() is deprecated.  Use target_link_libraries()
[5.345s]   with modern CMake targets instead.  Try replacing this call with:
[5.345s] 
[5.345s]     target_link_libraries(GSSlamNode PUBLIC
[5.345s]       ${nav_msgs_TARGETS}
[5.345s]       ${sensor_msgs_TARGETS}
[5.345s]       cv_bridge::cv_bridge
[5.345s]       image_geometry::image_geometry
[5.345s]       image_transport::image_transport
[5.345s]       message_filters::message_filters
[5.345s]       rclcpp::rclcpp
[5.345s]       sensor_msgs::sensor_msgs_library
[5.345s]       tf2::tf2
[5.346s]       tf2_eigen::tf2_eigen
[5.346s]       tf2_geometry_msgs::tf2_geometry_msgs
[5.346s]       tf2_ros::static_transform_broadcaster_node
[5.346s]       tf2_ros::tf2_ros
[5.346s]     )
[5.346s] 
[5.346s] Call Stack (most recent call first):
[5.346s]   CMakeLists.txt:98 (ament_target_dependencies)
[5.346s] 
[5.346s] [0m
[5.347s] [0mCMake Deprecation Warning at /opt/ros/rolling/share/ament_cmake_target_dependencies/cmake/ament_target_dependencies.cmake:87 (message):
[5.347s]   ament_target_dependencies() is deprecated.  Use target_link_libraries()
[5.347s]   with modern CMake targets instead.  Try replacing this call with:
[5.347s] 
[5.347s]     target_link_libraries(gs_slam_node PUBLIC
[5.347s]       rclcpp::rclcpp
[5.348s]     )
[5.348s] 
[5.348s] Call Stack (most recent call first):
[5.348s]   CMakeLists.txt:158 (ament_target_dependencies)
[5.348s] 
[5.348s] [0m
[5.349s] -- Found ament_lint_auto: 0.20.3 (/opt/ros/rolling/share/ament_lint_auto/cmake)
[5.480s] -- Added test 'cppcheck' to perform static code analysis on C / C++ code
[5.481s] -- Configured cppcheck include dirs: /home/jorge/ros2_thesis_ws/src/f_vigs_slam/include;$<BUILD_INTERFACE:/home/jorge/ros2_thesis_ws/src/f_vigs_slam/include>
[5.481s] -- Configured cppcheck exclude dirs and/or files: 
[5.484s] -- Added test 'flake8' to check Python code syntax and style conventions
[5.485s] -- Configured 'flake8' exclude dirs and/or files: 
[5.490s] -- Added test 'lint_cmake' to check CMake code style
[5.493s] -- Added test 'pep257' to check Python code against some of the docstring style conventions in PEP 257
[5.513s] -- Added test 'uncrustify' to check C / C++ code style
[5.514s] -- Configured uncrustify additional arguments: 
[5.517s] -- Added test 'xmllint' to check XML markup files
[5.519s] -- Configuring done (5.5s)
[5.542s] [33mCMake Warning (dev) in CMakeLists.txt:
[5.542s]   Policy CMP0104 is not set: CMAKE_CUDA_ARCHITECTURES now detected for NVCC,
[5.542s]   empty CUDA_ARCHITECTURES not allowed.  Run "cmake --help-policy CMP0104"
[5.542s]   for policy details.  Use the cmake_policy command to set the policy and
[5.542s]   suppress this warning.
[5.543s] 
[5.543s]   CUDA_ARCHITECTURES is empty for target "GSSlam".
[5.543s] This warning is for project developers.  Use -Wno-dev to suppress it.
[5.543s] [0m
[5.568s] -- Generating done (0.0s)
[5.571s] [33mCMake Warning (dev) in CMakeLists.txt:
[5.571s]   Policy CMP0104 is not set: CMAKE_CUDA_ARCHITECTURES now detected for NVCC,
[5.571s]   empty CUDA_ARCHITECTURES not allowed.  Run "cmake --help-policy CMP0104"
[5.571s]   for policy details.  Use the cmake_policy command to set the policy and
[5.571s]   suppress this warning.
[5.571s] 
[5.571s]   CUDA_ARCHITECTURES is empty for target "GSSlam".
[5.572s] This warning is for project developers.  Use -Wno-dev to suppress it.
[5.572s] [0m
[5.577s] -- Build files have been written to: /home/jorge/ros2_thesis_ws/src/f_vigs_slam/build/f_vigs_slam
[5.592s] Invoked command in '/home/jorge/ros2_thesis_ws/src/f_vigs_slam/build/f_vigs_slam' returned '0': CMAKE_PREFIX_PATH=${CMAKE_PREFIX_PATH}:/opt/ros/rolling /usr/bin/cmake /home/jorge/ros2_thesis_ws/src/f_vigs_slam -DCMAKE_INSTALL_PREFIX=/home/jorge/ros2_thesis_ws/src/f_vigs_slam/install/f_vigs_slam
[5.594s] Invoking command in '/home/jorge/ros2_thesis_ws/src/f_vigs_slam/build/f_vigs_slam': CMAKE_PREFIX_PATH=${CMAKE_PREFIX_PATH}:/opt/ros/rolling /usr/bin/cmake --build /home/jorge/ros2_thesis_ws/src/f_vigs_slam/build/f_vigs_slam -- -j6 -l6
[5.666s] [ 33%] [32mBuilding CXX object CMakeFiles/GSSlam.dir/src/ImuCostFunction.cpp.o[0m
[5.666s] [ 33%] [32mBuilding CXX object CMakeFiles/GSSlam.dir/src/Preintegration.cpp.o[0m
[5.666s] [ 33%] [32mBuilding CUDA object CMakeFiles/GSSlam.dir/src/GSSlam.cu.o[0m
[5.666s] [ 33%] [32mBuilding CUDA object CMakeFiles/GSSlam.dir/src/RgbdPoseCost.cu.o[0m
[5.666s] [ 41%] [32mBuilding CXX object CMakeFiles/GSSlam.dir/src/PoseLocalParameterization.cpp.o[0m
[5.677s] [ 50%] [32mBuilding CXX object CMakeFiles/GSSlam.dir/src/MarginalizationFactor.cpp.o[0m
[11.780s] [01m[0m[01m/home/jorge/ros2_thesis_ws/src/f_vigs_slam/src/GSSlam.cu(61)[0m: [01;31merror[0m: identifier "[01minstance_counter_screen_[0m" is undefined
[11.780s]           instance_counter_screen_.resize(1);
[11.780s]           ^
[11.780s] 
[11.819s] [01m[0m[01m/home/jorge/ros2_thesis_ws/src/f_vigs_slam/src/GSSlam.cu(249)[0m: [01;31merror[0m: no suitable constructor exists to convert from "uint32_t" to "f_vigs_slam::CameraPose"
[11.820s]               static_cast<uint32_t>(gauss_init_size_px_),
[11.820s]               ^
[11.821s] 
[11.821s] [01m[0m[01m/home/jorge/ros2_thesis_ws/src/f_vigs_slam/src/GSSlam.cu(251)[0m: [01;31merror[0m: too few arguments in function call
[11.821s]               gauss_init_opacity_);
[11.821s]                                  ^
[11.821s] 
[11.824s] [01m[0m[01m/home/jorge/ros2_thesis_ws/src/f_vigs_slam/src/GSSlam.cu(377)[0m: [01;31merror[0m: argument of type "float2 *" is incompatible with parameter of type "int"
[11.824s]            thrust::raw_pointer_cast(p_hats_.data()),
[11.824s]            ^
[11.824s] 
[11.825s] [01m[0m[01m/home/jorge/ros2_thesis_ws/src/f_vigs_slam/src/GSSlam.cu(383)[0m: [01;31merror[0m: too many arguments in function call
[11.825s]            3.0f);
[11.825s]            ^
[11.825s] 
[11.825s] [01m[0m[01m/home/jorge/ros2_thesis_ws/src/f_vigs_slam/src/GSSlam.cu(389)[0m: [01;31merror[0m: namespace [01m"thrust"[0m has no member "[01msort_by_key[0m"
[11.825s]           thrust::sort_by_key(
[11.825s]                   ^
[11.825s] 
[11.828s] [01m[0m[01m/home/jorge/ros2_thesis_ws/src/f_vigs_slam/src/GSSlam.cu(453)[0m: [01;31merror[0m: argument of type "float2 *" is incompatible with parameter of type "int"
[11.828s]            thrust::raw_pointer_cast(p_hats_.data()),
[11.828s]            ^
[11.828s] 
[11.828s] [01m[0m[01m/home/jorge/ros2_thesis_ws/src/f_vigs_slam/src/GSSlam.cu(457)[0m: [01;31merror[0m: too many arguments in function call
[11.828s]            num_tiles_.y);
[11.828s]            ^
[11.828s] 
[11.985s] [01m[0m[01m/home/jorge/ros2_thesis_ws/src/f_vigs_slam/src/GSSlam.cu(500)[0m: [01;31merror[0m: class [01m"f_vigs_slam::CameraPose"[0m has no member "[01mtranslation[0m"
[11.985s]           current_pose_.translation[0] = cam_trans.x();
[11.985s]                         ^
[11.985s] 
[11.985s] [01m[0m[01m/home/jorge/ros2_thesis_ws/src/f_vigs_slam/src/GSSlam.cu(501)[0m: [01;31merror[0m: class [01m"f_vigs_slam::CameraPose"[0m has no member "[01mtranslation[0m"
[11.985s]           current_pose_.translation[1] = cam_trans.y();
[11.985s]                         ^
[11.985s] 
[11.986s] [01m[0m[01m/home/jorge/ros2_thesis_ws/src/f_vigs_slam/src/GSSlam.cu(502)[0m: [01;31merror[0m: class [01m"f_vigs_slam::CameraPose"[0m has no member "[01mtranslation[0m"
[11.986s]           current_pose_.translation[2] = cam_trans.z();
[11.986s]                         ^
[11.986s] 
[11.986s] [01m[0m[01m/home/jorge/ros2_thesis_ws/src/f_vigs_slam/src/GSSlam.cu(503)[0m: [01;31merror[0m: class [01m"f_vigs_slam::CameraPose"[0m has no member "[01mrotation[0m"
[11.986s]           current_pose_.rotation[0] = cam_rot.x();
[11.986s]                         ^
[11.986s] 
[11.986s] [01m[0m[01m/home/jorge/ros2_thesis_ws/src/f_vigs_slam/src/GSSlam.cu(504)[0m: [01;31merror[0m: class [01m"f_vigs_slam::CameraPose"[0m has no member "[01mrotation[0m"
[11.986s]           current_pose_.rotation[1] = cam_rot.y();
[11.986s]                         ^
[11.986s] 
[11.986s] [01m[0m[01m/home/jorge/ros2_thesis_ws/src/f_vigs_slam/src/GSSlam.cu(505)[0m: [01;31merror[0m: class [01m"f_vigs_slam::CameraPose"[0m has no member "[01mrotation[0m"
[11.987s]           current_pose_.rotation[2] = cam_rot.z();
[11.987s]                         ^
[11.987s] 
[11.987s] [01m[0m[01m/home/jorge/ros2_thesis_ws/src/f_vigs_slam/src/GSSlam.cu(506)[0m: [01;31merror[0m: class [01m"f_vigs_slam::CameraPose"[0m has no member "[01mrotation[0m"
[11.987s]           current_pose_.rotation[3] = cam_rot.w();
[11.987s]                         ^
[11.987s] 
[12.155s] [01m[0m[01m/home/jorge/ros2_thesis_ws/src/f_vigs_slam/src/GSSlam.cu(1045)[0m: [01;31merror[0m: argument of type "float2 *" is incompatible with parameter of type "const float3 *"
[12.155s]               thrust::raw_pointer_cast(positions_2d_.data()),
[12.155s]               ^
[12.155s] 
[12.172s] [01m[0m[01m/home/jorge/ros2_thesis_ws/src/f_vigs_slam/src/GSSlam.cu(1140)[0m: [01;31merror[0m: namespace [01m"thrust"[0m has no member "[01msort_by_key[0m"
[12.172s]           thrust::sort_by_key(
[12.172s]                   ^
[12.172s] 
[12.174s] [01m[0m[01m/home/jorge/ros2_thesis_ws/src/f_vigs_slam/src/GSSlam.cu(1193)[0m: [01;31merror[0m: argument of type "float2 *" is incompatible with parameter of type "const float3 *"
[12.174s]               thrust::raw_pointer_cast(positions_2d_.data()),
[12.174s]               ^
[12.174s] 
[12.175s] [01m[0m[01m/home/jorge/ros2_thesis_ws/src/f_vigs_slam/src/GSSlam.cu(1229)[0m: [01;31merror[0m: namespace [01m"thrust"[0m has no member "[01msort_by_key[0m"
[12.176s]           thrust::sort_by_key(
[12.176s]                   ^
[12.176s] 
[12.176s] [01m[0m[01m/home/jorge/ros2_thesis_ws/src/f_vigs_slam/src/GSSlam.cu(1256)[0m: [01;31merror[0m: expected a ";"
[12.176s]       float GaussianSplattingSlam::computeCovisibilityRatio(GaussianSplattingKeyframe &keyframe)
[12.176s]                                  ^
[12.177s] 
[12.177s] [01m[0m[01m/home/jorge/ros2_thesis_ws/src/f_vigs_slam/src/GSSlam.cu(1280)[0m: [01;31merror[0m: this declaration has no storage class or type specifier
[12.177s]           cudaMemset(d_frameVis, 0, nbGaussians * sizeof(unsigned char));
[12.177s]           ^
[12.177s] 
[12.177s] [01m[0m[01m/home/jorge/ros2_thesis_ws/src/f_vigs_slam/src/GSSlam.cu(1280)[0m: [01;31merror[0m: identifier "[01md_frameVis[0m" is undefined
[12.177s]           cudaMemset(d_frameVis, 0, nbGaussians * sizeof(unsigned char));
[12.177s]                      ^
[12.177s] 
[12.177s] [01m[0m[01m/home/jorge/ros2_thesis_ws/src/f_vigs_slam/src/GSSlam.cu(1280)[0m: [01;31merror[0m: identifier "[01mnbGaussians[0m" is undefined
[12.177s]           cudaMemset(d_frameVis, 0, nbGaussians * sizeof(unsigned char));
[12.177s]                                     ^
[12.177s] 
[12.178s] [01m[0m[01m/home/jorge/ros2_thesis_ws/src/f_vigs_slam/src/GSSlam.cu(1280)[0m: [01;31merror[0m: too many initializer values
[12.178s]           cudaMemset(d_frameVis, 0, nbGaussians * sizeof(unsigned char));
[12.178s]                                  ^
[12.178s] 
[12.178s] [01m[0m[01m/home/jorge/ros2_thesis_ws/src/f_vigs_slam/src/GSSlam.cu(1283)[0m: [01;31merror[0m: this declaration has no storage class or type specifier
[12.178s]           prepareRasterization(
[12.178s]           ^
[12.178s] 
[12.178s] [01m[0m[01m/home/jorge/ros2_thesis_ws/src/f_vigs_slam/src/GSSlam.cu(1284)[0m: [01;31merror[0m: identifier "[01mkeyframe[0m" is undefined
[12.178s]               keyframe.getCameraPose(),
[12.178s]               ^
[12.178s] 
[12.185s] [01m[0m[01m/home/jorge/ros2_thesis_ws/src/f_vigs_slam/src/GSSlam.cu(1285)[0m: [01;31merror[0m: too many initializer values
[12.185s]               keyframe.getCameraParams(),
[12.185s]               ^
[12.185s] 
[12.185s] [01m[0m[01m/home/jorge/ros2_thesis_ws/src/f_vigs_slam/src/GSSlam.cu(1290)[0m: [01;31merror[0m: this declaration has no storage class or type specifier
[12.185s]           computeGaussiansVisibility_kernel<<<
[12.185s]           ^
[12.185s] 
[12.185s] [01m[0m[01m/home/jorge/ros2_thesis_ws/src/f_vigs_slam/src/GSSlam.cu(1290)[0m: [01;31merror[0m: declaration is incompatible with [01m"void f_vigs_slam::computeGaussiansVisibility_kernel(unsigned char *, const uint2 *, const uint32_t *, const float3 *, const float3 *, const float *, uint2, uint32_t, uint32_t)"[0m[32m (declared at line 396 of /home/jorge/ros2_thesis_ws/src/f_vigs_slam/include/f_vigs_slam/GSCudaKernels.cuh)[0m
[12.185s]           computeGaussiansVisibility_kernel<<<
[12.186s]           ^
[12.186s] 
[12.186s] [01m[0m[01m/home/jorge/ros2_thesis_ws/src/f_vigs_slam/src/GSSlam.cu(1290)[0m: [01;31merror[0m: expected a ";"
[12.186s]           computeGaussiansVisibility_kernel<<<
[12.186s]                                            ^
[12.186s] 
[12.186s] [01m[0m[01m/home/jorge/ros2_thesis_ws/src/f_vigs_slam/src/GSSlam.cu(1306)[0m: [01;31merror[0m: this declaration has no storage class or type specifier
[12.186s]           prepareRasterization(
[12.186s]           ^
[12.186s] 
[12.186s] [01m[0m[01m/home/jorge/ros2_thesis_ws/src/f_vigs_slam/src/GSSlam.cu(1306)[0m: [01;31merror[0m: variable [01m"f_vigs_slam::prepareRasterization"[0m has already been defined
[12.186s]           prepareRasterization(
[12.186s]           ^
[12.187s] 
[12.187s] [01m[0m[01m/home/jorge/ros2_thesis_ws/src/f_vigs_slam/src/GSSlam.cu(1307)[0m: [01;31merror[0m: identifier "[01mcameraPose[0m" is undefined
[12.187s]               cameraPose,
[12.187s]               ^
[12.187s] 
[12.187s] [01m[0m[01m/home/jorge/ros2_thesis_ws/src/f_vigs_slam/src/GSSlam.cu(1308)[0m: [01;31merror[0m: identifier "[01mcameraParams[0m" is undefined
[12.187s]               cameraParams[0],
[12.187s]               ^
[12.187s] 
[12.187s] [01m[0m[01m/home/jorge/ros2_thesis_ws/src/f_vigs_slam/src/GSSlam.cu(1309)[0m: [01;31merror[0m: identifier "[01mpyrColor[0m" is undefined
[12.187s]               pyrColor[0].cols,
[12.187s]               ^
[12.187s] 
[12.188s] [01m[0m[01m/home/jorge/ros2_thesis_ws/src/f_vigs_slam/src/GSSlam.cu(1308)[0m: [01;31merror[0m: too many initializer values
[12.188s]               cameraParams[0],
[12.188s]               ^
[12.188s] 
[12.188s] [01m[0m[01m/home/jorge/ros2_thesis_ws/src/f_vigs_slam/src/GSSlam.cu(1313)[0m: [01;31merror[0m: this declaration has no storage class or type specifier
[12.188s]           computeGaussiansVisibility_kernel<<<
[12.188s]           ^
[12.188s] 
[12.188s] [01m[0m[01m/home/jorge/ros2_thesis_ws/src/f_vigs_slam/src/GSSlam.cu(1313)[0m: [01;31merror[0m: variable [01m"f_vigs_slam::computeGaussiansVisibility_kernel"[0m has already been defined
[12.188s]           computeGaussiansVisibility_kernel<<<
[12.188s]           ^
[12.188s] 
[12.189s] [01m[0m[01m/home/jorge/ros2_thesis_ws/src/f_vigs_slam/src/GSSlam.cu(1313)[0m: [01;31merror[0m: expected a ";"
[12.189s]           computeGaussiansVisibility_kernel<<<
[12.189s]                                            ^
[12.189s] 
[12.189s] [01m[0m[01m/home/jorge/ros2_thesis_ws/src/f_vigs_slam/src/GSSlam.cu(1329)[0m: [01;31merror[0m: this declaration has no storage class or type specifier
[12.189s]           computeGaussiansCovisibility_kernel<<<
[12.189s]           ^
[12.189s] 
[12.189s] [01m[0m[01m/home/jorge/ros2_thesis_ws/src/f_vigs_slam/src/GSSlam.cu(1329)[0m: [01;31merror[0m: declaration is incompatible with [01m"void f_vigs_slam::computeGaussiansCovisibility_kernel(uint32_t *, uint32_t *, unsigned char *, unsigned char *, uint32_t)"[0m[32m (declared at line 428 of /home/jorge/ros2_thesis_ws/src/f_vigs_slam/include/f_vigs_slam/GSCudaKernels.cuh)[0m
[12.189s]           computeGaussiansCovisibility_kernel<<<
[12.189s]           ^
[12.189s] 
[12.189s] [01m[0m[01m/home/jorge/ros2_thesis_ws/src/f_vigs_slam/src/GSSlam.cu(1329)[0m: [01;31merror[0m: expected a ";"
[12.190s]           computeGaussiansCovisibility_kernel<<<
[12.190s]                                              ^
[12.190s] 
[12.190s] [01m[0m[01m/home/jorge/ros2_thesis_ws/src/f_vigs_slam/src/GSSlam.cu(1341)[0m: [01;31merror[0m: this declaration has no storage class or type specifier
[12.190s]           cudaMemcpy(&h_visInter, d_visInter, sizeof(uint32_t), cudaMemcpyDeviceToHost);
[12.190s]           ^
[12.190s] 
[12.190s] [01m[0m[01m/home/jorge/ros2_thesis_ws/src/f_vigs_slam/src/GSSlam.cu(1341)[0m: [01;31merror[0m: identifier "[01mh_visInter[0m" is undefined
[12.190s]           cudaMemcpy(&h_visInter, d_visInter, sizeof(uint32_t), cudaMemcpyDeviceToHost);
[12.190s]                       ^
[12.190s] 
[12.190s] [01m[0m[01m/home/jorge/ros2_thesis_ws/src/f_vigs_slam/src/GSSlam.cu(1341)[0m: [01;31merror[0m: identifier "[01md_visInter[0m" is undefined
[12.190s]           cudaMemcpy(&h_visInter, d_visInter, sizeof(uint32_t), cudaMemcpyDeviceToHost);
[12.191s]                                   ^
[12.191s] 
[12.191s] [01m[0m[01m/home/jorge/ros2_thesis_ws/src/f_vigs_slam/src/GSSlam.cu(1341)[0m: [01;31merror[0m: too many initializer values
[12.191s]           cudaMemcpy(&h_visInter, d_visInter, sizeof(uint32_t), cudaMemcpyDeviceToHost);
[12.191s]                                   ^
[12.191s] 
[12.191s] [01m[0m[01m/home/jorge/ros2_thesis_ws/src/f_vigs_slam/src/GSSlam.cu(1342)[0m: [01;31merror[0m: this declaration has no storage class or type specifier
[12.191s]           cudaMemcpy(&h_visUnion, d_visUnion, sizeof(uint32_t), cudaMemcpyDeviceToHost);
[12.191s]           ^
[12.191s] 
[12.191s] [01m[0m[01m/home/jorge/ros2_thesis_ws/src/f_vigs_slam/src/GSSlam.cu(1342)[0m: [01;31merror[0m: variable [01m"f_vigs_slam::cudaMemcpy"[0m has already been defined
[12.191s]           cudaMemcpy(&h_visUnion, d_visUnion, sizeof(uint32_t), cudaMemcpyDeviceToHost);
[12.191s]           ^
[12.192s] 
[12.192s] [01m[0m[01m/home/jorge/ros2_thesis_ws/src/f_vigs_slam/src/GSSlam.cu(1342)[0m: [01;31merror[0m: identifier "[01mh_visUnion[0m" is undefined
[12.192s]           cudaMemcpy(&h_visUnion, d_visUnion, sizeof(uint32_t), cudaMemcpyDeviceToHost);
[12.192s]                       ^
[12.192s] 
[12.192s] [01m[0m[01m/home/jorge/ros2_thesis_ws/src/f_vigs_slam/src/GSSlam.cu(1342)[0m: [01;31merror[0m: identifier "[01md_visUnion[0m" is undefined
[12.192s]           cudaMemcpy(&h_visUnion, d_visUnion, sizeof(uint32_t), cudaMemcpyDeviceToHost);
[12.192s]                                   ^
[12.192s] 
[12.192s] [01m[0m[01m/home/jorge/ros2_thesis_ws/src/f_vigs_slam/src/GSSlam.cu(1342)[0m: [01;31merror[0m: too many initializer values
[12.192s]           cudaMemcpy(&h_visUnion, d_visUnion, sizeof(uint32_t), cudaMemcpyDeviceToHost);
[12.192s]                                   ^
[12.192s] 
[12.199s] [01m[0m[01m/home/jorge/ros2_thesis_ws/src/f_vigs_slam/src/GSSlam.cu(1345)[0m: [01;31merror[0m: this declaration has no storage class or type specifier
[12.199s]           cudaFree(d_visUnion);
[12.199s]           ^
[12.199s] 
[12.199s] [01m[0m[01m/home/jorge/ros2_thesis_ws/src/f_vigs_slam/src/GSSlam.cu(1346)[0m: [01;31merror[0m: this declaration has no storage class or type specifier
[12.199s]           cudaFree(d_visInter);
[12.199s]           ^
[12.199s] 
[12.199s] [01m[0m[01m/home/jorge/ros2_thesis_ws/src/f_vigs_slam/src/GSSlam.cu(1346)[0m: [01;31merror[0m: variable [01m"f_vigs_slam::cudaFree"[0m has already been defined
[12.199s]           cudaFree(d_visInter);
[12.200s]           ^
[12.200s] 
[12.200s] [01m[0m[01m/home/jorge/ros2_thesis_ws/src/f_vigs_slam/src/GSSlam.cu(1347)[0m: [01;31merror[0m: this declaration has no storage class or type specifier
[12.200s]           cudaFree(d_keyframeVis);
[12.200s]           ^
[12.200s] 
[12.200s] [01m[0m[01m/home/jorge/ros2_thesis_ws/src/f_vigs_slam/src/GSSlam.cu(1347)[0m: [01;31merror[0m: variable [01m"f_vigs_slam::cudaFree"[0m has already been defined
[12.200s]           cudaFree(d_keyframeVis);
[12.200s]           ^
[12.200s] 
[12.200s] [01m[0m[01m/home/jorge/ros2_thesis_ws/src/f_vigs_slam/src/GSSlam.cu(1347)[0m: [01;31merror[0m: identifier "[01md_keyframeVis[0m" is undefined
[12.200s]           cudaFree(d_keyframeVis);
[12.201s]                    ^
[12.201s] 
[12.201s] [01m[0m[01m/home/jorge/ros2_thesis_ws/src/f_vigs_slam/src/GSSlam.cu(1348)[0m: [01;31merror[0m: this declaration has no storage class or type specifier
[12.201s]           cudaFree(d_frameVis);
[12.201s]           ^
[12.201s] 
[12.201s] [01m[0m[01m/home/jorge/ros2_thesis_ws/src/f_vigs_slam/src/GSSlam.cu(1348)[0m: [01;31merror[0m: variable [01m"f_vigs_slam::cudaFree"[0m has already been defined
[12.201s]           cudaFree(d_frameVis);
[12.201s]           ^
[12.201s] 
[12.202s] [01m[0m[01m/home/jorge/ros2_thesis_ws/src/f_vigs_slam/src/GSSlam.cu(1352)[0m: [01;31merror[0m: expected a declaration
[12.202s]           if (h_visUnion == 0)
[12.202s]           ^
[12.202s] 
[12.202s] [01m[0m[01m/home/jorge/ros2_thesis_ws/src/f_vigs_slam/src/GSSlam.cu(1355)[0m: [01;31merror[0m: expected a declaration
[12.202s]           return h_visInter / static_cast<float>(h_visUnion);
[12.202s]           ^
[12.202s] 
[12.202s] [01m[0m[01m/home/jorge/ros2_thesis_ws/src/f_vigs_slam/src/GSSlam.cu(1358)[0m: [01;31merror[0m: incomplete type is not allowed
[12.202s]       void GSSlam::initWarping(const CameraPose &camera_pose)
[12.202s]            ^
[12.203s] 
[12.203s] [01m[0m[01m/home/jorge/ros2_thesis_ws/src/f_vigs_slam/src/GSSlam.cu(1358)[0m: [01;31merror[0m: expected a ";"
[12.203s]       void GSSlam::initWarping(const CameraPose &camera_pose)
[12.203s]                  ^
[12.203s] 
[12.203s] [01m[0m[01m/home/jorge/ros2_thesis_ws/src/f_vigs_slam/src/GSSlam.cu(1394)[0m: [01;31merror[0m: identifier "[01mnb_pyr_levels_[0m" is undefined
[12.203s]           std::vector<cv::Mat> pyr_depth_cpu(nb_pyr_levels_);
[12.203s]                                              ^
[12.203s] 
[12.203s] [01m[0m[01m/home/jorge/ros2_thesis_ws/src/f_vigs_slam/src/GSSlam.cu(1396)[0m: [01;31merror[0m: identifier "[01mpyr_color_cpu[0m" is undefined
[12.204s]           pyr_color_cpu[0] = rgb_bgr;
[12.204s]           ^
[12.204s] 
[12.204s] [01m[0m[01m/home/jorge/ros2_thesis_ws/src/f_vigs_slam/src/GSSlam.cu(1396)[0m: [01;31merror[0m: invalid specifier for structured binding declaration
[12.204s]           pyr_color_cpu[0] = rgb_bgr;
[12.204s]           ^
[12.204s] 
[12.204s] [01m[0m[01m/home/jorge/ros2_thesis_ws/src/f_vigs_slam/src/GSSlam.cu(1396)[0m: [01;31merror[0m: expected an identifier
[12.204s]           pyr_color_cpu[0] = rgb_bgr;
[12.204s]                         ^
[12.204s] 
[12.209s] [01m[0m[01m/home/jorge/ros2_thesis_ws/src/f_vigs_slam/src/GSSlam.cu(1396)[0m: [01;31merror[0m: expected a "]"
[12.209s]           pyr_color_cpu[0] = rgb_bgr;
[12.209s]                            ^
[12.209s] 
[12.209s] [01m[0m[01m/home/jorge/ros2_thesis_ws/src/f_vigs_slam/src/GSSlam.cu(1396)[0m: [01;31merror[0m: identifier "[01mrgb_bgr[0m" is undefined
[12.209s]           pyr_color_cpu[0] = rgb_bgr;
[12.210s]                              ^
[12.210s] 
[12.210s] [01m[0m[01m/home/jorge/ros2_thesis_ws/src/f_vigs_slam/src/GSSlam.cu(1397)[0m: [01;31merror[0m: variable [01m"pyr_depth_cpu"[0m is not a type name
[12.210s]           pyr_depth_cpu[0] = depth_float;
[12.210s]           ^
[12.210s] 
[12.210s] [01m[0m[01m/home/jorge/ros2_thesis_ws/src/f_vigs_slam/src/GSSlam.cu(1397)[0m: [01;31merror[0m: invalid specifier for structured binding declaration
[12.210s]           pyr_depth_cpu[0] = depth_float;
[12.210s]           ^
[12.210s] 
[12.210s] [01m[0m[01m/home/jorge/ros2_thesis_ws/src/f_vigs_slam/src/GSSlam.cu(1397)[0m: [01;31merror[0m: expected an identifier
[12.210s]           pyr_depth_cpu[0] = depth_float;
[12.211s]                         ^
[12.211s] 
[12.211s] [01m[0m[01m/home/jorge/ros2_thesis_ws/src/f_vigs_slam/src/GSSlam.cu(1397)[0m: [01;31merror[0m: expected a "]"
[12.211s]           pyr_depth_cpu[0] = depth_float;
[12.211s]                            ^
[12.211s] 
[12.211s] [01m[0m[01m/home/jorge/ros2_thesis_ws/src/f_vigs_slam/src/GSSlam.cu(1397)[0m: [01;31merror[0m: identifier "[01mdepth_float[0m" is undefined
[12.211s]           pyr_depth_cpu[0] = depth_float;
[12.211s]                              ^
[12.211s] 
[12.211s] [01m[0m[01m/home/jorge/ros2_thesis_ws/src/f_vigs_slam/src/GSSlam.cu(1399)[0m: [01;31merror[0m: expected a declaration
[12.211s]           for (int i = 1; i < nb_pyr_levels_; i++) {
[12.211s]           ^
[12.212s] 
[12.212s] [01m[0m[01m/home/jorge/ros2_thesis_ws/src/f_vigs_slam/src/GSSlam.cu(1418)[0m: [01;31merror[0m: this declaration has no storage class or type specifier
[12.212s]           depth_gpu_ = pyr_depth_[0];
[12.212s]           ^
[12.212s] 
[12.212s] [01m[0m[01m/home/jorge/ros2_thesis_ws/src/f_vigs_slam/src/GSSlam.cu(1418)[0m: [01;31merror[0m: identifier "[01mpyr_depth_[0m" is undefined
[12.212s]           depth_gpu_ = pyr_depth_[0];
[12.212s]                        ^
[12.212s] 
[12.212s] [01m[0m[01m/home/jorge/ros2_thesis_ws/src/f_vigs_slam/src/GSSlam.cu(1419)[0m: [01;31merror[0m: expected a declaration
[12.212s]       }
[12.212s]       ^
[12.217s] 
[12.217s] [01m[0m[01m/home/jorge/ros2_thesis_ws/src/f_vigs_slam/src/GSSlam.cu(1444)[0m: [01;31merror[0m: this declaration has no storage class or type specifier
[12.217s]           rendered_rgb_gpu_.download(rendered_rgb_cpu);
[12.217s]           ^
[12.217s] 
[12.217s] [01m[0m[01m/home/jorge/ros2_thesis_ws/src/f_vigs_slam/src/GSSlam.cu(1444)[0m: [01;31merror[0m: expected a ";"
[12.217s]           rendered_rgb_gpu_.download(rendered_rgb_cpu);
[12.217s]                            ^
[12.217s] 
[12.217s] [01m[0m[01m/home/jorge/ros2_thesis_ws/src/f_vigs_slam/src/GSSlam.cu(1445)[0m: [01;31merror[0m: this declaration has no storage class or type specifier
[12.218s]           rendered_depth_gpu_.download(rendered_depth_cpu);
[12.218s]           ^
[12.218s] 
[12.218s] [01m[0m[01m/home/jorge/ros2_thesis_ws/src/f_vigs_slam/src/GSSlam.cu(1445)[0m: [01;31merror[0m: expected a ";"
[12.218s]           rendered_depth_gpu_.download(rendered_depth_cpu);
[12.218s]                              ^
[12.218s] 
[12.218s] [01m[0m[01m/home/jorge/ros2_thesis_ws/src/f_vigs_slam/src/GSSlam.cu(1449)[0m: [01;31merror[0m: this declaration has no storage class or type specifier
[12.218s]           rendered_rgb_cpu.convertTo(rendered_rgb_f, 
[12.218s]           ^
[12.218s] 
[12.218s] [01m[0m[01m/home/jorge/ros2_thesis_ws/src/f_vigs_slam/src/GSSlam.cu(1449)[0m: [01;31merror[0m: expected a ";"
[12.218s]           rendered_rgb_cpu.convertTo(rendered_rgb_f, 
[12.219s]                           ^
[12.219s] 
[12.219s] [01m[0m[01m/home/jorge/ros2_thesis_ws/src/f_vigs_slam/src/GSSlam.cu(1450)[0m: [01;31merror[0m: this declaration has no storage class or type specifier
[12.219s]           rgb_bgr.convertTo(rgb_gt_f, 
[12.219s]           ^
[12.219s] 
[12.225s] [01m[0m[01m/home/jorge/ros2_thesis_ws/src/f_vigs_slam/src/GSSlam.cu(1450)[0m: [01;31merror[0m: expected a ";"
[12.225s]           rgb_bgr.convertTo(rgb_gt_f, 
[12.225s]                  ^
[12.225s] 
[12.225s] [01m[0m[01m/home/jorge/ros2_thesis_ws/src/f_vigs_slam/src/GSSlam.cu(1453)[0m: [01;31merror[0m: this declaration has no storage class or type specifier
[12.225s]           cv::subtract(rendered_rgb_f, rgb_gt_f, residual_rgb_f);
[12.225s]           ^
[12.226s] 
[12.226s] [01m[0m[01m/home/jorge/ros2_thesis_ws/src/f_vigs_slam/src/GSSlam.cu(1453)[0m: [01;31merror[0m: declaration is incompatible with [01m"void cv::subtract(cv::InputArray, cv::InputArray, cv::OutputArray, cv::InputArray, int)"[0m[32m (declared at line 401 of /usr/local/include/opencv4/opencv2/core.hpp)[0m
[12.226s]           cv::subtract(rendered_rgb_f, rgb_gt_f, residual_rgb_f);
[12.226s]               ^
[12.226s] 
[12.226s] [01m[0m[01m/home/jorge/ros2_thesis_ws/src/f_vigs_slam/src/GSSlam.cu(1453)[0m: [01;31merror[0m: too many initializer values
[12.226s]           cv::subtract(rendered_rgb_f, rgb_gt_f, residual_rgb_f);
[12.226s]                                        ^
[12.226s] 
[12.226s] [01m[0m[01m/home/jorge/ros2_thesis_ws/src/f_vigs_slam/src/GSSlam.cu(1453)[0m: [01;31merror[0m: no suitable conversion function from "cv::Mat" to "int" exists
[12.226s]           cv::subtract(rendered_rgb_f, rgb_gt_f, residual_rgb_f);
[12.227s]                        ^
[12.227s] 
[12.227s] [01m[0m[01m/home/jorge/ros2_thesis_ws/src/f_vigs_slam/src/GSSlam.cu(1456)[0m: [01;31merror[0m: this declaration has no storage class or type specifier
[12.227s]           cv::cvtColor(residual_rgb_f, residual_rgb_gray_f, cv::COLOR_BGR2GRAY);
[12.227s]           ^
[12.227s] 
[12.227s] [01m[0m[01m/home/jorge/ros2_thesis_ws/src/f_vigs_slam/src/GSSlam.cu(1456)[0m: [01;31merror[0m: declaration is incompatible with [01m"void cv::cvtColor(cv::InputArray, cv::OutputArray, int, int)"[0m[32m (declared at line 3695 of /usr/local/include/opencv4/opencv2/imgproc.hpp)[0m
[12.227s]           cv::cvtColor(residual_rgb_f, residual_rgb_gray_f, cv::COLOR_BGR2GRAY);
[12.227s]               ^
[12.227s] 
[12.227s] [01m[0m[01m/home/jorge/ros2_thesis_ws/src/f_vigs_slam/src/GSSlam.cu(1456)[0m: [01;31merror[0m: too many initializer values
[12.227s]           cv::cvtColor(residual_rgb_f, residual_rgb_gray_f, cv::COLOR_BGR2GRAY);
[12.228s]                                        ^
[12.228s] 
[12.228s] [01m[0m[01m/home/jorge/ros2_thesis_ws/src/f_vigs_slam/src/GSSlam.cu(1456)[0m: [01;31merror[0m: no suitable conversion function from "cv::Mat" to "int" exists
[12.228s]           cv::cvtColor(residual_rgb_f, residual_rgb_gray_f, cv::COLOR_BGR2GRAY);
[12.228s]                        ^
[12.228s] 
[12.228s] [01m[0m[01m/home/jorge/ros2_thesis_ws/src/f_vigs_slam/src/GSSlam.cu(1459)[0m: [01;31merror[0m: this declaration has no storage class or type specifier
[12.228s]           cv::subtract(rendered_depth_cpu, depth_float, residual_depth_f);
[12.228s]           ^
[12.228s] 
[12.229s] [01m[0m[01m/home/jorge/ros2_thesis_ws/src/f_vigs_slam/src/GSSlam.cu(1459)[0m: [01;31merror[0m: variable [01m"cv::subtract"[0m has already been defined
[12.229s]           cv::subtract(rendered_depth_cpu, depth_float, residual_depth_f);
[12.229s]               ^
[12.229s] 
[12.229s] [01m[0m[01m/home/jorge/ros2_thesis_ws/src/f_vigs_slam/src/GSSlam.cu(1459)[0m: [01;31merror[0m: too many initializer values
[12.229s]           cv::subtract(rendered_depth_cpu, depth_float, residual_depth_f);
[12.229s]                                            ^
[12.233s] 
[12.233s] [01m[0m[01m/home/jorge/ros2_thesis_ws/src/f_vigs_slam/src/GSSlam.cu(1459)[0m: [01;31merror[0m: no suitable conversion function from "cv::Mat" to "int" exists
[12.233s]           cv::subtract(rendered_depth_cpu, depth_float, residual_depth_f);
[12.233s]                        ^
[12.233s] 
[12.233s] [01m[0m[01m/home/jorge/ros2_thesis_ws/src/f_vigs_slam/src/GSSlam.cu(1463)[0m: [01;31merror[0m: this declaration has no storage class or type specifier
[12.233s]           cv::addWeighted(residual_rgb_gray_f, 1.0, residual_depth_f, depth_weight, 0.0, error_map_cpu);
[12.233s]           ^
[12.233s] 
[12.233s] [01m[0m[01m/home/jorge/ros2_thesis_ws/src/f_vigs_slam/src/GSSlam.cu(1463)[0m: [01;31merror[0m: declaration is incompatible with [01m"void cv::addWeighted(cv::InputArray, double, cv::InputArray, double, double, cv::OutputArray, int)"[0m[32m (declared at line 507 of /usr/local/include/opencv4/opencv2/core.hpp)[0m
[12.233s]           cv::addWeighted(residual_rgb_gray_f, 1.0, residual_depth_f, depth_weight, 0.0, error_map_cpu);
[12.233s]               ^
[12.234s] 
[12.234s] Error limit reached.
[12.234s] 100 errors detected in the compilation of "/home/jorge/ros2_thesis_ws/src/f_vigs_slam/src/GSSlam.cu".
[12.234s] Compilation terminated.
[12.279s] gmake[2]: *** [CMakeFiles/GSSlam.dir/build.make:77: CMakeFiles/GSSlam.dir/src/GSSlam.cu.o] Error 4
[12.279s] gmake[2]: *** Waiting for unfinished jobs....
[36.947s] gmake[1]: *** [CMakeFiles/Makefile2:141: CMakeFiles/GSSlam.dir/all] Error 2
[36.948s] gmake: *** [Makefile:146: all] Error 2
[36.951s] Invoked command in '/home/jorge/ros2_thesis_ws/src/f_vigs_slam/build/f_vigs_slam' returned '2': CMAKE_PREFIX_PATH=${CMAKE_PREFIX_PATH}:/opt/ros/rolling /usr/bin/cmake --build /home/jorge/ros2_thesis_ws/src/f_vigs_slam/build/f_vigs_slam -- -j6 -l6
