[0.012s] Invoking command in '/home/jorge/ros2_thesis_ws/src/f_vigs_slam/build/f_vigs_slam': CMAKE_PREFIX_PATH=${CMAKE_PREFIX_PATH}:/opt/ros/rolling /usr/bin/cmake --build /home/jorge/ros2_thesis_ws/src/f_vigs_slam/build/f_vigs_slam -- -j6 -l6
[0.133s] [  8%] [32mBuilding CUDA object CMakeFiles/GSSlam.dir/src/GSSlam.cu.o[0m
[0.135s] [ 16%] [32mBuilding CUDA object CMakeFiles/GSSlam.dir/src/RgbdPoseCost.cu.o[0m
[5.877s] [01m[0m[01m/home/jorge/ros2_thesis_ws/src/f_vigs_slam/src/GSSlam.cu(250)[0m: [01;31merror[0m: no suitable constructor exists to convert from "uint32_t" to "f_vigs_slam::CameraPose"
[5.877s]               static_cast<uint32_t>(gauss_init_size_px_),
[5.877s]               ^
[5.877s] 
[5.877s] [01m[0m[01m/home/jorge/ros2_thesis_ws/src/f_vigs_slam/src/GSSlam.cu(252)[0m: [01;31merror[0m: too few arguments in function call
[5.877s]               gauss_init_opacity_);
[5.878s]                                  ^
[5.878s] 
[5.882s] [01m[0m[01m/home/jorge/ros2_thesis_ws/src/f_vigs_slam/src/GSSlam.cu(378)[0m: [01;31merror[0m: argument of type "float2 *" is incompatible with parameter of type "int"
[5.882s]            thrust::raw_pointer_cast(p_hats_.data()),
[5.882s]            ^
[5.882s] 
[5.882s] [01m[0m[01m/home/jorge/ros2_thesis_ws/src/f_vigs_slam/src/GSSlam.cu(384)[0m: [01;31merror[0m: too many arguments in function call
[5.882s]            3.0f);
[5.882s]            ^
[5.882s] 
[5.884s] [01m[0m[01m/home/jorge/ros2_thesis_ws/src/f_vigs_slam/src/GSSlam.cu(454)[0m: [01;31merror[0m: argument of type "float2 *" is incompatible with parameter of type "int"
[5.884s]            thrust::raw_pointer_cast(p_hats_.data()),
[5.884s]            ^
[5.884s] 
[5.885s] [01m[0m[01m/home/jorge/ros2_thesis_ws/src/f_vigs_slam/src/GSSlam.cu(458)[0m: [01;31merror[0m: too many arguments in function call
[5.885s]            num_tiles_.y);
[5.885s]            ^
[5.885s] 
[6.202s] [01m[0m[01m/home/jorge/ros2_thesis_ws/src/f_vigs_slam/src/GSSlam.cu(1253)[0m: [01;31merror[0m: expected a ";"
[6.202s]       float GaussianSplattingSlam::computeCovisibilityRatio(GaussianSplattingKeyframe &keyframe)
[6.202s]                                  ^
[6.202s] 
[6.203s] [01m[0m[01m/home/jorge/ros2_thesis_ws/src/f_vigs_slam/src/GSSlam.cu(1277)[0m: [01;31merror[0m: this declaration has no storage class or type specifier
[6.203s]           cudaMemset(d_frameVis, 0, nbGaussians * sizeof(unsigned char));
[6.203s]           ^
[6.203s] 
[6.203s] [01m[0m[01m/home/jorge/ros2_thesis_ws/src/f_vigs_slam/src/GSSlam.cu(1277)[0m: [01;31merror[0m: identifier "[01md_frameVis[0m" is undefined
[6.203s]           cudaMemset(d_frameVis, 0, nbGaussians * sizeof(unsigned char));
[6.203s]                      ^
[6.203s] 
[6.203s] [01m[0m[01m/home/jorge/ros2_thesis_ws/src/f_vigs_slam/src/GSSlam.cu(1277)[0m: [01;31merror[0m: identifier "[01mnbGaussians[0m" is undefined
[6.203s]           cudaMemset(d_frameVis, 0, nbGaussians * sizeof(unsigned char));
[6.204s]                                     ^
[6.204s] 
[6.204s] [01m[0m[01m/home/jorge/ros2_thesis_ws/src/f_vigs_slam/src/GSSlam.cu(1277)[0m: [01;31merror[0m: too many initializer values
[6.204s]           cudaMemset(d_frameVis, 0, nbGaussians * sizeof(unsigned char));
[6.204s]                                  ^
[6.204s] 
[6.204s] [01m[0m[01m/home/jorge/ros2_thesis_ws/src/f_vigs_slam/src/GSSlam.cu(1280)[0m: [01;31merror[0m: this declaration has no storage class or type specifier
[6.204s]           prepareRasterization(
[6.204s]           ^
[6.205s] 
[6.205s] [01m[0m[01m/home/jorge/ros2_thesis_ws/src/f_vigs_slam/src/GSSlam.cu(1281)[0m: [01;31merror[0m: identifier "[01mkeyframe[0m" is undefined
[6.205s]               keyframe.getCameraPose(),
[6.205s]               ^
[6.205s] 
[6.205s] [01m[0m[01m/home/jorge/ros2_thesis_ws/src/f_vigs_slam/src/GSSlam.cu(1282)[0m: [01;31merror[0m: too many initializer values
[6.205s]               keyframe.getCameraParams(),
[6.205s]               ^
[6.206s] 
[6.206s] [01m[0m[01m/home/jorge/ros2_thesis_ws/src/f_vigs_slam/src/GSSlam.cu(1287)[0m: [01;31merror[0m: this declaration has no storage class or type specifier
[6.206s]           computeGaussiansVisibility_kernel<<<
[6.206s]           ^
[6.207s] 
[6.207s] [01m[0m[01m/home/jorge/ros2_thesis_ws/src/f_vigs_slam/src/GSSlam.cu(1287)[0m: [01;31merror[0m: declaration is incompatible with [01m"void f_vigs_slam::computeGaussiansVisibility_kernel(unsigned char *, const uint2 *, const uint32_t *, const float3 *, const float3 *, const float *, uint2, uint32_t, uint32_t)"[0m[32m (declared at line 396 of /home/jorge/ros2_thesis_ws/src/f_vigs_slam/include/f_vigs_slam/GSCudaKernels.cuh)[0m
[6.207s]           computeGaussiansVisibility_kernel<<<
[6.207s]           ^
[6.208s] 
[6.208s] [01m[0m[01m/home/jorge/ros2_thesis_ws/src/f_vigs_slam/src/GSSlam.cu(1287)[0m: [01;31merror[0m: expected a ";"
[6.208s]           computeGaussiansVisibility_kernel<<<
[6.208s]                                            ^
[6.208s] 
[6.208s] [01m[0m[01m/home/jorge/ros2_thesis_ws/src/f_vigs_slam/src/GSSlam.cu(1303)[0m: [01;31merror[0m: this declaration has no storage class or type specifier
[6.209s]           prepareRasterization(
[6.209s]           ^
[6.209s] 
[6.209s] [01m[0m[01m/home/jorge/ros2_thesis_ws/src/f_vigs_slam/src/GSSlam.cu(1303)[0m: [01;31merror[0m: variable [01m"f_vigs_slam::prepareRasterization"[0m has already been defined
[6.209s]           prepareRasterization(
[6.210s]           ^
[6.210s] 
[6.210s] [01m[0m[01m/home/jorge/ros2_thesis_ws/src/f_vigs_slam/src/GSSlam.cu(1304)[0m: [01;31merror[0m: identifier "[01mcameraPose[0m" is undefined
[6.210s]               cameraPose,
[6.210s]               ^
[6.210s] 
[6.210s] [01m[0m[01m/home/jorge/ros2_thesis_ws/src/f_vigs_slam/src/GSSlam.cu(1305)[0m: [01;31merror[0m: identifier "[01mcameraParams[0m" is undefined
[6.211s]               cameraParams[0],
[6.211s]               ^
[6.211s] 
[6.211s] [01m[0m[01m/home/jorge/ros2_thesis_ws/src/f_vigs_slam/src/GSSlam.cu(1306)[0m: [01;31merror[0m: identifier "[01mpyrColor[0m" is undefined
[6.211s]               pyrColor[0].cols,
[6.211s]               ^
[6.211s] 
[6.211s] [01m[0m[01m/home/jorge/ros2_thesis_ws/src/f_vigs_slam/src/GSSlam.cu(1305)[0m: [01;31merror[0m: too many initializer values
[6.211s]               cameraParams[0],
[6.211s]               ^
[6.211s] 
[6.211s] [01m[0m[01m/home/jorge/ros2_thesis_ws/src/f_vigs_slam/src/GSSlam.cu(1310)[0m: [01;31merror[0m: this declaration has no storage class or type specifier
[6.211s]           computeGaussiansVisibility_kernel<<<
[6.212s]           ^
[6.212s] 
[6.212s] [01m[0m[01m/home/jorge/ros2_thesis_ws/src/f_vigs_slam/src/GSSlam.cu(1310)[0m: [01;31merror[0m: variable [01m"f_vigs_slam::computeGaussiansVisibility_kernel"[0m has already been defined
[6.212s]           computeGaussiansVisibility_kernel<<<
[6.212s]           ^
[6.212s] 
[6.212s] [01m[0m[01m/home/jorge/ros2_thesis_ws/src/f_vigs_slam/src/GSSlam.cu(1310)[0m: [01;31merror[0m: expected a ";"
[6.212s]           computeGaussiansVisibility_kernel<<<
[6.212s]                                            ^
[6.212s] 
[6.212s] [01m[0m[01m/home/jorge/ros2_thesis_ws/src/f_vigs_slam/src/GSSlam.cu(1326)[0m: [01;31merror[0m: this declaration has no storage class or type specifier
[6.212s]           computeGaussiansCovisibility_kernel<<<
[6.212s]           ^
[6.213s] 
[6.213s] [01m[0m[01m/home/jorge/ros2_thesis_ws/src/f_vigs_slam/src/GSSlam.cu(1326)[0m: [01;31merror[0m: declaration is incompatible with [01m"void f_vigs_slam::computeGaussiansCovisibility_kernel(uint32_t *, uint32_t *, unsigned char *, unsigned char *, uint32_t)"[0m[32m (declared at line 428 of /home/jorge/ros2_thesis_ws/src/f_vigs_slam/include/f_vigs_slam/GSCudaKernels.cuh)[0m
[6.213s]           computeGaussiansCovisibility_kernel<<<
[6.213s]           ^
[6.213s] 
[6.213s] [01m[0m[01m/home/jorge/ros2_thesis_ws/src/f_vigs_slam/src/GSSlam.cu(1326)[0m: [01;31merror[0m: expected a ";"
[6.213s]           computeGaussiansCovisibility_kernel<<<
[6.213s]                                              ^
[6.213s] 
[6.213s] [01m[0m[01m/home/jorge/ros2_thesis_ws/src/f_vigs_slam/src/GSSlam.cu(1338)[0m: [01;31merror[0m: this declaration has no storage class or type specifier
[6.213s]           cudaMemcpy(&h_visInter, d_visInter, sizeof(uint32_t), cudaMemcpyDeviceToHost);
[6.213s]           ^
[6.213s] 
[6.214s] [01m[0m[01m/home/jorge/ros2_thesis_ws/src/f_vigs_slam/src/GSSlam.cu(1338)[0m: [01;31merror[0m: identifier "[01mh_visInter[0m" is undefined
[6.214s]           cudaMemcpy(&h_visInter, d_visInter, sizeof(uint32_t), cudaMemcpyDeviceToHost);
[6.214s]                       ^
[6.214s] 
[6.214s] [01m[0m[01m/home/jorge/ros2_thesis_ws/src/f_vigs_slam/src/GSSlam.cu(1338)[0m: [01;31merror[0m: identifier "[01md_visInter[0m" is undefined
[6.214s]           cudaMemcpy(&h_visInter, d_visInter, sizeof(uint32_t), cudaMemcpyDeviceToHost);
[6.214s]                                   ^
[6.214s] 
[6.214s] [01m[0m[01m/home/jorge/ros2_thesis_ws/src/f_vigs_slam/src/GSSlam.cu(1338)[0m: [01;31merror[0m: too many initializer values
[6.214s]           cudaMemcpy(&h_visInter, d_visInter, sizeof(uint32_t), cudaMemcpyDeviceToHost);
[6.214s]                                   ^
[6.214s] 
[6.214s] [01m[0m[01m/home/jorge/ros2_thesis_ws/src/f_vigs_slam/src/GSSlam.cu(1339)[0m: [01;31merror[0m: this declaration has no storage class or type specifier
[6.215s]           cudaMemcpy(&h_visUnion, d_visUnion, sizeof(uint32_t), cudaMemcpyDeviceToHost);
[6.215s]           ^
[6.215s] 
[6.215s] [01m[0m[01m/home/jorge/ros2_thesis_ws/src/f_vigs_slam/src/GSSlam.cu(1339)[0m: [01;31merror[0m: variable [01m"f_vigs_slam::cudaMemcpy"[0m has already been defined
[6.215s]           cudaMemcpy(&h_visUnion, d_visUnion, sizeof(uint32_t), cudaMemcpyDeviceToHost);
[6.215s]           ^
[6.215s] 
[6.215s] [01m[0m[01m/home/jorge/ros2_thesis_ws/src/f_vigs_slam/src/GSSlam.cu(1339)[0m: [01;31merror[0m: identifier "[01mh_visUnion[0m" is undefined
[6.215s]           cudaMemcpy(&h_visUnion, d_visUnion, sizeof(uint32_t), cudaMemcpyDeviceToHost);
[6.215s]                       ^
[6.215s] 
[6.215s] [01m[0m[01m/home/jorge/ros2_thesis_ws/src/f_vigs_slam/src/GSSlam.cu(1339)[0m: [01;31merror[0m: identifier "[01md_visUnion[0m" is undefined
[6.215s]           cudaMemcpy(&h_visUnion, d_visUnion, sizeof(uint32_t), cudaMemcpyDeviceToHost);
[6.216s]                                   ^
[6.216s] 
[6.216s] [01m[0m[01m/home/jorge/ros2_thesis_ws/src/f_vigs_slam/src/GSSlam.cu(1339)[0m: [01;31merror[0m: too many initializer values
[6.216s]           cudaMemcpy(&h_visUnion, d_visUnion, sizeof(uint32_t), cudaMemcpyDeviceToHost);
[6.216s]                                   ^
[6.216s] 
[6.216s] [01m[0m[01m/home/jorge/ros2_thesis_ws/src/f_vigs_slam/src/GSSlam.cu(1342)[0m: [01;31merror[0m: this declaration has no storage class or type specifier
[6.216s]           cudaFree(d_visUnion);
[6.216s]           ^
[6.216s] 
[6.216s] [01m[0m[01m/home/jorge/ros2_thesis_ws/src/f_vigs_slam/src/GSSlam.cu(1343)[0m: [01;31merror[0m: this declaration has no storage class or type specifier
[6.216s]           cudaFree(d_visInter);
[6.216s]           ^
[6.217s] 
[6.217s] [01m[0m[01m/home/jorge/ros2_thesis_ws/src/f_vigs_slam/src/GSSlam.cu(1343)[0m: [01;31merror[0m: variable [01m"f_vigs_slam::cudaFree"[0m has already been defined
[6.217s]           cudaFree(d_visInter);
[6.217s]           ^
[6.217s] 
[6.217s] [01m[0m[01m/home/jorge/ros2_thesis_ws/src/f_vigs_slam/src/GSSlam.cu(1344)[0m: [01;31merror[0m: this declaration has no storage class or type specifier
[6.217s]           cudaFree(d_keyframeVis);
[6.217s]           ^
[6.217s] 
[6.217s] [01m[0m[01m/home/jorge/ros2_thesis_ws/src/f_vigs_slam/src/GSSlam.cu(1344)[0m: [01;31merror[0m: variable [01m"f_vigs_slam::cudaFree"[0m has already been defined
[6.217s]           cudaFree(d_keyframeVis);
[6.217s]           ^
[6.217s] 
[6.218s] [01m[0m[01m/home/jorge/ros2_thesis_ws/src/f_vigs_slam/src/GSSlam.cu(1344)[0m: [01;31merror[0m: identifier "[01md_keyframeVis[0m" is undefined
[6.218s]           cudaFree(d_keyframeVis);
[6.218s]                    ^
[6.218s] 
[6.218s] [01m[0m[01m/home/jorge/ros2_thesis_ws/src/f_vigs_slam/src/GSSlam.cu(1345)[0m: [01;31merror[0m: this declaration has no storage class or type specifier
[6.218s]           cudaFree(d_frameVis);
[6.218s]           ^
[6.218s] 
[6.218s] [01m[0m[01m/home/jorge/ros2_thesis_ws/src/f_vigs_slam/src/GSSlam.cu(1345)[0m: [01;31merror[0m: variable [01m"f_vigs_slam::cudaFree"[0m has already been defined
[6.218s]           cudaFree(d_frameVis);
[6.218s]           ^
[6.218s] 
[6.218s] [01m[0m[01m/home/jorge/ros2_thesis_ws/src/f_vigs_slam/src/GSSlam.cu(1349)[0m: [01;31merror[0m: expected a declaration
[6.219s]           if (h_visUnion == 0)
[6.219s]           ^
[6.219s] 
[6.219s] [01m[0m[01m/home/jorge/ros2_thesis_ws/src/f_vigs_slam/src/GSSlam.cu(1352)[0m: [01;31merror[0m: expected a declaration
[6.219s]           return h_visInter / static_cast<float>(h_visUnion);
[6.219s]           ^
[6.219s] 
[6.219s] [01m[0m[01m/home/jorge/ros2_thesis_ws/src/f_vigs_slam/src/GSSlam.cu(1355)[0m: [01;31merror[0m: incomplete type is not allowed
[6.219s]       void GSSlam::initWarping(const CameraPose &camera_pose)
[6.219s]            ^
[6.219s] 
[6.219s] [01m[0m[01m/home/jorge/ros2_thesis_ws/src/f_vigs_slam/src/GSSlam.cu(1355)[0m: [01;31merror[0m: expected a ";"
[6.219s]       void GSSlam::initWarping(const CameraPose &camera_pose)
[6.220s]                  ^
[6.220s] 
[6.220s] [01m[0m[01m/home/jorge/ros2_thesis_ws/src/f_vigs_slam/src/GSSlam.cu(1391)[0m: [01;31merror[0m: identifier "[01mnb_pyr_levels_[0m" is undefined
[6.220s]           std::vector<cv::Mat> pyr_depth_cpu(nb_pyr_levels_);
[6.220s]                                              ^
[6.220s] 
[6.220s] [01m[0m[01m/home/jorge/ros2_thesis_ws/src/f_vigs_slam/src/GSSlam.cu(1393)[0m: [01;31merror[0m: identifier "[01mpyr_color_cpu[0m" is undefined
[6.220s]           pyr_color_cpu[0] = rgb_bgr;
[6.220s]           ^
[6.220s] 
[6.220s] [01m[0m[01m/home/jorge/ros2_thesis_ws/src/f_vigs_slam/src/GSSlam.cu(1393)[0m: [01;31merror[0m: invalid specifier for structured binding declaration
[6.220s]           pyr_color_cpu[0] = rgb_bgr;
[6.220s]           ^
[6.221s] 
[6.221s] [01m[0m[01m/home/jorge/ros2_thesis_ws/src/f_vigs_slam/src/GSSlam.cu(1393)[0m: [01;31merror[0m: expected an identifier
[6.221s]           pyr_color_cpu[0] = rgb_bgr;
[6.221s]                         ^
[6.221s] 
[6.221s] [01m[0m[01m/home/jorge/ros2_thesis_ws/src/f_vigs_slam/src/GSSlam.cu(1393)[0m: [01;31merror[0m: expected a "]"
[6.221s]           pyr_color_cpu[0] = rgb_bgr;
[6.221s]                            ^
[6.221s] 
[6.221s] [01m[0m[01m/home/jorge/ros2_thesis_ws/src/f_vigs_slam/src/GSSlam.cu(1393)[0m: [01;31merror[0m: identifier "[01mrgb_bgr[0m" is undefined
[6.221s]           pyr_color_cpu[0] = rgb_bgr;
[6.221s]                              ^
[6.222s] 
[6.222s] [01m[0m[01m/home/jorge/ros2_thesis_ws/src/f_vigs_slam/src/GSSlam.cu(1394)[0m: [01;31merror[0m: variable [01m"pyr_depth_cpu"[0m is not a type name
[6.222s]           pyr_depth_cpu[0] = depth_float;
[6.222s]           ^
[6.222s] 
[6.222s] [01m[0m[01m/home/jorge/ros2_thesis_ws/src/f_vigs_slam/src/GSSlam.cu(1394)[0m: [01;31merror[0m: invalid specifier for structured binding declaration
[6.222s]           pyr_depth_cpu[0] = depth_float;
[6.222s]           ^
[6.222s] 
[6.222s] [01m[0m[01m/home/jorge/ros2_thesis_ws/src/f_vigs_slam/src/GSSlam.cu(1394)[0m: [01;31merror[0m: expected an identifier
[6.222s]           pyr_depth_cpu[0] = depth_float;
[6.222s]                         ^
[6.223s] 
[6.223s] [01m[0m[01m/home/jorge/ros2_thesis_ws/src/f_vigs_slam/src/GSSlam.cu(1394)[0m: [01;31merror[0m: expected a "]"
[6.223s]           pyr_depth_cpu[0] = depth_float;
[6.223s]                            ^
[6.223s] 
[6.223s] [01m[0m[01m/home/jorge/ros2_thesis_ws/src/f_vigs_slam/src/GSSlam.cu(1394)[0m: [01;31merror[0m: identifier "[01mdepth_float[0m" is undefined
[6.223s]           pyr_depth_cpu[0] = depth_float;
[6.223s]                              ^
[6.223s] 
[6.223s] [01m[0m[01m/home/jorge/ros2_thesis_ws/src/f_vigs_slam/src/GSSlam.cu(1396)[0m: [01;31merror[0m: expected a declaration
[6.223s]           for (int i = 1; i < nb_pyr_levels_; i++) {
[6.224s]           ^
[6.224s] 
[6.224s] [01m[0m[01m/home/jorge/ros2_thesis_ws/src/f_vigs_slam/src/GSSlam.cu(1415)[0m: [01;31merror[0m: this declaration has no storage class or type specifier
[6.224s]           depth_gpu_ = pyr_depth_[0];
[6.224s]           ^
[6.224s] 
[6.224s] [01m[0m[01m/home/jorge/ros2_thesis_ws/src/f_vigs_slam/src/GSSlam.cu(1415)[0m: [01;31merror[0m: identifier "[01mpyr_depth_[0m" is undefined
[6.224s]           depth_gpu_ = pyr_depth_[0];
[6.224s]                        ^
[6.224s] 
[6.224s] [01m[0m[01m/home/jorge/ros2_thesis_ws/src/f_vigs_slam/src/GSSlam.cu(1416)[0m: [01;31merror[0m: expected a declaration
[6.224s]       }
[6.225s]       ^
[6.225s] 
[6.225s] [01m[0m[01m/home/jorge/ros2_thesis_ws/src/f_vigs_slam/src/GSSlam.cu(1441)[0m: [01;31merror[0m: this declaration has no storage class or type specifier
[6.225s]           rendered_rgb_gpu_.download(rendered_rgb_cpu);
[6.225s]           ^
[6.225s] 
[6.225s] [01m[0m[01m/home/jorge/ros2_thesis_ws/src/f_vigs_slam/src/GSSlam.cu(1441)[0m: [01;31merror[0m: expected a ";"
[6.225s]           rendered_rgb_gpu_.download(rendered_rgb_cpu);
[6.225s]                            ^
[6.225s] 
[6.226s] [01m[0m[01m/home/jorge/ros2_thesis_ws/src/f_vigs_slam/src/GSSlam.cu(1442)[0m: [01;31merror[0m: this declaration has no storage class or type specifier
[6.226s]           rendered_depth_gpu_.download(rendered_depth_cpu);
[6.226s]           ^
[6.226s] 
[6.226s] [01m[0m[01m/home/jorge/ros2_thesis_ws/src/f_vigs_slam/src/GSSlam.cu(1442)[0m: [01;31merror[0m: expected a ";"
[6.226s]           rendered_depth_gpu_.download(rendered_depth_cpu);
[6.226s]                              ^
[6.226s] 
[6.226s] [01m[0m[01m/home/jorge/ros2_thesis_ws/src/f_vigs_slam/src/GSSlam.cu(1446)[0m: [01;31merror[0m: this declaration has no storage class or type specifier
[6.226s]           rendered_rgb_cpu.convertTo(rendered_rgb_f, 
[6.226s]           ^
[6.226s] 
[6.226s] [01m[0m[01m/home/jorge/ros2_thesis_ws/src/f_vigs_slam/src/GSSlam.cu(1446)[0m: [01;31merror[0m: expected a ";"
[6.227s]           rendered_rgb_cpu.convertTo(rendered_rgb_f, 
[6.227s]                           ^
[6.227s] 
[6.227s] [01m[0m[01m/home/jorge/ros2_thesis_ws/src/f_vigs_slam/src/GSSlam.cu(1447)[0m: [01;31merror[0m: this declaration has no storage class or type specifier
[6.227s]           rgb_bgr.convertTo(rgb_gt_f, 
[6.227s]           ^
[6.227s] 
[6.227s] [01m[0m[01m/home/jorge/ros2_thesis_ws/src/f_vigs_slam/src/GSSlam.cu(1447)[0m: [01;31merror[0m: expected a ";"
[6.227s]           rgb_bgr.convertTo(rgb_gt_f, 
[6.228s]                  ^
[6.228s] 
[6.228s] [01m[0m[01m/home/jorge/ros2_thesis_ws/src/f_vigs_slam/src/GSSlam.cu(1450)[0m: [01;31merror[0m: this declaration has no storage class or type specifier
[6.228s]           cv::subtract(rendered_rgb_f, rgb_gt_f, residual_rgb_f);
[6.228s]           ^
[6.228s] 
[6.228s] [01m[0m[01m/home/jorge/ros2_thesis_ws/src/f_vigs_slam/src/GSSlam.cu(1450)[0m: [01;31merror[0m: declaration is incompatible with [01m"void cv::subtract(cv::InputArray, cv::InputArray, cv::OutputArray, cv::InputArray, int)"[0m[32m (declared at line 401 of /usr/local/include/opencv4/opencv2/core.hpp)[0m
[6.228s]           cv::subtract(rendered_rgb_f, rgb_gt_f, residual_rgb_f);
[6.228s]               ^
[6.228s] 
[6.228s] [01m[0m[01m/home/jorge/ros2_thesis_ws/src/f_vigs_slam/src/GSSlam.cu(1450)[0m: [01;31merror[0m: too many initializer values
[6.228s]           cv::subtract(rendered_rgb_f, rgb_gt_f, residual_rgb_f);
[6.228s]                                        ^
[6.229s] 
[6.229s] [01m[0m[01m/home/jorge/ros2_thesis_ws/src/f_vigs_slam/src/GSSlam.cu(1450)[0m: [01;31merror[0m: no suitable conversion function from "cv::Mat" to "int" exists
[6.229s]           cv::subtract(rendered_rgb_f, rgb_gt_f, residual_rgb_f);
[6.229s]                        ^
[6.229s] 
[6.229s] [01m[0m[01m/home/jorge/ros2_thesis_ws/src/f_vigs_slam/src/GSSlam.cu(1453)[0m: [01;31merror[0m: this declaration has no storage class or type specifier
[6.229s]           cv::cvtColor(residual_rgb_f, residual_rgb_gray_f, cv::COLOR_BGR2GRAY);
[6.229s]           ^
[6.229s] 
[6.229s] [01m[0m[01m/home/jorge/ros2_thesis_ws/src/f_vigs_slam/src/GSSlam.cu(1453)[0m: [01;31merror[0m: declaration is incompatible with [01m"void cv::cvtColor(cv::InputArray, cv::OutputArray, int, int)"[0m[32m (declared at line 3695 of /usr/local/include/opencv4/opencv2/imgproc.hpp)[0m
[6.229s]           cv::cvtColor(residual_rgb_f, residual_rgb_gray_f, cv::COLOR_BGR2GRAY);
[6.229s]               ^
[6.229s] 
[6.230s] [01m[0m[01m/home/jorge/ros2_thesis_ws/src/f_vigs_slam/src/GSSlam.cu(1453)[0m: [01;31merror[0m: too many initializer values
[6.230s]           cv::cvtColor(residual_rgb_f, residual_rgb_gray_f, cv::COLOR_BGR2GRAY);
[6.230s]                                        ^
[6.230s] 
[6.230s] [01m[0m[01m/home/jorge/ros2_thesis_ws/src/f_vigs_slam/src/GSSlam.cu(1453)[0m: [01;31merror[0m: no suitable conversion function from "cv::Mat" to "int" exists
[6.230s]           cv::cvtColor(residual_rgb_f, residual_rgb_gray_f, cv::COLOR_BGR2GRAY);
[6.230s]                        ^
[6.230s] 
[6.230s] [01m[0m[01m/home/jorge/ros2_thesis_ws/src/f_vigs_slam/src/GSSlam.cu(1456)[0m: [01;31merror[0m: this declaration has no storage class or type specifier
[6.230s]           cv::subtract(rendered_depth_cpu, depth_float, residual_depth_f);
[6.230s]           ^
[6.230s] 
[6.230s] [01m[0m[01m/home/jorge/ros2_thesis_ws/src/f_vigs_slam/src/GSSlam.cu(1456)[0m: [01;31merror[0m: variable [01m"cv::subtract"[0m has already been defined
[6.231s]           cv::subtract(rendered_depth_cpu, depth_float, residual_depth_f);
[6.231s]               ^
[6.231s] 
[6.231s] [01m[0m[01m/home/jorge/ros2_thesis_ws/src/f_vigs_slam/src/GSSlam.cu(1456)[0m: [01;31merror[0m: too many initializer values
[6.231s]           cv::subtract(rendered_depth_cpu, depth_float, residual_depth_f);
[6.231s]                                            ^
[6.231s] 
[6.231s] [01m[0m[01m/home/jorge/ros2_thesis_ws/src/f_vigs_slam/src/GSSlam.cu(1456)[0m: [01;31merror[0m: no suitable conversion function from "cv::Mat" to "int" exists
[6.231s]           cv::subtract(rendered_depth_cpu, depth_float, residual_depth_f);
[6.231s]                        ^
[6.231s] 
[6.231s] [01m[0m[01m/home/jorge/ros2_thesis_ws/src/f_vigs_slam/src/GSSlam.cu(1460)[0m: [01;31merror[0m: this declaration has no storage class or type specifier
[6.231s]           cv::addWeighted(residual_rgb_gray_f, 1.0, residual_depth_f, depth_weight, 0.0, error_map_cpu);
[6.232s]           ^
[6.232s] 
[6.232s] [01m[0m[01m/home/jorge/ros2_thesis_ws/src/f_vigs_slam/src/GSSlam.cu(1460)[0m: [01;31merror[0m: declaration is incompatible with [01m"void cv::addWeighted(cv::InputArray, double, cv::InputArray, double, double, cv::OutputArray, int)"[0m[32m (declared at line 507 of /usr/local/include/opencv4/opencv2/core.hpp)[0m
[6.232s]           cv::addWeighted(residual_rgb_gray_f, 1.0, residual_depth_f, depth_weight, 0.0, error_map_cpu);
[6.232s]               ^
[6.232s] 
[6.232s] [01m[0m[01m/home/jorge/ros2_thesis_ws/src/f_vigs_slam/src/GSSlam.cu(1460)[0m: [01;31merror[0m: too many initializer values
[6.232s]           cv::addWeighted(residual_rgb_gray_f, 1.0, residual_depth_f, depth_weight, 0.0, error_map_cpu);
[6.232s]                                                ^
[6.232s] 
[6.232s] [01m[0m[01m/home/jorge/ros2_thesis_ws/src/f_vigs_slam/src/GSSlam.cu(1460)[0m: [01;31merror[0m: no suitable conversion function from "cv::Mat" to "int" exists
[6.232s]           cv::addWeighted(residual_rgb_gray_f, 1.0, residual_depth_f, depth_weight, 0.0, error_map_cpu);
[6.232s]                           ^
[6.233s] 
[6.233s] [01m[0m[01m/home/jorge/ros2_thesis_ws/src/f_vigs_slam/src/GSSlam.cu(1462)[0m: [01;31merror[0m: this declaration has no storage class or type specifier
[6.233s]           error_map_gpu_.upload(error_map_cpu);
[6.233s]           ^
[6.233s] 
[6.233s] [01m[0m[01m/home/jorge/ros2_thesis_ws/src/f_vigs_slam/src/GSSlam.cu(1462)[0m: [01;31merror[0m: expected a ";"
[6.233s]           error_map_gpu_.upload(error_map_cpu);
[6.233s]                         ^
[6.233s] 
[6.233s] [01m[0m[01m/home/jorge/ros2_thesis_ws/src/f_vigs_slam/src/GSSlam.cu(1463)[0m: [01;31merror[0m: expected a declaration
[6.233s]       }
[6.234s]       ^
[6.234s] 
[6.234s] [01m[0m[01m/home/jorge/ros2_thesis_ws/src/f_vigs_slam/src/GSSlam.cu(1530)[0m: [01;31merror[0m: identifier "[01mpyr_color_[0m" is undefined
[6.234s]           int width = pyr_color_[pyr_level].cols;
[6.234s]                       ^
[6.234s] 
[6.234s] [01m[0m[01m/home/jorge/ros2_thesis_ws/src/f_vigs_slam/src/GSSlam.cu(1530)[0m: [01;31merror[0m: identifier "[01mpyr_level[0m" is undefined
[6.234s]           int width = pyr_color_[pyr_level].cols;
[6.234s]                                  ^
[6.234s] 
[6.234s] [01m[0m[01m/home/jorge/ros2_thesis_ws/src/f_vigs_slam/src/GSSlam.cu(1534)[0m: [01;31merror[0m: identifier "[01mIntrinsicParameters[0m" is undefined
[6.234s]           IntrinsicParameters level_intrinsics = intrinsics_;
[6.235s]           ^
[6.235s] 
[6.235s] [01m[0m[01m/home/jorge/ros2_thesis_ws/src/f_vigs_slam/src/GSSlam.cu(1534)[0m: [01;31merror[0m: identifier "[01mintrinsics_[0m" is undefined
[6.235s]           IntrinsicParameters level_intrinsics = intrinsics_;
[6.235s]                                                  ^
[6.235s] 
[6.235s] [01m[0m[01m/home/jorge/ros2_thesis_ws/src/f_vigs_slam/src/GSSlam.cu(1536)[0m: [01;31merror[0m: this declaration has no storage class or type specifier
[6.235s]           level_intrinsics.f.x *= scale;
[6.235s]           ^
[6.235s] 
[6.235s] [01m[0m[01m/home/jorge/ros2_thesis_ws/src/f_vigs_slam/src/GSSlam.cu(1536)[0m: [01;31merror[0m: variable [01m"level_intrinsics"[0m has already been defined
[6.235s]           level_intrinsics.f.x *= scale;
[6.235s]           ^
[6.236s] 
[6.236s] [01m[0m[01m/home/jorge/ros2_thesis_ws/src/f_vigs_slam/src/GSSlam.cu(1536)[0m: [01;31merror[0m: expected a ";"
[6.236s]           level_intrinsics.f.x *= scale;
[6.236s]                           ^
[6.236s] 
[6.236s] [01m[0m[01m/home/jorge/ros2_thesis_ws/src/f_vigs_slam/src/GSSlam.cu(1537)[0m: [01;31merror[0m: this declaration has no storage class or type specifier
[6.236s]           level_intrinsics.f.y *= scale;
[6.236s]           ^
[6.236s] 
[6.236s] Error limit reached.
[6.236s] 100 errors detected in the compilation of "/home/jorge/ros2_thesis_ws/src/f_vigs_slam/src/GSSlam.cu".
[6.236s] Compilation terminated.
[6.305s] gmake[2]: *** [CMakeFiles/GSSlam.dir/build.make:77: CMakeFiles/GSSlam.dir/src/GSSlam.cu.o] Error 4
[6.305s] gmake[2]: *** Waiting for unfinished jobs....
[26.831s] gmake[1]: *** [CMakeFiles/Makefile2:141: CMakeFiles/GSSlam.dir/all] Error 2
[26.832s] gmake: *** [Makefile:146: all] Error 2
[26.834s] Invoked command in '/home/jorge/ros2_thesis_ws/src/f_vigs_slam/build/f_vigs_slam' returned '2': CMAKE_PREFIX_PATH=${CMAKE_PREFIX_PATH}:/opt/ros/rolling /usr/bin/cmake --build /home/jorge/ros2_thesis_ws/src/f_vigs_slam/build/f_vigs_slam -- -j6 -l6
